2026-03-27 13:29:41,159 - BWAwareController - INFO - Initializing Bandwidth-Aware Network Manager...
2026-03-27 13:29:41,161 - BWAwareController - INFO -   Re-evaluation heartbeat: 0 active flows
2026-03-27 13:29:41,805 - BWAwareController - INFO - Switch connected: 4
2026-03-27 13:29:41,806 - BWAwareController - INFO - Switch connected: 2
2026-03-27 13:29:41,807 - BWAwareController - INFO - Switch connected: 1
2026-03-27 13:29:41,807 - BWAwareController - INFO - Switch connected: 3
2026-03-27 13:29:44,165 - BWAwareController - INFO -   Re-evaluation heartbeat: 0 active flows
2026-03-27 13:29:47,042 - BWAwareController - INFO -   PacketIn: 00:00:00:00:00:02 -> 00:00:00:00:00:01 on dpid=1 port=4
2026-03-27 13:29:47,043 - BWAwareController - INFO -   Analyzing 3 potential paths for 00:00:00:00:00:02 -> 00:00:00:00:00:01...
2026-03-27 13:29:47,043 - BWAwareController - INFO -     Path 1: ['s1', 's2', 's4'] | BW: 49.99 Mbps (Bottleneck: s2<->s4)
2026-03-27 13:29:47,043 - BWAwareController - INFO -     Path 2: ['s1', 's3', 's4'] | BW: 8.76 Mbps (Bottleneck: s3<->s4)
2026-03-27 13:29:47,044 - BWAwareController - INFO -     Path 3: ['s1', 's4'] | BW: 8.76 Mbps (Bottleneck: s1<->s4)
2026-03-27 13:29:47,044 - BWAwareController - INFO -   >> SELECTED: ['s1', 's2', 's4'] (Bottleneck: 49.99 Mbps on s2<->s4, Hops: 3)
2026-03-27 13:29:47,170 - BWAwareController - INFO -   Re-evaluating 1 active paths...
2026-03-27 13:29:47,198 - BWAwareController - INFO -   PacketIn: 00:00:00:00:00:05 -> 00:00:00:00:00:01 on dpid=3 port=3
2026-03-27 13:29:47,200 - BWAwareController - INFO -   Analyzing 3 potential paths for 00:00:00:00:00:05 -> 00:00:00:00:00:01...
2026-03-27 13:29:47,200 - BWAwareController - INFO -     Path 1: ['s3', 's1', 's2', 's4'] | BW: 50.00 Mbps (Bottleneck: s1<->s2)
2026-03-27 13:29:47,201 - BWAwareController - INFO -     Path 2: ['s3', 's1', 's4'] | BW: 50.00 Mbps (Bottleneck: s3<->s1)
2026-03-27 13:29:47,201 - BWAwareController - INFO -     Path 3: ['s3', 's4'] | BW: 50.00 Mbps (Bottleneck: s3<->s4)
2026-03-27 13:29:47,202 - BWAwareController - INFO -   >> SELECTED: ['s3', 's4'] (Bottleneck: 50.00 Mbps on s3<->s4, Hops: 2)
2026-03-27 13:29:47,354 - BWAwareController - INFO -   PacketIn: 00:00:00:00:00:03 -> 00:00:00:00:00:01 on dpid=1 port=5
2026-03-27 13:29:47,355 - BWAwareController - INFO -   Analyzing 3 potential paths for 00:00:00:00:00:03 -> 00:00:00:00:00:01...
2026-03-27 13:29:47,358 - BWAwareController - INFO -     Path 1: ['s1', 's2', 's4'] | BW: 50.00 Mbps (Bottleneck: s1<->s2)
2026-03-27 13:29:47,360 - BWAwareController - INFO -     Path 2: ['s1', 's3', 's4'] | BW: 50.00 Mbps (Bottleneck: s1<->s3)
2026-03-27 13:29:47,364 - BWAwareController - INFO -     Path 3: ['s1', 's4'] | BW: 50.00 Mbps (Bottleneck: s1<->s4)
2026-03-27 13:29:47,368 - BWAwareController - INFO -   >> SELECTED: ['s1', 's4'] (Bottleneck: 50.00 Mbps on s1<->s4, Hops: 2)
2026-03-27 13:29:47,411 - BWAwareController - INFO -   PacketIn: 00:00:00:00:00:04 -> 00:00:00:00:00:01 on dpid=2 port=3
2026-03-27 13:29:47,413 - BWAwareController - INFO -   Analyzing 3 potential paths for 00:00:00:00:00:04 -> 00:00:00:00:00:01...
2026-03-27 13:29:47,414 - BWAwareController - INFO -     Path 1: ['s2', 's1', 's3', 's4'] | BW: 50.00 Mbps (Bottleneck: s2<->s1)
2026-03-27 13:29:47,414 - BWAwareController - INFO -     Path 2: ['s2', 's1', 's4'] | BW: 50.00 Mbps (Bottleneck: s2<->s1)
2026-03-27 13:29:47,414 - BWAwareController - INFO -     Path 3: ['s2', 's4'] | BW: 50.00 Mbps (Bottleneck: s2<->s4)
2026-03-27 13:29:47,414 - BWAwareController - INFO -   >> SELECTED: ['s2', 's4'] (Bottleneck: 50.00 Mbps on s2<->s4, Hops: 2)
2026-03-27 13:29:50,174 - BWAwareController - INFO -   Re-evaluating 4 active paths...
2026-03-27 13:29:53,180 - BWAwareController - INFO -   Re-evaluating 4 active paths...
2026-03-27 13:29:56,192 - BWAwareController - INFO -   Re-evaluating 4 active paths...
2026-03-27 13:29:59,199 - BWAwareController - INFO -   Re-evaluating 4 active paths...
2026-03-27 13:30:02,207 - BWAwareController - INFO -   Re-evaluating 4 active paths...
2026-03-27 13:30:05,213 - BWAwareController - INFO -   Re-evaluating 4 active paths...
2026-03-27 13:30:08,218 - BWAwareController - INFO -   Re-evaluating 4 active paths...
2026-03-27 13:30:11,222 - BWAwareController - INFO -   Re-evaluating 4 active paths...
2026-03-27 13:30:14,229 - BWAwareController - INFO -   Re-evaluating 4 active paths...
2026-03-27 13:30:17,238 - BWAwareController - INFO -   Re-evaluating 4 active paths...
2026-03-27 13:30:20,251 - BWAwareController - INFO -   Re-evaluating 4 active paths...
2026-03-27 13:30:23,258 - BWAwareController - INFO -   Re-evaluating 4 active paths...
2026-03-27 13:30:26,263 - BWAwareController - INFO -   Re-evaluating 4 active paths...
2026-03-27 13:30:29,270 - BWAwareController - INFO -   Re-evaluating 4 active paths...
2026-03-27 13:30:32,278 - BWAwareController - INFO -   Re-evaluating 4 active paths...
2026-03-27 13:30:35,286 - BWAwareController - INFO -   Re-evaluating 4 active paths...
2026-03-27 13:30:38,291 - BWAwareController - INFO -   Re-evaluating 4 active paths...
2026-03-27 13:30:41,295 - BWAwareController - INFO -   Re-evaluating 4 active paths...
2026-03-27 13:30:44,298 - BWAwareController - INFO -   Re-evaluating 4 active paths...
2026-03-27 13:30:47,308 - BWAwareController - INFO -   Re-evaluating 4 active paths...
2026-03-27 13:30:50,312 - BWAwareController - INFO -   Re-evaluating 4 active paths...
2026-03-27 13:30:53,318 - BWAwareController - INFO -   Re-evaluating 4 active paths...
2026-03-27 13:30:56,323 - BWAwareController - INFO -   Re-evaluating 4 active paths...
2026-03-27 13:30:59,329 - BWAwareController - INFO -   Re-evaluating 4 active paths...
2026-03-27 13:31:02,335 - BWAwareController - INFO -   Re-evaluating 4 active paths...
2026-03-27 13:31:05,645 - BWAwareController - INFO -   Re-evaluating 4 active paths...
2026-03-27 13:31:08,652 - BWAwareController - INFO -   Re-evaluating 4 active paths...
2026-03-27 13:31:11,779 - BWAwareController - INFO -   Re-evaluating 4 active paths...
2026-03-27 13:31:14,784 - BWAwareController - INFO -   Re-evaluating 4 active paths...
2026-03-27 13:31:17,790 - BWAwareController - INFO -   Re-evaluating 4 active paths...
2026-03-27 13:31:20,795 - BWAwareController - INFO -   Re-evaluating 4 active paths...
2026-03-27 13:31:23,800 - BWAwareController - INFO -   Re-evaluating 4 active paths...
2026-03-27 13:31:26,803 - BWAwareController - INFO -   Re-evaluating 4 active paths...
2026-03-27 13:31:29,812 - BWAwareController - INFO -   Re-evaluating 4 active paths...
2026-03-27 13:31:32,821 - BWAwareController - INFO -   Re-evaluating 4 active paths...
2026-03-27 13:31:35,829 - BWAwareController - INFO -   Re-evaluating 4 active paths...
2026-03-27 13:31:38,839 - BWAwareController - INFO -   Re-evaluating 4 active paths...
2026-03-27 13:31:41,861 - BWAwareController - INFO -   Re-evaluating 4 active paths...
2026-03-27 13:31:44,873 - BWAwareController - INFO -   Re-evaluating 4 active paths...
2026-03-27 13:31:47,880 - BWAwareController - INFO -   Re-evaluating 4 active paths...
2026-03-27 13:31:50,888 - BWAwareController - INFO -   Re-evaluating 4 active paths...
2026-03-27 13:31:53,893 - BWAwareController - INFO -   Re-evaluating 4 active paths...
2026-03-27 13:31:56,897 - BWAwareController - INFO -   Re-evaluating 4 active paths...
2026-03-27 13:31:59,901 - BWAwareController - INFO -   Re-evaluating 4 active paths...
2026-03-27 13:32:02,904 - BWAwareController - INFO -   Re-evaluating 4 active paths...
2026-03-27 13:32:05,911 - BWAwareController - INFO -   Re-evaluating 4 active paths...
2026-03-27 13:32:08,918 - BWAwareController - INFO -   Re-evaluating 4 active paths...
2026-03-27 13:32:11,922 - BWAwareController - INFO -   Re-evaluating 4 active paths...
2026-03-27 13:32:14,926 - BWAwareController - INFO -   Re-evaluating 4 active paths...
2026-03-27 13:32:17,931 - BWAwareController - INFO -   Re-evaluating 4 active paths...
2026-03-27 13:32:20,936 - BWAwareController - INFO -   Re-evaluating 4 active paths...
2026-03-27 13:32:23,947 - BWAwareController - INFO -   Re-evaluating 4 active paths...
2026-03-27 13:32:26,952 - BWAwareController - INFO -   Re-evaluating 4 active paths...
2026-03-27 13:32:29,957 - BWAwareController - INFO -   Re-evaluating 4 active paths...
2026-03-27 13:32:32,962 - BWAwareController - INFO -   Re-evaluating 4 active paths...
2026-03-27 13:32:35,968 - BWAwareController - INFO -   Re-evaluating 4 active paths...
2026-03-27 13:32:38,975 - BWAwareController - INFO -   Re-evaluating 4 active paths...
2026-03-27 13:32:41,982 - BWAwareController - INFO -   Re-evaluating 4 active paths...
2026-03-27 13:32:44,988 - BWAwareController - INFO -   Re-evaluating 4 active paths...
2026-03-27 13:32:47,993 - BWAwareController - INFO -   Re-evaluating 4 active paths...
2026-03-27 13:32:50,998 - BWAwareController - INFO -   Re-evaluating 4 active paths...
2026-03-27 13:32:54,004 - BWAwareController - INFO -   Re-evaluating 4 active paths...
2026-03-27 13:32:57,016 - BWAwareController - INFO -   Re-evaluating 4 active paths...
2026-03-27 13:33:00,024 - BWAwareController - INFO -   Re-evaluating 4 active paths...
2026-03-27 13:33:03,031 - BWAwareController - INFO -   Re-evaluating 4 active paths...
2026-03-27 13:33:06,034 - BWAwareController - INFO -   Re-evaluating 4 active paths...
2026-03-27 13:33:09,038 - BWAwareController - INFO -   Re-evaluating 4 active paths...
2026-03-27 13:33:12,041 - BWAwareController - INFO -   Re-evaluating 4 active paths...
2026-03-27 13:33:15,046 - BWAwareController - INFO -   Re-evaluating 4 active paths...
2026-03-27 13:33:18,051 - BWAwareController - INFO -   Re-evaluating 4 active paths...
2026-03-27 13:33:21,062 - BWAwareController - INFO -   Re-evaluating 4 active paths...
2026-03-27 13:33:24,066 - BWAwareController - INFO -   Re-evaluating 4 active paths...
2026-03-27 13:33:27,078 - BWAwareController - INFO -   Re-evaluating 4 active paths...
2026-03-27 13:33:30,081 - BWAwareController - INFO -   Re-evaluating 4 active paths...
2026-03-27 13:33:33,084 - BWAwareController - INFO -   Re-evaluating 4 active paths...
2026-03-27 13:33:36,088 - BWAwareController - INFO -   Re-evaluating 4 active paths...
2026-03-27 13:33:39,092 - BWAwareController - INFO -   Re-evaluating 4 active paths...
2026-03-27 13:33:42,098 - BWAwareController - INFO -   Re-evaluating 4 active paths...
2026-03-27 13:33:45,106 - BWAwareController - INFO -   Re-evaluating 4 active paths...
2026-03-27 13:33:48,117 - BWAwareController - INFO -   Re-evaluating 4 active paths...
2026-03-27 13:33:51,124 - BWAwareController - INFO -   Re-evaluating 4 active paths...
2026-03-27 13:33:54,129 - BWAwareController - INFO -   Re-evaluating 4 active paths...
2026-03-27 13:33:57,136 - BWAwareController - INFO -   Re-evaluating 4 active paths...
2026-03-27 13:34:00,145 - BWAwareController - INFO -   Re-evaluating 4 active paths...
2026-03-27 13:34:03,153 - BWAwareController - INFO -   Re-evaluating 4 active paths...
2026-03-27 13:34:06,157 - BWAwareController - INFO -   Re-evaluating 4 active paths...
2026-03-27 13:34:09,160 - BWAwareController - INFO -   Re-evaluating 4 active paths...
2026-03-27 13:34:12,165 - BWAwareController - INFO -   Re-evaluating 4 active paths...
2026-03-27 13:34:15,168 - BWAwareController - INFO -   Re-evaluating 4 active paths...
2026-03-27 13:34:18,182 - BWAwareController - INFO -   Re-evaluating 4 active paths...
2026-03-27 13:34:21,188 - BWAwareController - INFO -   Re-evaluating 4 active paths...
2026-03-27 13:34:24,192 - BWAwareController - INFO -   Re-evaluating 4 active paths...
2026-03-27 13:34:27,200 - BWAwareController - INFO -   Re-evaluating 4 active paths...
2026-03-27 13:34:30,205 - BWAwareController - INFO -   Re-evaluating 4 active paths...
