2026-04-06 13:05:50,201 - BWAwareController - INFO - Initializing Bandwidth-Aware Network Manager...
2026-04-06 13:05:50,202 - BWAwareController - INFO -   Re-evaluation heartbeat: 0 active flows
2026-04-06 13:05:50,931 - BWAwareController - INFO - Switch connected: 1
2026-04-06 13:05:50,933 - BWAwareController - INFO - Switch connected: 4
2026-04-06 13:05:50,933 - BWAwareController - INFO - Switch connected: 2
2026-04-06 13:05:50,933 - BWAwareController - INFO - Switch connected: 5
2026-04-06 13:05:50,934 - BWAwareController - INFO - Switch connected: 3
2026-04-06 13:05:51,942 - BWAwareController - INFO - Switch connected: 6
2026-04-06 13:05:51,946 - BWAwareController - INFO - Switch connected: 16
2026-04-06 13:05:51,946 - BWAwareController - INFO - Switch connected: 8
2026-04-06 13:05:51,946 - BWAwareController - INFO - Switch connected: 7
2026-04-06 13:05:51,946 - BWAwareController - INFO - Switch connected: 256
2026-04-06 13:05:51,946 - BWAwareController - INFO - Switch connected: 9
2026-04-06 13:05:53,205 - BWAwareController - INFO -   Re-evaluation heartbeat: 0 active flows
2026-04-06 13:05:56,206 - BWAwareController - INFO -   Re-evaluation heartbeat: 0 active flows
2026-04-06 13:05:59,221 - BWAwareController - INFO -   Re-evaluation heartbeat: 0 active flows
2026-04-06 13:05:59,485 - BWAwareController - INFO -   PacketIn: 00:00:00:00:00:04 -> 00:00:00:00:00:01 on dpid=8 port=3
2026-04-06 13:05:59,486 - BWAwareController - INFO -   Analyzing 8 potential paths for 00:00:00:00:00:04 -> 00:00:00:00:00:01...
2026-04-06 13:05:59,486 - BWAwareController - INFO -     Path 1: ['s8', 's3', 's1', 'core1', 's2'] | BW: 100.00 Mbps (Bottleneck: s8<->s3)
2026-04-06 13:05:59,486 - BWAwareController - INFO -     Path 2: ['s8', 's3', 's1', 's5', 's9', 's6', 's2'] | BW: 2.00 Mbps (Bottleneck: s6<->s2)
2026-04-06 13:05:59,486 - BWAwareController - INFO -     Path 3: ['s8', 's3', 's1', 's5', 's10', 's6', 's2'] | BW: 2.00 Mbps (Bottleneck: s6<->s2)
2026-04-06 13:05:59,486 - BWAwareController - INFO -     Path 4: ['s8', 's3', 's7', 's4', 's2'] | BW: 2.00 Mbps (Bottleneck: s4<->s2)
2026-04-06 13:05:59,486 - BWAwareController - INFO -     Path 5: ['s8', 's4', 's7', 's3', 's1', 'core1', 's2'] | BW: 100.00 Mbps (Bottleneck: s8<->s4)
2026-04-06 13:05:59,486 - BWAwareController - INFO -     Path 6: ['s8', 's4', 's7', 's3', 's1', 's5', 's9', 's6', 's2'] | BW: 2.00 Mbps (Bottleneck: s6<->s2)
2026-04-06 13:05:59,486 - BWAwareController - INFO -     Path 7: ['s8', 's4', 's7', 's3', 's1', 's5', 's10', 's6', 's2'] | BW: 2.00 Mbps (Bottleneck: s6<->s2)
2026-04-06 13:05:59,486 - BWAwareController - INFO -     Path 8: ['s8', 's4', 's2'] | BW: 2.00 Mbps (Bottleneck: s4<->s2)
2026-04-06 13:05:59,486 - BWAwareController - INFO -   >> SELECTED: ['s8', 's3', 's1', 'core1', 's2'] (Bottleneck: 100.00 Mbps on s8<->s3, Hops: 5)
2026-04-06 13:05:59,490 - BWAwareController - INFO -   PacketIn: 00:00:00:00:00:06 -> 00:00:00:00:00:01 on dpid=9 port=3
2026-04-06 13:05:59,491 - BWAwareController - INFO -   Analyzing 8 potential paths for 00:00:00:00:00:06 -> 00:00:00:00:00:01...
2026-04-06 13:05:59,491 - BWAwareController - INFO -     Path 1: ['s9', 's5', 's1', 'core1', 's2'] | BW: 100.00 Mbps (Bottleneck: s9<->s5)
2026-04-06 13:05:59,491 - BWAwareController - INFO -     Path 2: ['s9', 's5', 's1', 's3', 's7', 's4', 's2'] | BW: 2.00 Mbps (Bottleneck: s4<->s2)
2026-04-06 13:05:59,491 - BWAwareController - INFO -     Path 3: ['s9', 's5', 's1', 's3', 's8', 's4', 's2'] | BW: 2.00 Mbps (Bottleneck: s4<->s2)
2026-04-06 13:05:59,491 - BWAwareController - INFO -     Path 4: ['s9', 's5', 's10', 's6', 's2'] | BW: 2.00 Mbps (Bottleneck: s6<->s2)
2026-04-06 13:05:59,491 - BWAwareController - INFO -     Path 5: ['s9', 's6', 's10', 's5', 's1', 'core1', 's2'] | BW: 100.00 Mbps (Bottleneck: s9<->s6)
2026-04-06 13:05:59,492 - BWAwareController - INFO -     Path 6: ['s9', 's6', 's10', 's5', 's1', 's3', 's7', 's4', 's2'] | BW: 2.00 Mbps (Bottleneck: s4<->s2)
2026-04-06 13:05:59,492 - BWAwareController - INFO -     Path 7: ['s9', 's6', 's10', 's5', 's1', 's3', 's8', 's4', 's2'] | BW: 2.00 Mbps (Bottleneck: s4<->s2)
2026-04-06 13:05:59,492 - BWAwareController - INFO -     Path 8: ['s9', 's6', 's2'] | BW: 2.00 Mbps (Bottleneck: s6<->s2)
2026-04-06 13:05:59,492 - BWAwareController - INFO -   >> SELECTED: ['s9', 's5', 's1', 'core1', 's2'] (Bottleneck: 100.00 Mbps on s9<->s5, Hops: 5)
2026-04-06 13:05:59,505 - BWAwareController - INFO -   PacketIn: 00:00:00:00:00:03 -> 00:00:00:00:00:01 on dpid=7 port=4
2026-04-06 13:05:59,506 - BWAwareController - INFO -   Analyzing 8 potential paths for 00:00:00:00:00:03 -> 00:00:00:00:00:01...
2026-04-06 13:05:59,506 - BWAwareController - INFO -     Path 1: ['s7', 's3', 's1', 'core1', 's2'] | BW: 100.00 Mbps (Bottleneck: s7<->s3)
2026-04-06 13:05:59,506 - BWAwareController - INFO -     Path 2: ['s7', 's3', 's1', 's5', 's9', 's6', 's2'] | BW: 2.00 Mbps (Bottleneck: s6<->s2)
2026-04-06 13:05:59,506 - BWAwareController - INFO -     Path 3: ['s7', 's3', 's1', 's5', 's10', 's6', 's2'] | BW: 2.00 Mbps (Bottleneck: s6<->s2)
2026-04-06 13:05:59,506 - BWAwareController - INFO -     Path 4: ['s7', 's3', 's8', 's4', 's2'] | BW: 2.00 Mbps (Bottleneck: s4<->s2)
2026-04-06 13:05:59,506 - BWAwareController - INFO -     Path 5: ['s7', 's4', 's8', 's3', 's1', 'core1', 's2'] | BW: 100.00 Mbps (Bottleneck: s7<->s4)
2026-04-06 13:05:59,506 - BWAwareController - INFO -     Path 6: ['s7', 's4', 's8', 's3', 's1', 's5', 's9', 's6', 's2'] | BW: 2.00 Mbps (Bottleneck: s6<->s2)
2026-04-06 13:05:59,506 - BWAwareController - INFO -     Path 7: ['s7', 's4', 's8', 's3', 's1', 's5', 's10', 's6', 's2'] | BW: 2.00 Mbps (Bottleneck: s6<->s2)
2026-04-06 13:05:59,507 - BWAwareController - INFO -     Path 8: ['s7', 's4', 's2'] | BW: 2.00 Mbps (Bottleneck: s4<->s2)
2026-04-06 13:05:59,507 - BWAwareController - INFO -   >> SELECTED: ['s7', 's3', 's1', 'core1', 's2'] (Bottleneck: 100.00 Mbps on s7<->s3, Hops: 5)
2026-04-06 13:05:59,510 - BWAwareController - INFO -   PacketIn: 00:00:00:00:00:02 -> 00:00:00:00:00:01 on dpid=7 port=3
2026-04-06 13:05:59,510 - BWAwareController - INFO -   Analyzing 8 potential paths for 00:00:00:00:00:02 -> 00:00:00:00:00:01...
2026-04-06 13:05:59,510 - BWAwareController - INFO -     Path 1: ['s7', 's3', 's1', 'core1', 's2'] | BW: 100.00 Mbps (Bottleneck: s7<->s3)
2026-04-06 13:05:59,511 - BWAwareController - INFO -     Path 2: ['s7', 's3', 's1', 's5', 's9', 's6', 's2'] | BW: 2.00 Mbps (Bottleneck: s6<->s2)
2026-04-06 13:05:59,511 - BWAwareController - INFO -     Path 3: ['s7', 's3', 's1', 's5', 's10', 's6', 's2'] | BW: 2.00 Mbps (Bottleneck: s6<->s2)
2026-04-06 13:05:59,511 - BWAwareController - INFO -     Path 4: ['s7', 's3', 's8', 's4', 's2'] | BW: 2.00 Mbps (Bottleneck: s4<->s2)
2026-04-06 13:05:59,511 - BWAwareController - INFO -     Path 5: ['s7', 's4', 's8', 's3', 's1', 'core1', 's2'] | BW: 100.00 Mbps (Bottleneck: s7<->s4)
2026-04-06 13:05:59,511 - BWAwareController - INFO -     Path 6: ['s7', 's4', 's8', 's3', 's1', 's5', 's9', 's6', 's2'] | BW: 2.00 Mbps (Bottleneck: s6<->s2)
2026-04-06 13:05:59,511 - BWAwareController - INFO -     Path 7: ['s7', 's4', 's8', 's3', 's1', 's5', 's10', 's6', 's2'] | BW: 2.00 Mbps (Bottleneck: s6<->s2)
2026-04-06 13:05:59,511 - BWAwareController - INFO -     Path 8: ['s7', 's4', 's2'] | BW: 2.00 Mbps (Bottleneck: s4<->s2)
2026-04-06 13:05:59,511 - BWAwareController - INFO -   >> SELECTED: ['s7', 's3', 's1', 'core1', 's2'] (Bottleneck: 100.00 Mbps on s7<->s3, Hops: 5)
2026-04-06 13:05:59,617 - BWAwareController - INFO -   PacketIn: 00:00:00:00:00:09 -> 00:00:00:00:00:01 on dpid=16 port=4
2026-04-06 13:05:59,617 - BWAwareController - INFO -   Analyzing 8 potential paths for 00:00:00:00:00:09 -> 00:00:00:00:00:01...
2026-04-06 13:05:59,618 - BWAwareController - INFO -     Path 1: ['s10', 's5', 's1', 'core1', 's2'] | BW: 100.00 Mbps (Bottleneck: s10<->s5)
2026-04-06 13:05:59,619 - BWAwareController - INFO -     Path 2: ['s10', 's5', 's1', 's3', 's7', 's4', 's2'] | BW: 2.00 Mbps (Bottleneck: s4<->s2)
2026-04-06 13:05:59,619 - BWAwareController - INFO -     Path 3: ['s10', 's5', 's1', 's3', 's8', 's4', 's2'] | BW: 2.00 Mbps (Bottleneck: s4<->s2)
2026-04-06 13:05:59,619 - BWAwareController - INFO -     Path 4: ['s10', 's5', 's9', 's6', 's2'] | BW: 2.00 Mbps (Bottleneck: s6<->s2)
2026-04-06 13:05:59,619 - BWAwareController - INFO -     Path 5: ['s10', 's6', 's9', 's5', 's1', 'core1', 's2'] | BW: 100.00 Mbps (Bottleneck: s10<->s6)
2026-04-06 13:05:59,619 - BWAwareController - INFO -     Path 6: ['s10', 's6', 's9', 's5', 's1', 's3', 's7', 's4', 's2'] | BW: 2.00 Mbps (Bottleneck: s4<->s2)
2026-04-06 13:05:59,619 - BWAwareController - INFO -     Path 7: ['s10', 's6', 's9', 's5', 's1', 's3', 's8', 's4', 's2'] | BW: 2.00 Mbps (Bottleneck: s4<->s2)
2026-04-06 13:05:59,620 - BWAwareController - INFO -     Path 8: ['s10', 's6', 's2'] | BW: 2.00 Mbps (Bottleneck: s6<->s2)
2026-04-06 13:05:59,620 - BWAwareController - INFO -   >> SELECTED: ['s10', 's5', 's1', 'core1', 's2'] (Bottleneck: 100.00 Mbps on s10<->s5, Hops: 5)
2026-04-06 13:05:59,660 - BWAwareController - INFO -   PacketIn: 00:00:00:00:00:07 -> 00:00:00:00:00:01 on dpid=9 port=4
2026-04-06 13:05:59,660 - BWAwareController - INFO -   Analyzing 8 potential paths for 00:00:00:00:00:07 -> 00:00:00:00:00:01...
2026-04-06 13:05:59,660 - BWAwareController - INFO -     Path 1: ['s9', 's5', 's1', 'core1', 's2'] | BW: 100.00 Mbps (Bottleneck: s9<->s5)
2026-04-06 13:05:59,661 - BWAwareController - INFO -     Path 2: ['s9', 's5', 's1', 's3', 's7', 's4', 's2'] | BW: 2.00 Mbps (Bottleneck: s4<->s2)
2026-04-06 13:05:59,661 - BWAwareController - INFO -     Path 3: ['s9', 's5', 's1', 's3', 's8', 's4', 's2'] | BW: 2.00 Mbps (Bottleneck: s4<->s2)
2026-04-06 13:05:59,661 - BWAwareController - INFO -     Path 4: ['s9', 's5', 's10', 's6', 's2'] | BW: 2.00 Mbps (Bottleneck: s6<->s2)
2026-04-06 13:05:59,661 - BWAwareController - INFO -     Path 5: ['s9', 's6', 's10', 's5', 's1', 'core1', 's2'] | BW: 100.00 Mbps (Bottleneck: s9<->s6)
2026-04-06 13:05:59,661 - BWAwareController - INFO -     Path 6: ['s9', 's6', 's10', 's5', 's1', 's3', 's7', 's4', 's2'] | BW: 2.00 Mbps (Bottleneck: s4<->s2)
2026-04-06 13:05:59,661 - BWAwareController - INFO -     Path 7: ['s9', 's6', 's10', 's5', 's1', 's3', 's8', 's4', 's2'] | BW: 2.00 Mbps (Bottleneck: s4<->s2)
2026-04-06 13:05:59,661 - BWAwareController - INFO -     Path 8: ['s9', 's6', 's2'] | BW: 2.00 Mbps (Bottleneck: s6<->s2)
2026-04-06 13:05:59,661 - BWAwareController - INFO -   >> SELECTED: ['s9', 's5', 's1', 'core1', 's2'] (Bottleneck: 100.00 Mbps on s9<->s5, Hops: 5)
2026-04-06 13:05:59,674 - BWAwareController - INFO -   PacketIn: 00:00:00:00:00:05 -> 00:00:00:00:00:01 on dpid=8 port=4
2026-04-06 13:05:59,675 - BWAwareController - INFO -   Analyzing 8 potential paths for 00:00:00:00:00:05 -> 00:00:00:00:00:01...
2026-04-06 13:05:59,675 - BWAwareController - INFO -     Path 1: ['s8', 's3', 's1', 'core1', 's2'] | BW: 100.00 Mbps (Bottleneck: s8<->s3)
2026-04-06 13:05:59,675 - BWAwareController - INFO -     Path 2: ['s8', 's3', 's1', 's5', 's9', 's6', 's2'] | BW: 2.00 Mbps (Bottleneck: s6<->s2)
2026-04-06 13:05:59,675 - BWAwareController - INFO -     Path 3: ['s8', 's3', 's1', 's5', 's10', 's6', 's2'] | BW: 2.00 Mbps (Bottleneck: s6<->s2)
2026-04-06 13:05:59,675 - BWAwareController - INFO -     Path 4: ['s8', 's3', 's7', 's4', 's2'] | BW: 2.00 Mbps (Bottleneck: s4<->s2)
2026-04-06 13:05:59,675 - BWAwareController - INFO -     Path 5: ['s8', 's4', 's7', 's3', 's1', 'core1', 's2'] | BW: 100.00 Mbps (Bottleneck: s8<->s4)
2026-04-06 13:05:59,675 - BWAwareController - INFO -     Path 6: ['s8', 's4', 's7', 's3', 's1', 's5', 's9', 's6', 's2'] | BW: 2.00 Mbps (Bottleneck: s6<->s2)
2026-04-06 13:05:59,675 - BWAwareController - INFO -     Path 7: ['s8', 's4', 's7', 's3', 's1', 's5', 's10', 's6', 's2'] | BW: 2.00 Mbps (Bottleneck: s6<->s2)
2026-04-06 13:05:59,675 - BWAwareController - INFO -     Path 8: ['s8', 's4', 's2'] | BW: 2.00 Mbps (Bottleneck: s4<->s2)
2026-04-06 13:05:59,675 - BWAwareController - INFO -   >> SELECTED: ['s8', 's3', 's1', 'core1', 's2'] (Bottleneck: 100.00 Mbps on s8<->s3, Hops: 5)
2026-04-06 13:05:59,796 - BWAwareController - INFO -   PacketIn: 00:00:00:00:00:08 -> 00:00:00:00:00:01 on dpid=16 port=3
2026-04-06 13:05:59,796 - BWAwareController - INFO -   Analyzing 8 potential paths for 00:00:00:00:00:08 -> 00:00:00:00:00:01...
2026-04-06 13:05:59,797 - BWAwareController - INFO -     Path 1: ['s10', 's5', 's1', 'core1', 's2'] | BW: 100.00 Mbps (Bottleneck: s10<->s5)
2026-04-06 13:05:59,797 - BWAwareController - INFO -     Path 2: ['s10', 's5', 's1', 's3', 's7', 's4', 's2'] | BW: 2.00 Mbps (Bottleneck: s4<->s2)
2026-04-06 13:05:59,797 - BWAwareController - INFO -     Path 3: ['s10', 's5', 's1', 's3', 's8', 's4', 's2'] | BW: 2.00 Mbps (Bottleneck: s4<->s2)
2026-04-06 13:05:59,797 - BWAwareController - INFO -     Path 4: ['s10', 's5', 's9', 's6', 's2'] | BW: 2.00 Mbps (Bottleneck: s6<->s2)
2026-04-06 13:05:59,797 - BWAwareController - INFO -     Path 5: ['s10', 's6', 's9', 's5', 's1', 'core1', 's2'] | BW: 100.00 Mbps (Bottleneck: s10<->s6)
2026-04-06 13:05:59,797 - BWAwareController - INFO -     Path 6: ['s10', 's6', 's9', 's5', 's1', 's3', 's7', 's4', 's2'] | BW: 2.00 Mbps (Bottleneck: s4<->s2)
2026-04-06 13:05:59,797 - BWAwareController - INFO -     Path 7: ['s10', 's6', 's9', 's5', 's1', 's3', 's8', 's4', 's2'] | BW: 2.00 Mbps (Bottleneck: s4<->s2)
2026-04-06 13:05:59,797 - BWAwareController - INFO -     Path 8: ['s10', 's6', 's2'] | BW: 2.00 Mbps (Bottleneck: s6<->s2)
2026-04-06 13:05:59,797 - BWAwareController - INFO -   >> SELECTED: ['s10', 's5', 's1', 'core1', 's2'] (Bottleneck: 100.00 Mbps on s10<->s5, Hops: 5)
2026-04-06 13:06:02,223 - BWAwareController - INFO -   Re-evaluating 8 active paths...
2026-04-06 13:06:05,234 - BWAwareController - INFO -   Re-evaluating 8 active paths...
2026-04-06 13:06:08,241 - BWAwareController - INFO -   Re-evaluating 8 active paths...
2026-04-06 13:06:11,249 - BWAwareController - INFO -   Re-evaluating 8 active paths...
2026-04-06 13:06:14,257 - BWAwareController - INFO -   Re-evaluating 8 active paths...
2026-04-06 13:06:17,269 - BWAwareController - INFO -   Re-evaluating 8 active paths...
2026-04-06 13:06:20,281 - BWAwareController - INFO -   Re-evaluating 8 active paths...
2026-04-06 13:06:23,291 - BWAwareController - INFO -   Re-evaluating 8 active paths...
2026-04-06 13:06:26,299 - BWAwareController - INFO -   Re-evaluating 8 active paths...
2026-04-06 13:06:29,310 - BWAwareController - INFO -   Re-evaluating 8 active paths...
2026-04-06 13:06:32,315 - BWAwareController - INFO -   Re-evaluating 8 active paths...
2026-04-06 13:06:35,320 - BWAwareController - INFO -   Re-evaluating 8 active paths...
2026-04-06 13:06:38,326 - BWAwareController - INFO -   Re-evaluating 8 active paths...
2026-04-06 13:06:41,331 - BWAwareController - INFO -   Re-evaluating 8 active paths...
2026-04-06 13:06:44,337 - BWAwareController - INFO -   Re-evaluating 8 active paths...
2026-04-06 13:06:47,343 - BWAwareController - INFO -   Re-evaluating 8 active paths...
2026-04-06 13:06:50,349 - BWAwareController - INFO -   Re-evaluating 8 active paths...
2026-04-06 13:06:53,354 - BWAwareController - INFO -   Re-evaluating 8 active paths...
2026-04-06 13:06:56,360 - BWAwareController - INFO -   Re-evaluating 8 active paths...
2026-04-06 13:06:59,366 - BWAwareController - INFO -   Re-evaluating 8 active paths...
2026-04-06 13:07:02,374 - BWAwareController - INFO -   Re-evaluating 8 active paths...
2026-04-06 13:07:05,380 - BWAwareController - INFO -   Re-evaluating 8 active paths...
2026-04-06 13:07:08,386 - BWAwareController - INFO -   Re-evaluating 8 active paths...
2026-04-06 13:07:11,391 - BWAwareController - INFO -   Re-evaluating 8 active paths...
2026-04-06 13:07:14,397 - BWAwareController - INFO -   Re-evaluating 8 active paths...
2026-04-06 13:07:17,402 - BWAwareController - INFO -   Re-evaluating 8 active paths...
2026-04-06 13:07:20,407 - BWAwareController - INFO -   Re-evaluating 8 active paths...
2026-04-06 13:07:23,413 - BWAwareController - INFO -   Re-evaluating 8 active paths...
2026-04-06 13:07:26,419 - BWAwareController - INFO -   Re-evaluating 8 active paths...
2026-04-06 13:07:29,424 - BWAwareController - INFO -   Re-evaluating 8 active paths...
2026-04-06 13:07:32,433 - BWAwareController - INFO -   Re-evaluating 8 active paths...
2026-04-06 13:07:35,439 - BWAwareController - INFO -   Re-evaluating 8 active paths...
2026-04-06 13:07:38,444 - BWAwareController - INFO -   Re-evaluating 8 active paths...
2026-04-06 13:07:41,450 - BWAwareController - INFO -   Re-evaluating 8 active paths...
2026-04-06 13:07:44,455 - BWAwareController - INFO -   Re-evaluating 8 active paths...
2026-04-06 13:07:47,461 - BWAwareController - INFO -   Re-evaluating 8 active paths...
2026-04-06 13:07:50,466 - BWAwareController - INFO -   Re-evaluating 8 active paths...
2026-04-06 13:07:53,471 - BWAwareController - INFO -   Re-evaluating 8 active paths...
2026-04-06 13:07:56,476 - BWAwareController - INFO -   Re-evaluating 8 active paths...
2026-04-06 13:07:59,482 - BWAwareController - INFO -   Re-evaluating 8 active paths...
2026-04-06 13:08:02,488 - BWAwareController - INFO -   Re-evaluating 8 active paths...
2026-04-06 13:08:05,493 - BWAwareController - INFO -   Re-evaluating 8 active paths...
2026-04-06 13:08:08,499 - BWAwareController - INFO -   Re-evaluating 8 active paths...
2026-04-06 13:08:11,504 - BWAwareController - INFO -   Re-evaluating 8 active paths...
2026-04-06 13:08:14,510 - BWAwareController - INFO -   Re-evaluating 8 active paths...
2026-04-06 13:08:17,515 - BWAwareController - INFO -   Re-evaluating 8 active paths...
2026-04-06 13:08:20,520 - BWAwareController - INFO -   Re-evaluating 8 active paths...
2026-04-06 13:08:23,525 - BWAwareController - INFO -   Re-evaluating 8 active paths...
2026-04-06 13:08:26,530 - BWAwareController - INFO -   Re-evaluating 8 active paths...
2026-04-06 13:08:29,536 - BWAwareController - INFO -   Re-evaluating 8 active paths...
2026-04-06 13:08:32,541 - BWAwareController - INFO -   Re-evaluating 8 active paths...
2026-04-06 13:08:35,546 - BWAwareController - INFO -   Re-evaluating 8 active paths...
2026-04-06 13:08:38,552 - BWAwareController - INFO -   Re-evaluating 8 active paths...
2026-04-06 13:08:41,558 - BWAwareController - INFO -   Re-evaluating 8 active paths...
2026-04-06 13:08:44,563 - BWAwareController - INFO -   Re-evaluating 8 active paths...
2026-04-06 13:08:47,568 - BWAwareController - INFO -   Re-evaluating 8 active paths...
2026-04-06 13:08:50,574 - BWAwareController - INFO -   Re-evaluating 8 active paths...
2026-04-06 13:08:53,580 - BWAwareController - INFO -   Re-evaluating 8 active paths...
2026-04-06 13:08:56,586 - BWAwareController - INFO -   Re-evaluating 8 active paths...
2026-04-06 13:08:59,592 - BWAwareController - INFO -   Re-evaluating 8 active paths...
2026-04-06 13:09:02,598 - BWAwareController - INFO -   Re-evaluating 8 active paths...
2026-04-06 13:09:05,604 - BWAwareController - INFO -   Re-evaluating 8 active paths...
2026-04-06 13:09:08,610 - BWAwareController - INFO -   Re-evaluating 8 active paths...
2026-04-06 13:09:11,621 - BWAwareController - INFO -   Re-evaluating 8 active paths...
2026-04-06 13:09:14,633 - BWAwareController - INFO -   Re-evaluating 8 active paths...
2026-04-06 13:09:17,644 - BWAwareController - INFO -   Re-evaluating 8 active paths...
2026-04-06 13:09:20,655 - BWAwareController - INFO -   Re-evaluating 8 active paths...
2026-04-06 13:09:23,665 - BWAwareController - INFO -   Re-evaluating 8 active paths...
2026-04-06 13:09:26,673 - BWAwareController - INFO -   Re-evaluating 8 active paths...
2026-04-06 13:09:29,681 - BWAwareController - INFO -   Re-evaluating 8 active paths...
2026-04-06 13:09:32,689 - BWAwareController - INFO -   Re-evaluating 8 active paths...
2026-04-06 13:09:35,700 - BWAwareController - INFO -   Re-evaluating 8 active paths...
2026-04-06 13:09:38,710 - BWAwareController - INFO -   Re-evaluating 8 active paths...
2026-04-06 13:09:41,720 - BWAwareController - INFO -   Re-evaluating 8 active paths...
2026-04-06 13:09:44,729 - BWAwareController - INFO -   Re-evaluating 8 active paths...
2026-04-06 13:09:47,736 - BWAwareController - INFO -   Re-evaluating 8 active paths...
2026-04-06 13:09:50,746 - BWAwareController - INFO -   Re-evaluating 8 active paths...
2026-04-06 13:09:53,756 - BWAwareController - INFO -   Re-evaluating 8 active paths...
2026-04-06 13:09:56,768 - BWAwareController - INFO -   Re-evaluating 8 active paths...
2026-04-06 13:09:59,772 - BWAwareController - INFO -   Re-evaluating 8 active paths...
2026-04-06 13:10:02,776 - BWAwareController - INFO -   Re-evaluating 8 active paths...
2026-04-06 13:10:05,780 - BWAwareController - INFO -   Re-evaluating 8 active paths...
2026-04-06 13:10:08,790 - BWAwareController - INFO -   Re-evaluating 8 active paths...
2026-04-06 13:10:11,794 - BWAwareController - INFO -   Re-evaluating 8 active paths...
2026-04-06 13:10:14,799 - BWAwareController - INFO -   Re-evaluating 8 active paths...
2026-04-06 13:10:17,803 - BWAwareController - INFO -   Re-evaluating 8 active paths...
2026-04-06 13:10:20,809 - BWAwareController - INFO -   Re-evaluating 8 active paths...
2026-04-06 13:10:23,820 - BWAwareController - INFO -   Re-evaluating 8 active paths...
2026-04-06 13:10:26,831 - BWAwareController - INFO -   Re-evaluating 8 active paths...
2026-04-06 13:10:29,837 - BWAwareController - INFO -   Re-evaluating 8 active paths...
2026-04-06 13:10:32,849 - BWAwareController - INFO -   Re-evaluating 8 active paths...
2026-04-06 13:10:35,853 - BWAwareController - INFO -   Re-evaluating 8 active paths...
2026-04-06 13:10:38,869 - BWAwareController - INFO -   Re-evaluating 8 active paths...
2026-04-06 13:10:41,877 - BWAwareController - INFO -   Re-evaluating 8 active paths...
2026-04-06 13:10:44,883 - BWAwareController - INFO -   Re-evaluating 8 active paths...
2026-04-06 13:10:47,889 - BWAwareController - INFO -   Re-evaluating 8 active paths...
2026-04-06 13:10:50,894 - BWAwareController - INFO -   Re-evaluating 8 active paths...
2026-04-06 13:10:53,899 - BWAwareController - INFO -   Re-evaluating 8 active paths...
2026-04-06 13:10:56,903 - BWAwareController - INFO -   Re-evaluating 8 active paths...
2026-04-06 13:10:59,909 - BWAwareController - INFO -   Re-evaluating 8 active paths...
2026-04-06 13:11:02,914 - BWAwareController - INFO -   Re-evaluating 8 active paths...
2026-04-06 13:11:05,919 - BWAwareController - INFO -   Re-evaluating 8 active paths...
2026-04-06 13:11:08,925 - BWAwareController - INFO -   Re-evaluating 8 active paths...
2026-04-06 13:11:11,931 - BWAwareController - INFO -   Re-evaluating 8 active paths...
2026-04-06 13:11:14,936 - BWAwareController - INFO -   Re-evaluating 8 active paths...
2026-04-06 13:11:17,942 - BWAwareController - INFO -   Re-evaluating 8 active paths...
2026-04-06 13:11:20,948 - BWAwareController - INFO -   Re-evaluating 8 active paths...
2026-04-06 13:11:23,954 - BWAwareController - INFO -   Re-evaluating 8 active paths...
2026-04-06 13:11:26,968 - BWAwareController - INFO -   Re-evaluating 8 active paths...
2026-04-06 13:11:29,992 - BWAwareController - INFO -   Re-evaluating 8 active paths...
2026-04-06 13:11:32,998 - BWAwareController - INFO -   Re-evaluating 8 active paths...
2026-04-06 13:11:36,003 - BWAwareController - INFO -   Re-evaluating 8 active paths...
2026-04-06 13:11:39,009 - BWAwareController - INFO -   Re-evaluating 8 active paths...
2026-04-06 13:11:42,015 - BWAwareController - INFO -   Re-evaluating 8 active paths...
2026-04-06 13:11:45,021 - BWAwareController - INFO -   Re-evaluating 8 active paths...
2026-04-06 13:11:48,036 - BWAwareController - INFO -   Re-evaluating 8 active paths...
2026-04-06 13:11:51,042 - BWAwareController - INFO -   Re-evaluating 8 active paths...
2026-04-06 13:11:54,054 - BWAwareController - INFO -   Re-evaluating 8 active paths...
2026-04-06 13:11:57,060 - BWAwareController - INFO -   Re-evaluating 8 active paths...
2026-04-06 13:12:00,066 - BWAwareController - INFO -   Re-evaluating 8 active paths...
2026-04-06 13:12:03,071 - BWAwareController - INFO -   Re-evaluating 8 active paths...
2026-04-06 13:12:06,077 - BWAwareController - INFO -   Re-evaluating 8 active paths...
2026-04-06 13:12:09,082 - BWAwareController - INFO -   Re-evaluating 8 active paths...
2026-04-06 13:12:12,088 - BWAwareController - INFO -   Re-evaluating 8 active paths...
2026-04-06 13:12:15,094 - BWAwareController - INFO -   Re-evaluating 8 active paths...
2026-04-06 13:12:18,099 - BWAwareController - INFO -   Re-evaluating 8 active paths...
2026-04-06 13:12:21,104 - BWAwareController - INFO -   Re-evaluating 8 active paths...
2026-04-06 13:12:24,109 - BWAwareController - INFO -   Re-evaluating 8 active paths...
2026-04-06 13:12:27,115 - BWAwareController - INFO -   Re-evaluating 8 active paths...
2026-04-06 13:12:30,120 - BWAwareController - INFO -   Re-evaluating 8 active paths...
2026-04-06 13:12:33,126 - BWAwareController - INFO -   Re-evaluating 8 active paths...
2026-04-06 13:12:36,132 - BWAwareController - INFO -   Re-evaluating 8 active paths...
2026-04-06 13:12:39,138 - BWAwareController - INFO -   Re-evaluating 8 active paths...
2026-04-06 13:12:42,144 - BWAwareController - INFO -   Re-evaluating 8 active paths...
2026-04-06 13:12:45,150 - BWAwareController - INFO -   Re-evaluating 8 active paths...
2026-04-06 13:12:48,155 - BWAwareController - INFO -   Re-evaluating 8 active paths...
2026-04-06 13:12:51,161 - BWAwareController - INFO -   Re-evaluating 8 active paths...
2026-04-06 13:12:54,166 - BWAwareController - INFO -   Re-evaluating 8 active paths...
2026-04-06 13:12:57,171 - BWAwareController - INFO -   Re-evaluating 8 active paths...
2026-04-06 13:13:00,176 - BWAwareController - INFO -   Re-evaluating 8 active paths...
2026-04-06 13:13:03,182 - BWAwareController - INFO -   Re-evaluating 8 active paths...
2026-04-06 13:13:06,188 - BWAwareController - INFO -   Re-evaluating 8 active paths...
2026-04-06 13:13:09,194 - BWAwareController - INFO -   Re-evaluating 8 active paths...
2026-04-06 13:13:12,200 - BWAwareController - INFO -   Re-evaluating 8 active paths...
2026-04-06 13:13:15,206 - BWAwareController - INFO -   Re-evaluating 8 active paths...
2026-04-06 13:13:18,211 - BWAwareController - INFO -   Re-evaluating 8 active paths...
2026-04-06 13:13:21,221 - BWAwareController - INFO -   Re-evaluating 8 active paths...
2026-04-06 13:13:24,235 - BWAwareController - INFO -   Re-evaluating 8 active paths...
2026-04-06 13:13:27,244 - BWAwareController - INFO -   Re-evaluating 8 active paths...
2026-04-06 13:13:30,256 - BWAwareController - INFO -   Re-evaluating 8 active paths...
2026-04-06 13:13:33,264 - BWAwareController - INFO -   Re-evaluating 8 active paths...
2026-04-06 13:13:36,275 - BWAwareController - INFO -   Re-evaluating 8 active paths...
2026-04-06 13:13:39,279 - BWAwareController - INFO -   Re-evaluating 8 active paths...
2026-04-06 13:13:42,285 - BWAwareController - INFO -   Re-evaluating 8 active paths...
2026-04-06 13:13:45,295 - BWAwareController - INFO -   Re-evaluating 8 active paths...
2026-04-06 13:13:48,305 - BWAwareController - INFO -   Re-evaluating 8 active paths...
2026-04-06 13:13:51,315 - BWAwareController - INFO -   Re-evaluating 8 active paths...
2026-04-06 13:13:54,326 - BWAwareController - INFO -   Re-evaluating 8 active paths...
2026-04-06 13:13:57,337 - BWAwareController - INFO -   Re-evaluating 8 active paths...
2026-04-06 13:14:00,345 - BWAwareController - INFO -   Re-evaluating 8 active paths...
2026-04-06 13:14:03,356 - BWAwareController - INFO -   Re-evaluating 8 active paths...
2026-04-06 13:14:06,360 - BWAwareController - INFO -   Re-evaluating 8 active paths...
2026-04-06 13:14:09,364 - BWAwareController - INFO -   Re-evaluating 8 active paths...
2026-04-06 13:14:12,369 - BWAwareController - INFO -   Re-evaluating 8 active paths...
2026-04-06 13:14:15,373 - BWAwareController - INFO -   Re-evaluating 8 active paths...
2026-04-06 13:14:18,384 - BWAwareController - INFO -   Re-evaluating 8 active paths...
2026-04-06 13:14:21,394 - BWAwareController - INFO -   Re-evaluating 8 active paths...
2026-04-06 13:14:24,406 - BWAwareController - INFO -   Re-evaluating 8 active paths...
2026-04-06 13:14:27,419 - BWAwareController - INFO -   Re-evaluating 8 active paths...
2026-04-06 13:14:30,430 - BWAwareController - INFO -   Re-evaluating 8 active paths...
2026-04-06 13:14:33,440 - BWAwareController - INFO -   Re-evaluating 8 active paths...
2026-04-06 13:14:36,451 - BWAwareController - INFO -   Re-evaluating 8 active paths...
2026-04-06 13:14:39,462 - BWAwareController - INFO -   Re-evaluating 8 active paths...
2026-04-06 13:14:42,470 - BWAwareController - INFO -   Re-evaluating 8 active paths...
2026-04-06 13:14:45,476 - BWAwareController - INFO -   Re-evaluating 8 active paths...
2026-04-06 13:14:48,482 - BWAwareController - INFO -   Re-evaluating 8 active paths...
2026-04-06 13:14:51,488 - BWAwareController - INFO -   Re-evaluating 8 active paths...
2026-04-06 13:14:54,494 - BWAwareController - INFO -   Re-evaluating 8 active paths...
2026-04-06 13:14:57,499 - BWAwareController - INFO -   Re-evaluating 8 active paths...
2026-04-06 13:15:00,505 - BWAwareController - INFO -   Re-evaluating 8 active paths...
2026-04-06 13:15:03,510 - BWAwareController - INFO -   Re-evaluating 8 active paths...
2026-04-06 13:15:06,516 - BWAwareController - INFO -   Re-evaluating 8 active paths...
2026-04-06 13:15:09,522 - BWAwareController - INFO -   Re-evaluating 8 active paths...
2026-04-06 13:15:12,528 - BWAwareController - INFO -   Re-evaluating 8 active paths...
2026-04-06 13:15:15,534 - BWAwareController - INFO -   Re-evaluating 8 active paths...
2026-04-06 13:15:18,539 - BWAwareController - INFO -   Re-evaluating 8 active paths...
2026-04-06 13:15:21,544 - BWAwareController - INFO -   Re-evaluating 8 active paths...
2026-04-06 13:15:24,551 - BWAwareController - INFO -   Re-evaluating 8 active paths...
2026-04-06 13:15:27,557 - BWAwareController - INFO -   Re-evaluating 8 active paths...
2026-04-06 13:15:30,563 - BWAwareController - INFO -   Re-evaluating 8 active paths...
2026-04-06 13:15:33,569 - BWAwareController - INFO -   Re-evaluating 8 active paths...
2026-04-06 13:15:36,575 - BWAwareController - INFO -   Re-evaluating 8 active paths...
2026-04-06 13:15:39,579 - BWAwareController - INFO -   Re-evaluating 8 active paths...
2026-04-06 13:15:42,584 - BWAwareController - INFO -   Re-evaluating 8 active paths...
2026-04-06 13:15:45,590 - BWAwareController - INFO -   Re-evaluating 8 active paths...
2026-04-06 13:15:48,596 - BWAwareController - INFO -   Re-evaluating 8 active paths...
2026-04-06 13:15:51,602 - BWAwareController - INFO -   Re-evaluating 8 active paths...
2026-04-06 13:15:54,607 - BWAwareController - INFO -   Re-evaluating 8 active paths...
2026-04-06 13:15:57,613 - BWAwareController - INFO -   Re-evaluating 8 active paths...
2026-04-06 13:16:00,618 - BWAwareController - INFO -   Re-evaluating 8 active paths...
2026-04-06 13:16:03,624 - BWAwareController - INFO -   Re-evaluating 8 active paths...
2026-04-06 13:16:06,630 - BWAwareController - INFO -   Re-evaluating 8 active paths...
2026-04-06 13:16:09,635 - BWAwareController - INFO -   Re-evaluating 8 active paths...
2026-04-06 13:16:12,640 - BWAwareController - INFO -   Re-evaluating 8 active paths...
2026-04-06 13:16:15,646 - BWAwareController - INFO -   Re-evaluating 8 active paths...
2026-04-06 13:16:18,652 - BWAwareController - INFO -   Re-evaluating 8 active paths...
2026-04-06 13:16:21,658 - BWAwareController - INFO -   Re-evaluating 8 active paths...
2026-04-06 13:16:24,663 - BWAwareController - INFO -   Re-evaluating 8 active paths...
2026-04-06 13:16:27,669 - BWAwareController - INFO -   Re-evaluating 8 active paths...
2026-04-06 13:16:30,674 - BWAwareController - INFO -   Re-evaluating 8 active paths...
2026-04-06 13:16:33,679 - BWAwareController - INFO -   Re-evaluating 8 active paths...
2026-04-06 13:16:36,685 - BWAwareController - INFO -   Re-evaluating 8 active paths...
2026-04-06 13:16:39,691 - BWAwareController - INFO -   Re-evaluating 8 active paths...
2026-04-06 13:16:42,696 - BWAwareController - INFO -   Re-evaluating 8 active paths...
2026-04-06 13:16:45,702 - BWAwareController - INFO -   Re-evaluating 8 active paths...
2026-04-06 13:16:48,708 - BWAwareController - INFO -   Re-evaluating 8 active paths...
2026-04-06 13:16:51,714 - BWAwareController - INFO -   Re-evaluating 8 active paths...
2026-04-06 13:16:54,719 - BWAwareController - INFO -   Re-evaluating 8 active paths...
2026-04-06 13:16:57,725 - BWAwareController - INFO -   Re-evaluating 8 active paths...
2026-04-06 13:17:00,731 - BWAwareController - INFO -   Re-evaluating 8 active paths...
2026-04-06 13:17:03,736 - BWAwareController - INFO -   Re-evaluating 8 active paths...
2026-04-06 13:17:06,741 - BWAwareController - INFO -   Re-evaluating 8 active paths...
2026-04-06 13:17:09,746 - BWAwareController - INFO -   Re-evaluating 8 active paths...
2026-04-06 13:17:12,751 - BWAwareController - INFO -   Re-evaluating 8 active paths...
2026-04-06 13:17:15,766 - BWAwareController - INFO -   Re-evaluating 8 active paths...
2026-04-06 13:17:18,772 - BWAwareController - INFO -   Re-evaluating 8 active paths...
2026-04-06 13:17:21,782 - BWAwareController - INFO -   Re-evaluating 8 active paths...
2026-04-06 13:17:24,792 - BWAwareController - INFO -   Re-evaluating 8 active paths...
2026-04-06 13:17:27,802 - BWAwareController - INFO -   Re-evaluating 8 active paths...
2026-04-06 13:17:30,812 - BWAwareController - INFO -   Re-evaluating 8 active paths...
2026-04-06 13:17:33,822 - BWAwareController - INFO -   Re-evaluating 8 active paths...
2026-04-06 13:17:36,830 - BWAwareController - INFO -   Re-evaluating 8 active paths...
2026-04-06 13:17:39,841 - BWAwareController - INFO -   Re-evaluating 8 active paths...
2026-04-06 13:17:42,848 - BWAwareController - INFO -   Re-evaluating 8 active paths...
2026-04-06 13:17:45,856 - BWAwareController - INFO -   Re-evaluating 8 active paths...
2026-04-06 13:17:48,865 - BWAwareController - INFO -   Re-evaluating 8 active paths...
2026-04-06 13:17:51,876 - BWAwareController - INFO -   Re-evaluating 8 active paths...
2026-04-06 13:17:54,885 - BWAwareController - INFO -   Re-evaluating 8 active paths...
2026-04-06 13:17:57,893 - BWAwareController - INFO -   Re-evaluating 8 active paths...
2026-04-06 13:18:00,901 - BWAwareController - INFO -   Re-evaluating 8 active paths...
2026-04-06 13:18:03,913 - BWAwareController - INFO -   Re-evaluating 8 active paths...
2026-04-06 13:18:06,920 - BWAwareController - INFO -   Re-evaluating 8 active paths...
2026-04-06 13:18:09,924 - BWAwareController - INFO -   Re-evaluating 8 active paths...
2026-04-06 13:18:12,929 - BWAwareController - INFO -   Re-evaluating 8 active paths...
2026-04-06 13:18:15,933 - BWAwareController - INFO -   Re-evaluating 8 active paths...
2026-04-06 13:18:18,943 - BWAwareController - INFO -   Re-evaluating 8 active paths...
2026-04-06 13:18:21,953 - BWAwareController - INFO -   Re-evaluating 8 active paths...
2026-04-06 13:18:24,964 - BWAwareController - INFO -   Re-evaluating 8 active paths...
2026-04-06 13:18:27,975 - BWAwareController - INFO -   Re-evaluating 8 active paths...
2026-04-06 13:18:30,983 - BWAwareController - INFO -   Re-evaluating 8 active paths...
2026-04-06 13:18:33,992 - BWAwareController - INFO -   Re-evaluating 8 active paths...
2026-04-06 13:18:37,000 - BWAwareController - INFO -   Re-evaluating 8 active paths...
2026-04-06 13:18:40,008 - BWAwareController - INFO -   Re-evaluating 8 active paths...
2026-04-06 13:18:43,019 - BWAwareController - INFO -   Re-evaluating 8 active paths...
2026-04-06 13:18:46,023 - BWAwareController - INFO -   Re-evaluating 8 active paths...
2026-04-06 13:18:49,028 - BWAwareController - INFO -   Re-evaluating 8 active paths...
2026-04-06 13:18:52,034 - BWAwareController - INFO -   Re-evaluating 8 active paths...
2026-04-06 13:18:55,040 - BWAwareController - INFO -   Re-evaluating 8 active paths...
2026-04-06 13:18:58,045 - BWAwareController - INFO -   Re-evaluating 8 active paths...
2026-04-06 13:19:01,051 - BWAwareController - INFO -   Re-evaluating 8 active paths...
2026-04-06 13:19:04,056 - BWAwareController - INFO -   Re-evaluating 8 active paths...
2026-04-06 13:19:07,062 - BWAwareController - INFO -   Re-evaluating 8 active paths...
2026-04-06 13:19:10,067 - BWAwareController - INFO -   Re-evaluating 8 active paths...
2026-04-06 13:19:13,072 - BWAwareController - INFO -   Re-evaluating 8 active paths...
2026-04-06 13:19:16,076 - BWAwareController - INFO -   Re-evaluating 8 active paths...
2026-04-06 13:19:19,081 - BWAwareController - INFO -   Re-evaluating 8 active paths...
2026-04-06 13:19:22,086 - BWAwareController - INFO -   Re-evaluating 8 active paths...
2026-04-06 13:19:25,091 - BWAwareController - INFO -   Re-evaluating 8 active paths...
2026-04-06 13:19:28,096 - BWAwareController - INFO -   Re-evaluating 8 active paths...
2026-04-06 13:19:31,102 - BWAwareController - INFO -   Re-evaluating 8 active paths...
2026-04-06 13:19:34,107 - BWAwareController - INFO -   Re-evaluating 8 active paths...
2026-04-06 13:19:37,113 - BWAwareController - INFO -   Re-evaluating 8 active paths...
2026-04-06 13:19:40,119 - BWAwareController - INFO -   Re-evaluating 8 active paths...
2026-04-06 13:19:43,125 - BWAwareController - INFO -   Re-evaluating 8 active paths...
2026-04-06 13:19:46,130 - BWAwareController - INFO -   Re-evaluating 8 active paths...
2026-04-06 13:19:49,136 - BWAwareController - INFO -   Re-evaluating 8 active paths...
2026-04-06 13:19:52,142 - BWAwareController - INFO -   Re-evaluating 8 active paths...
2026-04-06 13:19:55,147 - BWAwareController - INFO -   Re-evaluating 8 active paths...
2026-04-06 13:19:58,152 - BWAwareController - INFO -   Re-evaluating 8 active paths...
2026-04-06 13:20:01,157 - BWAwareController - INFO -   Re-evaluating 8 active paths...
2026-04-06 13:20:04,162 - BWAwareController - INFO -   Re-evaluating 8 active paths...
2026-04-06 13:20:07,167 - BWAwareController - INFO -   Re-evaluating 8 active paths...
2026-04-06 13:20:10,172 - BWAwareController - INFO -   Re-evaluating 8 active paths...
2026-04-06 13:20:13,177 - BWAwareController - INFO -   Re-evaluating 8 active paths...
2026-04-06 13:20:16,182 - BWAwareController - INFO -   Re-evaluating 8 active paths...
2026-04-06 13:20:19,188 - BWAwareController - INFO -   Re-evaluating 8 active paths...
2026-04-06 13:20:22,193 - BWAwareController - INFO -   Re-evaluating 8 active paths...
2026-04-06 13:20:25,198 - BWAwareController - INFO -   Re-evaluating 8 active paths...
2026-04-06 13:20:28,204 - BWAwareController - INFO -   Re-evaluating 8 active paths...
2026-04-06 13:20:31,209 - BWAwareController - INFO -   Re-evaluating 8 active paths...
2026-04-06 13:20:34,215 - BWAwareController - INFO -   Re-evaluating 8 active paths...
2026-04-06 13:20:37,220 - BWAwareController - INFO -   Re-evaluating 8 active paths...
2026-04-06 13:20:40,226 - BWAwareController - INFO -   Re-evaluating 8 active paths...
2026-04-06 13:20:43,232 - BWAwareController - INFO -   Re-evaluating 8 active paths...
2026-04-06 13:20:46,238 - BWAwareController - INFO -   Re-evaluating 8 active paths...
2026-04-06 13:20:49,244 - BWAwareController - INFO -   Re-evaluating 8 active paths...
2026-04-06 13:20:52,250 - BWAwareController - INFO -   Re-evaluating 8 active paths...
2026-04-06 13:20:55,255 - BWAwareController - INFO -   Re-evaluating 8 active paths...
2026-04-06 13:20:58,261 - BWAwareController - INFO -   Re-evaluating 8 active paths...
2026-04-06 13:21:01,266 - BWAwareController - INFO -   Re-evaluating 8 active paths...
2026-04-06 13:21:04,272 - BWAwareController - INFO -   Re-evaluating 8 active paths...
2026-04-06 13:21:07,278 - BWAwareController - INFO -   Re-evaluating 8 active paths...
2026-04-06 13:21:10,283 - BWAwareController - INFO -   Re-evaluating 8 active paths...
2026-04-06 13:21:13,288 - BWAwareController - INFO -   Re-evaluating 8 active paths...
2026-04-06 13:21:16,294 - BWAwareController - INFO -   Re-evaluating 8 active paths...
2026-04-06 13:21:19,299 - BWAwareController - INFO -   Re-evaluating 8 active paths...
2026-04-06 13:21:22,304 - BWAwareController - INFO -   Re-evaluating 8 active paths...
2026-04-06 13:21:25,308 - BWAwareController - INFO -   Re-evaluating 8 active paths...
2026-04-06 13:21:28,312 - BWAwareController - INFO -   Re-evaluating 8 active paths...
2026-04-06 13:21:31,315 - BWAwareController - INFO -   Re-evaluating 8 active paths...
2026-04-06 13:21:34,319 - BWAwareController - INFO -   Re-evaluating 8 active paths...
2026-04-06 13:21:37,323 - BWAwareController - INFO -   Re-evaluating 8 active paths...
2026-04-06 13:21:40,328 - BWAwareController - INFO -   Re-evaluating 8 active paths...
2026-04-06 13:21:43,332 - BWAwareController - INFO -   Re-evaluating 8 active paths...
2026-04-06 13:21:46,336 - BWAwareController - INFO -   Re-evaluating 8 active paths...
2026-04-06 13:21:49,340 - BWAwareController - INFO -   Re-evaluating 8 active paths...
2026-04-06 13:21:52,344 - BWAwareController - INFO -   Re-evaluating 8 active paths...
2026-04-06 13:21:55,348 - BWAwareController - INFO -   Re-evaluating 8 active paths...
2026-04-06 13:21:58,352 - BWAwareController - INFO -   Re-evaluating 8 active paths...
2026-04-06 13:22:01,356 - BWAwareController - INFO -   Re-evaluating 8 active paths...
2026-04-06 13:22:04,360 - BWAwareController - INFO -   Re-evaluating 8 active paths...
2026-04-06 13:22:07,364 - BWAwareController - INFO -   Re-evaluating 8 active paths...
2026-04-06 13:22:10,368 - BWAwareController - INFO -   Re-evaluating 8 active paths...
2026-04-06 13:22:13,375 - BWAwareController - INFO -   Re-evaluating 8 active paths...
2026-04-06 13:22:16,380 - BWAwareController - INFO -   Re-evaluating 8 active paths...
2026-04-06 13:22:19,384 - BWAwareController - INFO -   Re-evaluating 8 active paths...
2026-04-06 13:22:22,389 - BWAwareController - INFO -   Re-evaluating 8 active paths...
2026-04-06 13:22:25,394 - BWAwareController - INFO -   Re-evaluating 8 active paths...
2026-04-06 13:22:28,399 - BWAwareController - INFO -   Re-evaluating 8 active paths...
2026-04-06 13:22:31,403 - BWAwareController - INFO -   Re-evaluating 8 active paths...
2026-04-06 13:22:34,407 - BWAwareController - INFO -   Re-evaluating 8 active paths...
2026-04-06 13:22:37,411 - BWAwareController - INFO -   Re-evaluating 8 active paths...
2026-04-06 13:22:40,415 - BWAwareController - INFO -   Re-evaluating 8 active paths...
2026-04-06 13:22:43,419 - BWAwareController - INFO -   Re-evaluating 8 active paths...
2026-04-06 13:22:46,425 - BWAwareController - INFO -   Re-evaluating 8 active paths...
2026-04-06 13:22:49,430 - BWAwareController - INFO -   Re-evaluating 8 active paths...
2026-04-06 13:22:52,436 - BWAwareController - INFO -   Re-evaluating 8 active paths...
2026-04-06 13:22:55,441 - BWAwareController - INFO -   Re-evaluating 8 active paths...
2026-04-06 13:22:58,446 - BWAwareController - INFO -   Re-evaluating 8 active paths...
2026-04-06 13:23:01,451 - BWAwareController - INFO -   Re-evaluating 8 active paths...
2026-04-06 13:23:04,456 - BWAwareController - INFO -   Re-evaluating 8 active paths...
2026-04-06 13:23:07,461 - BWAwareController - INFO -   Re-evaluating 8 active paths...
2026-04-06 13:23:10,467 - BWAwareController - INFO -   Re-evaluating 8 active paths...
2026-04-06 13:23:13,473 - BWAwareController - INFO -   Re-evaluating 8 active paths...
2026-04-06 13:23:16,479 - BWAwareController - INFO -   Re-evaluating 8 active paths...
2026-04-06 13:23:19,485 - BWAwareController - INFO -   Re-evaluating 8 active paths...
2026-04-06 13:23:22,490 - BWAwareController - INFO -   Re-evaluating 8 active paths...
2026-04-06 13:23:25,495 - BWAwareController - INFO -   Re-evaluating 8 active paths...
2026-04-06 13:23:28,501 - BWAwareController - INFO -   Re-evaluating 8 active paths...
2026-04-06 13:23:31,507 - BWAwareController - INFO -   Re-evaluating 8 active paths...
2026-04-06 13:23:34,513 - BWAwareController - INFO -   Re-evaluating 8 active paths...
2026-04-06 13:23:37,517 - BWAwareController - INFO -   Re-evaluating 8 active paths...
2026-04-06 13:23:40,522 - BWAwareController - INFO -   Re-evaluating 8 active paths...
2026-04-06 13:23:43,528 - BWAwareController - INFO -   Re-evaluating 8 active paths...
2026-04-06 13:23:46,533 - BWAwareController - INFO -   Re-evaluating 8 active paths...
2026-04-06 13:23:49,538 - BWAwareController - INFO -   Re-evaluating 8 active paths...
2026-04-06 13:23:52,543 - BWAwareController - INFO -   Re-evaluating 8 active paths...
2026-04-06 13:23:55,548 - BWAwareController - INFO -   Re-evaluating 8 active paths...
2026-04-06 13:23:58,553 - BWAwareController - INFO -   Re-evaluating 8 active paths...
2026-04-06 13:24:01,559 - BWAwareController - INFO -   Re-evaluating 8 active paths...
2026-04-06 13:24:04,565 - BWAwareController - INFO -   Re-evaluating 8 active paths...
2026-04-06 13:24:07,571 - BWAwareController - INFO -   Re-evaluating 8 active paths...
2026-04-06 13:24:10,576 - BWAwareController - INFO -   Re-evaluating 8 active paths...
2026-04-06 13:24:13,581 - BWAwareController - INFO -   Re-evaluating 8 active paths...
2026-04-06 13:24:16,587 - BWAwareController - INFO -   Re-evaluating 8 active paths...
2026-04-06 13:24:19,593 - BWAwareController - INFO -   Re-evaluating 8 active paths...
2026-04-06 13:24:22,597 - BWAwareController - INFO -   Re-evaluating 8 active paths...
2026-04-06 13:24:25,603 - BWAwareController - INFO -   Re-evaluating 8 active paths...
2026-04-06 13:24:28,607 - BWAwareController - INFO -   Re-evaluating 8 active paths...
2026-04-06 13:24:31,612 - BWAwareController - INFO -   Re-evaluating 8 active paths...
2026-04-06 13:24:34,616 - BWAwareController - INFO -   Re-evaluating 8 active paths...
2026-04-06 13:24:37,621 - BWAwareController - INFO -   Re-evaluating 8 active paths...
2026-04-06 13:24:40,626 - BWAwareController - INFO -   Re-evaluating 8 active paths...
2026-04-06 13:24:43,631 - BWAwareController - INFO -   Re-evaluating 8 active paths...
2026-04-06 13:24:46,636 - BWAwareController - INFO -   Re-evaluating 8 active paths...
2026-04-06 13:24:49,641 - BWAwareController - INFO -   Re-evaluating 8 active paths...
2026-04-06 13:24:52,647 - BWAwareController - INFO -   Re-evaluating 8 active paths...
2026-04-06 13:24:55,653 - BWAwareController - INFO -   Re-evaluating 8 active paths...
2026-04-06 13:24:58,659 - BWAwareController - INFO -   Re-evaluating 8 active paths...
2026-04-06 13:25:01,665 - BWAwareController - INFO -   Re-evaluating 8 active paths...
2026-04-06 13:25:04,670 - BWAwareController - INFO -   Re-evaluating 8 active paths...
2026-04-06 13:25:07,676 - BWAwareController - INFO -   Re-evaluating 8 active paths...
2026-04-06 13:25:10,682 - BWAwareController - INFO -   Re-evaluating 8 active paths...
2026-04-06 13:25:13,688 - BWAwareController - INFO -   Re-evaluating 8 active paths...
2026-04-06 13:25:16,694 - BWAwareController - INFO -   Re-evaluating 8 active paths...
2026-04-06 13:25:19,700 - BWAwareController - INFO -   Re-evaluating 8 active paths...
2026-04-06 13:25:22,706 - BWAwareController - INFO -   Re-evaluating 8 active paths...
2026-04-06 13:25:25,712 - BWAwareController - INFO -   Re-evaluating 8 active paths...
2026-04-06 13:25:28,716 - BWAwareController - INFO -   Re-evaluating 8 active paths...
2026-04-06 13:25:31,721 - BWAwareController - INFO -   Re-evaluating 8 active paths...
2026-04-06 13:25:34,725 - BWAwareController - INFO -   Re-evaluating 8 active paths...
2026-04-06 13:25:37,729 - BWAwareController - INFO -   Re-evaluating 8 active paths...
2026-04-06 13:25:40,733 - BWAwareController - INFO -   Re-evaluating 8 active paths...
2026-04-06 13:25:43,737 - BWAwareController - INFO -   Re-evaluating 8 active paths...
2026-04-06 13:25:46,741 - BWAwareController - INFO -   Re-evaluating 8 active paths...
2026-04-06 13:25:49,745 - BWAwareController - INFO -   Re-evaluating 8 active paths...
2026-04-06 13:25:52,749 - BWAwareController - INFO -   Re-evaluating 8 active paths...
2026-04-06 13:25:55,753 - BWAwareController - INFO -   Re-evaluating 8 active paths...
2026-04-06 13:25:58,757 - BWAwareController - INFO -   Re-evaluating 8 active paths...
2026-04-06 13:26:01,762 - BWAwareController - INFO -   Re-evaluating 8 active paths...
2026-04-06 13:26:04,766 - BWAwareController - INFO -   Re-evaluating 8 active paths...
2026-04-06 13:26:07,770 - BWAwareController - INFO -   Re-evaluating 8 active paths...
2026-04-06 13:26:10,773 - BWAwareController - INFO -   Re-evaluating 8 active paths...
2026-04-06 13:26:13,779 - BWAwareController - INFO -   Re-evaluating 8 active paths...
2026-04-06 13:26:16,783 - BWAwareController - INFO -   Re-evaluating 8 active paths...
2026-04-06 13:26:19,793 - BWAwareController - INFO -   Re-evaluating 8 active paths...
2026-04-06 13:26:22,803 - BWAwareController - INFO -   Re-evaluating 8 active paths...
2026-04-06 13:26:25,812 - BWAwareController - INFO -   Re-evaluating 8 active paths...
2026-04-06 13:26:28,820 - BWAwareController - INFO -   Re-evaluating 8 active paths...
2026-04-06 13:26:31,829 - BWAwareController - INFO -   Re-evaluating 8 active paths...
2026-04-06 13:26:34,841 - BWAwareController - INFO -   Re-evaluating 8 active paths...
2026-04-06 13:26:37,849 - BWAwareController - INFO -   Re-evaluating 8 active paths...
2026-04-06 13:26:40,857 - BWAwareController - INFO -   Re-evaluating 8 active paths...
2026-04-06 13:26:43,865 - BWAwareController - INFO -   Re-evaluating 8 active paths...
2026-04-06 13:26:46,868 - BWAwareController - INFO -   Re-evaluating 8 active paths...
2026-04-06 13:26:49,873 - BWAwareController - INFO -   Re-evaluating 8 active paths...
2026-04-06 13:26:52,879 - BWAwareController - INFO -   Re-evaluating 8 active paths...
2026-04-06 13:26:55,889 - BWAwareController - INFO -   Re-evaluating 8 active paths...
2026-04-06 13:26:58,894 - BWAwareController - INFO -   Re-evaluating 8 active paths...
2026-04-06 13:27:01,900 - BWAwareController - INFO -   Re-evaluating 8 active paths...
2026-04-06 13:27:04,905 - BWAwareController - INFO -   Re-evaluating 8 active paths...
2026-04-06 13:27:07,911 - BWAwareController - INFO -   Re-evaluating 8 active paths...
2026-04-06 13:27:10,916 - BWAwareController - INFO -   Re-evaluating 8 active paths...
2026-04-06 13:27:13,921 - BWAwareController - INFO -   Re-evaluating 8 active paths...
2026-04-06 13:27:16,927 - BWAwareController - INFO -   Re-evaluating 8 active paths...
2026-04-06 13:27:19,932 - BWAwareController - INFO -   Re-evaluating 8 active paths...
2026-04-06 13:27:22,937 - BWAwareController - INFO -   Re-evaluating 8 active paths...
2026-04-06 13:27:25,943 - BWAwareController - INFO -   Re-evaluating 8 active paths...
2026-04-06 13:27:28,949 - BWAwareController - INFO -   Re-evaluating 8 active paths...
2026-04-06 13:27:31,957 - BWAwareController - INFO -   Re-evaluating 8 active paths...
2026-04-06 13:27:34,963 - BWAwareController - INFO -   Re-evaluating 8 active paths...
2026-04-06 13:27:37,968 - BWAwareController - INFO -   Re-evaluating 8 active paths...
2026-04-06 13:27:40,974 - BWAwareController - INFO -   Re-evaluating 8 active paths...
2026-04-06 13:27:43,980 - BWAwareController - INFO -   Re-evaluating 8 active paths...
2026-04-06 13:27:46,986 - BWAwareController - INFO -   Re-evaluating 8 active paths...
2026-04-06 13:27:49,991 - BWAwareController - INFO -   Re-evaluating 8 active paths...
2026-04-06 13:27:52,997 - BWAwareController - INFO -   Re-evaluating 8 active paths...
2026-04-06 13:27:56,002 - BWAwareController - INFO -   Re-evaluating 8 active paths...
2026-04-06 13:27:59,007 - BWAwareController - INFO -   Re-evaluating 8 active paths...
2026-04-06 13:28:02,013 - BWAwareController - INFO -   Re-evaluating 8 active paths...
2026-04-06 13:28:05,019 - BWAwareController - INFO -   Re-evaluating 8 active paths...
2026-04-06 13:28:08,025 - BWAwareController - INFO -   Re-evaluating 8 active paths...
2026-04-06 13:28:11,031 - BWAwareController - INFO -   Re-evaluating 8 active paths...
2026-04-06 13:28:14,036 - BWAwareController - INFO -   Re-evaluating 8 active paths...
2026-04-06 13:28:17,042 - BWAwareController - INFO -   Re-evaluating 8 active paths...
2026-04-06 13:28:20,047 - BWAwareController - INFO -   Re-evaluating 8 active paths...
2026-04-06 13:28:23,052 - BWAwareController - INFO -   Re-evaluating 8 active paths...
2026-04-06 13:28:26,058 - BWAwareController - INFO -   Re-evaluating 8 active paths...
2026-04-06 13:28:29,064 - BWAwareController - INFO -   Re-evaluating 8 active paths...
2026-04-06 13:28:32,069 - BWAwareController - INFO -   Re-evaluating 8 active paths...
2026-04-06 13:28:35,075 - BWAwareController - INFO -   Re-evaluating 8 active paths...
2026-04-06 13:28:38,081 - BWAwareController - INFO -   Re-evaluating 8 active paths...
2026-04-06 13:28:41,086 - BWAwareController - INFO -   Re-evaluating 8 active paths...
2026-04-06 13:28:44,091 - BWAwareController - INFO -   Re-evaluating 8 active paths...
2026-04-06 13:28:47,097 - BWAwareController - INFO -   Re-evaluating 8 active paths...
2026-04-06 13:28:50,102 - BWAwareController - INFO -   Re-evaluating 8 active paths...
2026-04-06 13:28:53,108 - BWAwareController - INFO -   Re-evaluating 8 active paths...
2026-04-06 13:28:56,113 - BWAwareController - INFO -   Re-evaluating 8 active paths...
2026-04-06 13:28:59,119 - BWAwareController - INFO -   Re-evaluating 8 active paths...
2026-04-06 13:29:02,124 - BWAwareController - INFO -   Re-evaluating 8 active paths...
2026-04-06 13:29:05,132 - BWAwareController - INFO -   Re-evaluating 8 active paths...
2026-04-06 13:29:08,138 - BWAwareController - INFO -   Re-evaluating 8 active paths...
2026-04-06 13:29:11,144 - BWAwareController - INFO -   Re-evaluating 8 active paths...
2026-04-06 13:29:14,150 - BWAwareController - INFO -   Re-evaluating 8 active paths...
2026-04-06 13:29:17,155 - BWAwareController - INFO -   Re-evaluating 8 active paths...
2026-04-06 13:29:20,161 - BWAwareController - INFO -   Re-evaluating 8 active paths...
2026-04-06 13:29:23,165 - BWAwareController - INFO -   Re-evaluating 8 active paths...
2026-04-06 13:29:26,176 - BWAwareController - INFO -   Re-evaluating 8 active paths...
2026-04-06 13:29:29,186 - BWAwareController - INFO -   Re-evaluating 8 active paths...
2026-04-06 13:29:32,196 - BWAwareController - INFO -   Re-evaluating 8 active paths...
2026-04-06 13:29:35,206 - BWAwareController - INFO -   Re-evaluating 8 active paths...
2026-04-06 13:29:38,218 - BWAwareController - INFO -   Re-evaluating 8 active paths...
2026-04-06 13:29:41,228 - BWAwareController - INFO -   Re-evaluating 8 active paths...
2026-04-06 13:29:44,236 - BWAwareController - INFO -   Re-evaluating 8 active paths...
2026-04-06 13:29:47,244 - BWAwareController - INFO -   Re-evaluating 8 active paths...
2026-04-06 13:29:50,252 - BWAwareController - INFO -   Re-evaluating 8 active paths...
2026-04-06 13:29:53,264 - BWAwareController - INFO -   Re-evaluating 8 active paths...
2026-04-06 13:29:56,278 - BWAwareController - INFO -   Re-evaluating 8 active paths...
2026-04-06 13:29:59,288 - BWAwareController - INFO -   Re-evaluating 8 active paths...
2026-04-06 13:30:02,300 - BWAwareController - INFO -   Re-evaluating 8 active paths...
2026-04-06 13:30:05,308 - BWAwareController - INFO -   Re-evaluating 8 active paths...
2026-04-06 13:30:08,319 - BWAwareController - INFO -   Re-evaluating 8 active paths...
2026-04-06 13:30:11,330 - BWAwareController - INFO -   Re-evaluating 8 active paths...
2026-04-06 13:30:14,334 - BWAwareController - INFO -   Re-evaluating 8 active paths...
2026-04-06 13:30:17,342 - BWAwareController - INFO -   Re-evaluating 8 active paths...
2026-04-06 13:30:20,350 - BWAwareController - INFO -   Re-evaluating 8 active paths...
2026-04-06 13:30:23,358 - BWAwareController - INFO -   Re-evaluating 8 active paths...
2026-04-06 13:30:26,362 - BWAwareController - INFO -   Re-evaluating 8 active paths...
2026-04-06 13:30:29,373 - BWAwareController - INFO -   Re-evaluating 8 active paths...
2026-04-06 13:30:32,384 - BWAwareController - INFO -   Re-evaluating 8 active paths...
2026-04-06 13:30:35,394 - BWAwareController - INFO -   Re-evaluating 8 active paths...
2026-04-06 13:30:38,402 - BWAwareController - INFO -   Re-evaluating 8 active paths...
2026-04-06 13:30:41,414 - BWAwareController - INFO -   Re-evaluating 8 active paths...
2026-04-06 13:30:44,425 - BWAwareController - INFO -   Re-evaluating 8 active paths...
2026-04-06 13:30:47,433 - BWAwareController - INFO -   Re-evaluating 8 active paths...
2026-04-06 13:30:50,438 - BWAwareController - INFO -   Re-evaluating 8 active paths...
2026-04-06 13:30:53,444 - BWAwareController - INFO -   Re-evaluating 8 active paths...
2026-04-06 13:30:56,449 - BWAwareController - INFO -   Re-evaluating 8 active paths...
2026-04-06 13:30:59,455 - BWAwareController - INFO -   Re-evaluating 8 active paths...
2026-04-06 13:31:02,461 - BWAwareController - INFO -   Re-evaluating 8 active paths...
2026-04-06 13:31:05,467 - BWAwareController - INFO -   Re-evaluating 8 active paths...
2026-04-06 13:31:08,472 - BWAwareController - INFO -   Re-evaluating 8 active paths...
2026-04-06 13:31:11,478 - BWAwareController - INFO -   Re-evaluating 8 active paths...
2026-04-06 13:31:14,484 - BWAwareController - INFO -   Re-evaluating 8 active paths...
2026-04-06 13:31:17,490 - BWAwareController - INFO -   Re-evaluating 8 active paths...
2026-04-06 13:31:20,495 - BWAwareController - INFO -   Re-evaluating 8 active paths...
2026-04-06 13:31:23,501 - BWAwareController - INFO -   Re-evaluating 8 active paths...
2026-04-06 13:31:26,506 - BWAwareController - INFO -   Re-evaluating 8 active paths...
2026-04-06 13:31:29,512 - BWAwareController - INFO -   Re-evaluating 8 active paths...
2026-04-06 13:31:32,517 - BWAwareController - INFO -   Re-evaluating 8 active paths...
2026-04-06 13:31:35,523 - BWAwareController - INFO -   Re-evaluating 8 active paths...
2026-04-06 13:31:38,528 - BWAwareController - INFO -   Re-evaluating 8 active paths...
2026-04-06 13:31:41,534 - BWAwareController - INFO -   Re-evaluating 8 active paths...
2026-04-06 13:31:44,540 - BWAwareController - INFO -   Re-evaluating 8 active paths...
2026-04-06 13:31:47,545 - BWAwareController - INFO -   Re-evaluating 8 active paths...
2026-04-06 13:31:50,551 - BWAwareController - INFO -   Re-evaluating 8 active paths...
2026-04-06 13:31:53,557 - BWAwareController - INFO -   Re-evaluating 8 active paths...
2026-04-06 13:31:56,563 - BWAwareController - INFO -   Re-evaluating 8 active paths...
2026-04-06 13:31:59,569 - BWAwareController - INFO -   Re-evaluating 8 active paths...
2026-04-06 13:32:02,575 - BWAwareController - INFO -   Re-evaluating 8 active paths...
2026-04-06 13:32:05,580 - BWAwareController - INFO -   Re-evaluating 8 active paths...
2026-04-06 13:32:08,586 - BWAwareController - INFO -   Re-evaluating 8 active paths...
2026-04-06 13:32:11,592 - BWAwareController - INFO -   Re-evaluating 8 active paths...
2026-04-06 13:32:14,598 - BWAwareController - INFO -   Re-evaluating 8 active paths...
2026-04-06 13:32:17,604 - BWAwareController - INFO -   Re-evaluating 8 active paths...
2026-04-06 13:32:20,610 - BWAwareController - INFO -   Re-evaluating 8 active paths...
2026-04-06 13:32:23,615 - BWAwareController - INFO -   Re-evaluating 8 active paths...
2026-04-06 13:32:26,621 - BWAwareController - INFO -   Re-evaluating 8 active paths...
2026-04-06 13:32:29,627 - BWAwareController - INFO -   Re-evaluating 8 active paths...
2026-04-06 13:32:32,632 - BWAwareController - INFO -   Re-evaluating 8 active paths...
2026-04-06 13:32:35,638 - BWAwareController - INFO -   Re-evaluating 8 active paths...
2026-04-06 13:32:38,643 - BWAwareController - INFO -   Re-evaluating 8 active paths...
2026-04-06 13:32:41,648 - BWAwareController - INFO -   Re-evaluating 8 active paths...
2026-04-06 13:32:44,654 - BWAwareController - INFO -   Re-evaluating 8 active paths...
2026-04-06 13:32:47,660 - BWAwareController - INFO -   Re-evaluating 8 active paths...
2026-04-06 13:32:50,665 - BWAwareController - INFO -   Re-evaluating 8 active paths...
2026-04-06 13:32:53,671 - BWAwareController - INFO -   Re-evaluating 8 active paths...
2026-04-06 13:32:56,677 - BWAwareController - INFO -   Re-evaluating 8 active paths...
2026-04-06 13:32:59,683 - BWAwareController - INFO -   Re-evaluating 8 active paths...
2026-04-06 13:33:02,689 - BWAwareController - INFO -   Re-evaluating 8 active paths...
2026-04-06 13:33:05,694 - BWAwareController - INFO -   Re-evaluating 8 active paths...
2026-04-06 13:33:08,700 - BWAwareController - INFO -   Re-evaluating 8 active paths...
2026-04-06 13:33:11,706 - BWAwareController - INFO -   Re-evaluating 8 active paths...
2026-04-06 13:33:14,714 - BWAwareController - INFO -   Re-evaluating 8 active paths...
2026-04-06 13:33:17,720 - BWAwareController - INFO -   Re-evaluating 8 active paths...
2026-04-06 13:33:20,728 - BWAwareController - INFO -   Re-evaluating 8 active paths...
2026-04-06 13:33:23,733 - BWAwareController - INFO -   Re-evaluating 8 active paths...
2026-04-06 13:33:26,739 - BWAwareController - INFO -   Re-evaluating 8 active paths...
2026-04-06 13:33:29,743 - BWAwareController - INFO -   Re-evaluating 8 active paths...
2026-04-06 13:33:32,753 - BWAwareController - INFO -   Re-evaluating 8 active paths...
2026-04-06 13:33:35,757 - BWAwareController - INFO -   Re-evaluating 8 active paths...
2026-04-06 13:33:38,761 - BWAwareController - INFO -   Re-evaluating 8 active paths...
2026-04-06 13:33:41,765 - BWAwareController - INFO -   Re-evaluating 8 active paths...
2026-04-06 13:33:44,769 - BWAwareController - INFO -   Re-evaluating 8 active paths...
2026-04-06 13:33:47,773 - BWAwareController - INFO -   Re-evaluating 8 active paths...
2026-04-06 13:33:50,778 - BWAwareController - INFO -   Re-evaluating 8 active paths...
2026-04-06 13:33:53,789 - BWAwareController - INFO -   Re-evaluating 8 active paths...
2026-04-06 13:33:56,793 - BWAwareController - INFO -   Re-evaluating 8 active paths...
2026-04-06 13:33:59,797 - BWAwareController - INFO -   Re-evaluating 8 active paths...
2026-04-06 13:34:02,807 - BWAwareController - INFO -   Re-evaluating 8 active paths...
2026-04-06 13:34:05,820 - BWAwareController - INFO -   Re-evaluating 8 active paths...
2026-04-06 13:34:08,830 - BWAwareController - INFO -   Re-evaluating 8 active paths...
2026-04-06 13:34:11,840 - BWAwareController - INFO -   Re-evaluating 8 active paths...
2026-04-06 13:34:14,848 - BWAwareController - INFO -   Re-evaluating 8 active paths...
2026-04-06 13:34:17,852 - BWAwareController - INFO -   Re-evaluating 8 active paths...
2026-04-06 13:34:20,858 - BWAwareController - INFO -   Re-evaluating 8 active paths...
2026-04-06 13:34:23,862 - BWAwareController - INFO -   Re-evaluating 8 active paths...
2026-04-06 13:34:26,867 - BWAwareController - INFO -   Re-evaluating 8 active paths...
2026-04-06 13:34:29,871 - BWAwareController - INFO -   Re-evaluating 8 active paths...
2026-04-06 13:34:32,881 - BWAwareController - INFO -   Re-evaluating 8 active paths...
2026-04-06 13:34:35,888 - BWAwareController - INFO -   Re-evaluating 8 active paths...
2026-04-06 13:34:38,899 - BWAwareController - INFO -   Re-evaluating 8 active paths...
2026-04-06 13:34:41,910 - BWAwareController - INFO -   Re-evaluating 8 active paths...
2026-04-06 13:34:44,922 - BWAwareController - INFO -   Re-evaluating 8 active paths...
2026-04-06 13:34:47,933 - BWAwareController - INFO -   Re-evaluating 8 active paths...
2026-04-06 13:34:50,943 - BWAwareController - INFO -   Re-evaluating 8 active paths...
2026-04-06 13:34:53,954 - BWAwareController - INFO -   Re-evaluating 8 active paths...
2026-04-06 13:34:56,960 - BWAwareController - INFO -   Re-evaluating 8 active paths...
2026-04-06 13:34:59,966 - BWAwareController - INFO -   Re-evaluating 8 active paths...
2026-04-06 13:35:02,974 - BWAwareController - INFO -   Re-evaluating 8 active paths...
2026-04-06 13:35:05,980 - BWAwareController - INFO -   Re-evaluating 8 active paths...
2026-04-06 13:35:08,987 - BWAwareController - INFO -   Re-evaluating 8 active paths...
2026-04-06 13:35:11,993 - BWAwareController - INFO -   Re-evaluating 8 active paths...
2026-04-06 13:35:14,998 - BWAwareController - INFO -   Re-evaluating 8 active paths...
2026-04-06 13:35:18,004 - BWAwareController - INFO -   Re-evaluating 8 active paths...
2026-04-06 13:35:21,010 - BWAwareController - INFO -   Re-evaluating 8 active paths...
2026-04-06 13:35:24,015 - BWAwareController - INFO -   Re-evaluating 8 active paths...
2026-04-06 13:35:27,021 - BWAwareController - INFO -   Re-evaluating 8 active paths...
2026-04-06 13:35:30,027 - BWAwareController - INFO -   Re-evaluating 8 active paths...
2026-04-06 13:35:33,033 - BWAwareController - INFO -   Re-evaluating 8 active paths...
2026-04-06 13:35:36,039 - BWAwareController - INFO -   Re-evaluating 8 active paths...
2026-04-06 13:35:39,045 - BWAwareController - INFO -   Re-evaluating 8 active paths...
2026-04-06 13:35:42,051 - BWAwareController - INFO -   Re-evaluating 8 active paths...
2026-04-06 13:35:45,057 - BWAwareController - INFO -   Re-evaluating 8 active paths...
2026-04-06 13:35:48,063 - BWAwareController - INFO -   Re-evaluating 8 active paths...
2026-04-06 13:35:51,069 - BWAwareController - INFO -   Re-evaluating 8 active paths...
2026-04-06 13:35:54,075 - BWAwareController - INFO -   Re-evaluating 8 active paths...
2026-04-06 13:35:57,081 - BWAwareController - INFO -   Re-evaluating 8 active paths...
2026-04-06 13:36:00,087 - BWAwareController - INFO -   Re-evaluating 8 active paths...
2026-04-06 13:36:03,096 - BWAwareController - INFO -   Re-evaluating 8 active paths...
2026-04-06 13:36:06,102 - BWAwareController - INFO -   Re-evaluating 8 active paths...
2026-04-06 13:36:09,108 - BWAwareController - INFO -   Re-evaluating 8 active paths...
2026-04-06 13:36:12,113 - BWAwareController - INFO -   Re-evaluating 8 active paths...
2026-04-06 13:36:15,118 - BWAwareController - INFO -   Re-evaluating 8 active paths...
2026-04-06 13:36:18,123 - BWAwareController - INFO -   Re-evaluating 8 active paths...
2026-04-06 13:36:21,128 - BWAwareController - INFO -   Re-evaluating 8 active paths...
2026-04-06 13:36:24,133 - BWAwareController - INFO -   Re-evaluating 8 active paths...
2026-04-06 13:36:27,139 - BWAwareController - INFO -   Re-evaluating 8 active paths...
2026-04-06 13:36:30,145 - BWAwareController - INFO -   Re-evaluating 8 active paths...
2026-04-06 13:36:33,150 - BWAwareController - INFO -   Re-evaluating 8 active paths...
2026-04-06 13:36:36,155 - BWAwareController - INFO -   Re-evaluating 8 active paths...
2026-04-06 13:36:39,160 - BWAwareController - INFO -   Re-evaluating 8 active paths...
