[92mINFO [0m:      Starting Flower SuperNode
[93mWARNING [0m:   Option `--insecure` was set. Starting insecure HTTP channel to 10.0.0.1:9092.
[92mINFO [0m:      Flower Deployment Runtime: Starting ClientAppIo API on 0.0.0.0:9094
[92mINFO [0m:      SuperNode ID: 11855138243397445840
[92mINFO [0m:      Starting Flower SuperExec
[92mINFO [0m:      
[92mINFO [0m:      [RUN 833597806201327022]
[92mINFO [0m:      Receiving: train message (ID: 81d1cc60f2b4275c891739771c04ab629fd2f5be2750cf8b0fe504d1325a7e30)
[92mINFO [0m:      Start `flwr-clientapp` process
[92mINFO [0m:      [flwr-clientapp] Pull `ClientAppInputs` for token 88a8...4147
[92mINFO [0m:      Received successfully
/home/cihat/Downloads/flower-distributed_article1/flower-distributed/flwr-env/lib/python3.11/site-packages/torchvision/datasets/cifar.py:83: VisibleDeprecationWarning: dtype(): align should be passed as Python or NumPy boolean but got `align=0`. Did you mean to pass a tuple to create a subarray type? (Deprecated NumPy 2.4)
  entry = pickle.load(f, encoding="latin1")
[92mINFO [0m:      [flwr-clientapp] Push `ClientAppOutputs` for token 88a8...4147
[92mINFO [0m:      
[92mINFO [0m:      
[92mINFO [0m:      [RUN 833597806201327022]
[92mINFO [0m:      Sending: train message (ID: fd040679d859ff4c044daed09f56a0942329d96f08c2d097a484253280aff166)
🚀 [Client] Training on device: CUDA
[92mINFO [0m:      Sent successfully
[92mINFO [0m:      
[92mINFO [0m:      [RUN 833597806201327022]
[92mINFO [0m:      Receiving: evaluate message (ID: 5e8c599fda629f3ce0e31fd351219fba5bd89d1a2175bc7affd15feb6372eb2a)
[92mINFO [0m:      Start `flwr-clientapp` process
[92mINFO [0m:      [flwr-clientapp] Pull `ClientAppInputs` for token 732e...2a36
[92mINFO [0m:      Received successfully
/home/cihat/Downloads/flower-distributed_article1/flower-distributed/flwr-env/lib/python3.11/site-packages/torchvision/datasets/cifar.py:83: VisibleDeprecationWarning: dtype(): align should be passed as Python or NumPy boolean but got `align=0`. Did you mean to pass a tuple to create a subarray type? (Deprecated NumPy 2.4)
  entry = pickle.load(f, encoding="latin1")
[92mINFO [0m:      [flwr-clientapp] Push `ClientAppOutputs` for token 732e...2a36
[92mINFO [0m:      
📊 [Client] Evaluating on device: CUDA
[92mINFO [0m:      
[92mINFO [0m:      [RUN 833597806201327022]
[92mINFO [0m:      Sending: evaluate message (ID: 3c412b0296ecf8093d67497e168082526c9a7f7187374ffb7934c0206a26828d)
[92mINFO [0m:      Sent successfully
[92mINFO [0m:      
[92mINFO [0m:      [RUN 833597806201327022]
[92mINFO [0m:      Receiving: train message (ID: 86ef600228e74c6ca569050bd1aa0e6f409298ce15deff322344bb621a2a8bbf)
[92mINFO [0m:      Start `flwr-clientapp` process
[92mINFO [0m:      [flwr-clientapp] Pull `ClientAppInputs` for token 8c31...6f7a
[92mINFO [0m:      Received successfully
/home/cihat/Downloads/flower-distributed_article1/flower-distributed/flwr-env/lib/python3.11/site-packages/torchvision/datasets/cifar.py:83: VisibleDeprecationWarning: dtype(): align should be passed as Python or NumPy boolean but got `align=0`. Did you mean to pass a tuple to create a subarray type? (Deprecated NumPy 2.4)
  entry = pickle.load(f, encoding="latin1")
[92mINFO [0m:      [flwr-clientapp] Push `ClientAppOutputs` for token 8c31...6f7a
[92mINFO [0m:      
[92mINFO [0m:      [RUN 833597806201327022]
[92mINFO [0m:      Sending: train message (ID: b43d412b087a78425163a8afd3fe9167acd64ce95b3388a1b6749bbb2349eda4)
[92mINFO [0m:      
🚀 [Client] Training on device: CUDA
[92mINFO [0m:      Sent successfully
[92mINFO [0m:      
[92mINFO [0m:      [RUN 833597806201327022]
[92mINFO [0m:      Receiving: evaluate message (ID: 9f090e8757762b96288e41b0df3afa9f7fb162a14f7fa8ba45c76bf0be31b53b)
[92mINFO [0m:      Start `flwr-clientapp` process
[92mINFO [0m:      [flwr-clientapp] Pull `ClientAppInputs` for token a8fd...6d55
[92mINFO [0m:      Received successfully
/home/cihat/Downloads/flower-distributed_article1/flower-distributed/flwr-env/lib/python3.11/site-packages/torchvision/datasets/cifar.py:83: VisibleDeprecationWarning: dtype(): align should be passed as Python or NumPy boolean but got `align=0`. Did you mean to pass a tuple to create a subarray type? (Deprecated NumPy 2.4)
  entry = pickle.load(f, encoding="latin1")
[92mINFO [0m:      [flwr-clientapp] Push `ClientAppOutputs` for token a8fd...6d55
[92mINFO [0m:      
📊 [Client] Evaluating on device: CUDA
[92mINFO [0m:      
[92mINFO [0m:      [RUN 833597806201327022]
[92mINFO [0m:      Sending: evaluate message (ID: abbeed6fa65ae6246ff5a2b8c49e0c61211585f7c0a19227e541bdeae2064c31)
[92mINFO [0m:      Sent successfully
[92mINFO [0m:      
[92mINFO [0m:      [RUN 833597806201327022]
[92mINFO [0m:      Receiving: train message (ID: aa8549a35d402d19bb43af71c889d567e59be38c420e40cb4dbed3908f796248)
[92mINFO [0m:      Start `flwr-clientapp` process
[92mINFO [0m:      [flwr-clientapp] Pull `ClientAppInputs` for token 58ef...7411
[92mINFO [0m:      Received successfully
/home/cihat/Downloads/flower-distributed_article1/flower-distributed/flwr-env/lib/python3.11/site-packages/torchvision/datasets/cifar.py:83: VisibleDeprecationWarning: dtype(): align should be passed as Python or NumPy boolean but got `align=0`. Did you mean to pass a tuple to create a subarray type? (Deprecated NumPy 2.4)
  entry = pickle.load(f, encoding="latin1")
[92mINFO [0m:      [flwr-clientapp] Push `ClientAppOutputs` for token 58ef...7411
[92mINFO [0m:      
[92mINFO [0m:      [RUN 833597806201327022]
[92mINFO [0m:      Sending: train message (ID: ec9b3ccb30600ddbc1ed4b4fd320f38e348c9a55ca365095f81c2821e57824bb)
[92mINFO [0m:      
🚀 [Client] Training on device: CUDA
[92mINFO [0m:      Sent successfully
[92mINFO [0m:      
[92mINFO [0m:      [RUN 833597806201327022]
[92mINFO [0m:      Receiving: evaluate message (ID: 537edfdca78c49d4e6b74eb50496b08d958f3e05d3ea00714482667d8ea4de74)
[92mINFO [0m:      Start `flwr-clientapp` process
[92mINFO [0m:      [flwr-clientapp] Pull `ClientAppInputs` for token b21b...f489
[92mINFO [0m:      Received successfully
/home/cihat/Downloads/flower-distributed_article1/flower-distributed/flwr-env/lib/python3.11/site-packages/torchvision/datasets/cifar.py:83: VisibleDeprecationWarning: dtype(): align should be passed as Python or NumPy boolean but got `align=0`. Did you mean to pass a tuple to create a subarray type? (Deprecated NumPy 2.4)
  entry = pickle.load(f, encoding="latin1")
[92mINFO [0m:      [flwr-clientapp] Push `ClientAppOutputs` for token b21b...f489
[92mINFO [0m:      
📊 [Client] Evaluating on device: CUDA
[92mINFO [0m:      
[92mINFO [0m:      [RUN 833597806201327022]
[92mINFO [0m:      Sending: evaluate message (ID: 446816d10c990ca420b50a390ba492ca44457f3f0a629d1caba4c21f80031cd0)
[92mINFO [0m:      Sent successfully
[92mINFO [0m:      
[92mINFO [0m:      [RUN 833597806201327022]
[92mINFO [0m:      Receiving: train message (ID: 9d560819d901f966627713ceb75436bd0d0924d68515703c8fb5dafc1dfaa583)
[92mINFO [0m:      Start `flwr-clientapp` process
[92mINFO [0m:      [flwr-clientapp] Pull `ClientAppInputs` for token bc7e...e832
[92mINFO [0m:      Received successfully
/home/cihat/Downloads/flower-distributed_article1/flower-distributed/flwr-env/lib/python3.11/site-packages/torchvision/datasets/cifar.py:83: VisibleDeprecationWarning: dtype(): align should be passed as Python or NumPy boolean but got `align=0`. Did you mean to pass a tuple to create a subarray type? (Deprecated NumPy 2.4)
  entry = pickle.load(f, encoding="latin1")
[92mINFO [0m:      [flwr-clientapp] Push `ClientAppOutputs` for token bc7e...e832
[92mINFO [0m:      
🚀 [Client] Training on device: CUDA
[92mINFO [0m:      
[92mINFO [0m:      [RUN 833597806201327022]
[92mINFO [0m:      Sending: train message (ID: d5a92b0d4a142b9f53aaa58285aa427a74827b1aa846db165e2d07b1a9b6f4d3)
[92mINFO [0m:      Sent successfully
[92mINFO [0m:      
[92mINFO [0m:      [RUN 833597806201327022]
[92mINFO [0m:      Receiving: evaluate message (ID: 978feaea2af75f4bb05e3ef7f17bcc618cc6395b7e4870407ecd0ff56cd9113d)
[92mINFO [0m:      Start `flwr-clientapp` process
[92mINFO [0m:      [flwr-clientapp] Pull `ClientAppInputs` for token 6c8a...6af4
[92mINFO [0m:      Received successfully
/home/cihat/Downloads/flower-distributed_article1/flower-distributed/flwr-env/lib/python3.11/site-packages/torchvision/datasets/cifar.py:83: VisibleDeprecationWarning: dtype(): align should be passed as Python or NumPy boolean but got `align=0`. Did you mean to pass a tuple to create a subarray type? (Deprecated NumPy 2.4)
  entry = pickle.load(f, encoding="latin1")
[92mINFO [0m:      [flwr-clientapp] Push `ClientAppOutputs` for token 6c8a...6af4
[92mINFO [0m:      
[92mINFO [0m:      
[92mINFO [0m:      [RUN 833597806201327022]
[92mINFO [0m:      Sending: evaluate message (ID: 6c5a60e8b72beed2974436aa67b4eb6d05c6b7c4a606e6333eee5f751737feac)
📊 [Client] Evaluating on device: CUDA
[92mINFO [0m:      Sent successfully
[92mINFO [0m:      
[92mINFO [0m:      [RUN 833597806201327022]
[92mINFO [0m:      Receiving: train message (ID: 44b5b6ea508a2c45f54ca42123b2968116ed80ea2e66aa09527d5ea39ce26377)
[92mINFO [0m:      Start `flwr-clientapp` process
[92mINFO [0m:      [flwr-clientapp] Pull `ClientAppInputs` for token 0393...5785
[92mINFO [0m:      Received successfully
/home/cihat/Downloads/flower-distributed_article1/flower-distributed/flwr-env/lib/python3.11/site-packages/torchvision/datasets/cifar.py:83: VisibleDeprecationWarning: dtype(): align should be passed as Python or NumPy boolean but got `align=0`. Did you mean to pass a tuple to create a subarray type? (Deprecated NumPy 2.4)
  entry = pickle.load(f, encoding="latin1")
[92mINFO [0m:      [flwr-clientapp] Push `ClientAppOutputs` for token 0393...5785
[92mINFO [0m:      
🚀 [Client] Training on device: CUDA
[92mINFO [0m:      
[92mINFO [0m:      [RUN 833597806201327022]
[92mINFO [0m:      Sending: train message (ID: 7b1c42c7c94eac23fd144185f35080d7879c922f7242a5580bbf7b649815b941)
[92mINFO [0m:      Sent successfully
[92mINFO [0m:      
[92mINFO [0m:      [RUN 833597806201327022]
[92mINFO [0m:      Receiving: evaluate message (ID: e0b99ec7dad176c331bb380bbac209d8d0f5c20c9af5083039bcc393bde7b353)
[92mINFO [0m:      Start `flwr-clientapp` process
[92mINFO [0m:      [flwr-clientapp] Pull `ClientAppInputs` for token 017e...cd3c
[92mINFO [0m:      Received successfully
/home/cihat/Downloads/flower-distributed_article1/flower-distributed/flwr-env/lib/python3.11/site-packages/torchvision/datasets/cifar.py:83: VisibleDeprecationWarning: dtype(): align should be passed as Python or NumPy boolean but got `align=0`. Did you mean to pass a tuple to create a subarray type? (Deprecated NumPy 2.4)
  entry = pickle.load(f, encoding="latin1")
[92mINFO [0m:      [flwr-clientapp] Push `ClientAppOutputs` for token 017e...cd3c
[92mINFO [0m:      
📊 [Client] Evaluating on device: CUDA
[92mINFO [0m:      
[92mINFO [0m:      [RUN 833597806201327022]
[92mINFO [0m:      Sending: evaluate message (ID: db43b0ade394fc7844a0db4603e8e7082d10c7592196283d655ea5b01b5915dc)
[92mINFO [0m:      Sent successfully
[92mINFO [0m:      
[92mINFO [0m:      [RUN 833597806201327022]
[92mINFO [0m:      Receiving: train message (ID: bfcae11611b43fbe96a33c22f98414f1d5596ee9fb5513e40d0653b8fb8c1e12)
[92mINFO [0m:      Start `flwr-clientapp` process
[92mINFO [0m:      [flwr-clientapp] Pull `ClientAppInputs` for token 72a0...48ce
[92mINFO [0m:      Received successfully
/home/cihat/Downloads/flower-distributed_article1/flower-distributed/flwr-env/lib/python3.11/site-packages/torchvision/datasets/cifar.py:83: VisibleDeprecationWarning: dtype(): align should be passed as Python or NumPy boolean but got `align=0`. Did you mean to pass a tuple to create a subarray type? (Deprecated NumPy 2.4)
  entry = pickle.load(f, encoding="latin1")
[92mINFO [0m:      [flwr-clientapp] Push `ClientAppOutputs` for token 72a0...48ce
[92mINFO [0m:      
[92mINFO [0m:      [RUN 833597806201327022]
[92mINFO [0m:      Sending: train message (ID: a25128eb59672ede7608ce1a51b5b6f9963a90471d92fa4b5780a1debca36ed5)
[92mINFO [0m:      
🚀 [Client] Training on device: CUDA
[92mINFO [0m:      Sent successfully
[92mINFO [0m:      
[92mINFO [0m:      [RUN 833597806201327022]
[92mINFO [0m:      Receiving: evaluate message (ID: 0e3bc0a086957c818de72b2dce27d969df99e92ff7efe4a540c8af2142f0da9f)
[92mINFO [0m:      Start `flwr-clientapp` process
[92mINFO [0m:      [flwr-clientapp] Pull `ClientAppInputs` for token 99b7...7745
[92mINFO [0m:      Received successfully
/home/cihat/Downloads/flower-distributed_article1/flower-distributed/flwr-env/lib/python3.11/site-packages/torchvision/datasets/cifar.py:83: VisibleDeprecationWarning: dtype(): align should be passed as Python or NumPy boolean but got `align=0`. Did you mean to pass a tuple to create a subarray type? (Deprecated NumPy 2.4)
  entry = pickle.load(f, encoding="latin1")
[92mINFO [0m:      [flwr-clientapp] Push `ClientAppOutputs` for token 99b7...7745
[92mINFO [0m:      
📊 [Client] Evaluating on device: CUDA
[92mINFO [0m:      
[92mINFO [0m:      [RUN 833597806201327022]
[92mINFO [0m:      Sending: evaluate message (ID: 237017dbda5959c67808006f35c1d05c34deff5436609922ad19326a33c4e69a)
[92mINFO [0m:      Sent successfully
[92mINFO [0m:      
[92mINFO [0m:      [RUN 833597806201327022]
[92mINFO [0m:      Receiving: train message (ID: 9b8477fad6886612b2bf6b58500ef01518e66628cc810b1828b65a02dac6fde3)
[92mINFO [0m:      Start `flwr-clientapp` process
[92mINFO [0m:      [flwr-clientapp] Pull `ClientAppInputs` for token c750...5439
[92mINFO [0m:      Received successfully
/home/cihat/Downloads/flower-distributed_article1/flower-distributed/flwr-env/lib/python3.11/site-packages/torchvision/datasets/cifar.py:83: VisibleDeprecationWarning: dtype(): align should be passed as Python or NumPy boolean but got `align=0`. Did you mean to pass a tuple to create a subarray type? (Deprecated NumPy 2.4)
  entry = pickle.load(f, encoding="latin1")
[92mINFO [0m:      [flwr-clientapp] Push `ClientAppOutputs` for token c750...5439
[92mINFO [0m:      
🚀 [Client] Training on device: CUDA
[92mINFO [0m:      
[92mINFO [0m:      [RUN 833597806201327022]
[92mINFO [0m:      Sending: train message (ID: 37cb40eebe213a25fec135e8795c436d1ab69f9f6503f2df37be12965cc49982)
[92mINFO [0m:      Sent successfully
[92mINFO [0m:      
[92mINFO [0m:      [RUN 833597806201327022]
[92mINFO [0m:      Receiving: evaluate message (ID: 7ebb1196659075eab1aa7ad06e4cda7eca243031f9730c0db793a655dc8aadad)
[92mINFO [0m:      Start `flwr-clientapp` process
[92mINFO [0m:      [flwr-clientapp] Pull `ClientAppInputs` for token ec1f...1507
[92mINFO [0m:      Received successfully
/home/cihat/Downloads/flower-distributed_article1/flower-distributed/flwr-env/lib/python3.11/site-packages/torchvision/datasets/cifar.py:83: VisibleDeprecationWarning: dtype(): align should be passed as Python or NumPy boolean but got `align=0`. Did you mean to pass a tuple to create a subarray type? (Deprecated NumPy 2.4)
  entry = pickle.load(f, encoding="latin1")
[92mINFO [0m:      [flwr-clientapp] Push `ClientAppOutputs` for token ec1f...1507
[92mINFO [0m:      
📊 [Client] Evaluating on device: CUDA
[92mINFO [0m:      
[92mINFO [0m:      [RUN 833597806201327022]
[92mINFO [0m:      Sending: evaluate message (ID: a2d74a6249ae69fc7fb517378bdf65b7bf637e512fb767b24d0e8981e452fcd4)
[92mINFO [0m:      Sent successfully
[92mINFO [0m:      
[92mINFO [0m:      [RUN 833597806201327022]
[92mINFO [0m:      Receiving: train message (ID: 371c0acc2164ce8e9756e5cb2217df3439efcfc49cc51ca5ee9a21bbe35ee715)
[92mINFO [0m:      Start `flwr-clientapp` process
[92mINFO [0m:      [flwr-clientapp] Pull `ClientAppInputs` for token aa4b...d381
[92mINFO [0m:      Received successfully
/home/cihat/Downloads/flower-distributed_article1/flower-distributed/flwr-env/lib/python3.11/site-packages/torchvision/datasets/cifar.py:83: VisibleDeprecationWarning: dtype(): align should be passed as Python or NumPy boolean but got `align=0`. Did you mean to pass a tuple to create a subarray type? (Deprecated NumPy 2.4)
  entry = pickle.load(f, encoding="latin1")
[92mINFO [0m:      [flwr-clientapp] Push `ClientAppOutputs` for token aa4b...d381
[92mINFO [0m:      
[92mINFO [0m:      [RUN 833597806201327022]
[92mINFO [0m:      Sending: train message (ID: d577bd71dfcf4d058d37e6b5fd70bf214f12279be02dc94e423861c7aebeb4df)
[92mINFO [0m:      
🚀 [Client] Training on device: CUDA
[92mINFO [0m:      Sent successfully
[92mINFO [0m:      
[92mINFO [0m:      [RUN 833597806201327022]
[92mINFO [0m:      Receiving: evaluate message (ID: 42c124fa0fddf8e603076e321c9358d14fcd94caa686246d614e061ec0ddeba9)
[92mINFO [0m:      Start `flwr-clientapp` process
[92mINFO [0m:      [flwr-clientapp] Pull `ClientAppInputs` for token ef83...c2e7
[92mINFO [0m:      Received successfully
/home/cihat/Downloads/flower-distributed_article1/flower-distributed/flwr-env/lib/python3.11/site-packages/torchvision/datasets/cifar.py:83: VisibleDeprecationWarning: dtype(): align should be passed as Python or NumPy boolean but got `align=0`. Did you mean to pass a tuple to create a subarray type? (Deprecated NumPy 2.4)
  entry = pickle.load(f, encoding="latin1")
[92mINFO [0m:      [flwr-clientapp] Push `ClientAppOutputs` for token ef83...c2e7
[92mINFO [0m:      
[92mINFO [0m:      
[92mINFO [0m:      [RUN 833597806201327022]
[92mINFO [0m:      Sending: evaluate message (ID: 53e24dcd6e5ded1222acd3a52da63793943d1e65bd19b41e8d7e1bb8c90b14c4)
📊 [Client] Evaluating on device: CUDA
[92mINFO [0m:      Sent successfully
[92mINFO [0m:      
[92mINFO [0m:      [RUN 833597806201327022]
[92mINFO [0m:      Receiving: train message (ID: c6c0aa60fb8c0676dfd22937eb5d277aaf99e2f2134c9b38cbd61a7db9f9b512)
[92mINFO [0m:      Start `flwr-clientapp` process
[92mINFO [0m:      [flwr-clientapp] Pull `ClientAppInputs` for token d9a3...7393
[92mINFO [0m:      Received successfully
/home/cihat/Downloads/flower-distributed_article1/flower-distributed/flwr-env/lib/python3.11/site-packages/torchvision/datasets/cifar.py:83: VisibleDeprecationWarning: dtype(): align should be passed as Python or NumPy boolean but got `align=0`. Did you mean to pass a tuple to create a subarray type? (Deprecated NumPy 2.4)
  entry = pickle.load(f, encoding="latin1")
[92mINFO [0m:      [flwr-clientapp] Push `ClientAppOutputs` for token d9a3...7393
[92mINFO [0m:      
[92mINFO [0m:      [RUN 833597806201327022]
[92mINFO [0m:      Sending: train message (ID: 3e6e0fbe59451c57e85e80df8dc7f21fe51490e9743b4565a3b6bc490b3aaac0)
[92mINFO [0m:      
🚀 [Client] Training on device: CUDA
[92mINFO [0m:      Sent successfully
[92mINFO [0m:      
[92mINFO [0m:      [RUN 833597806201327022]
[92mINFO [0m:      Receiving: evaluate message (ID: 967ac04112a19c8335983c68f43b752808bd7e1bc0bee4429a03ab5c273615e7)
[92mINFO [0m:      Start `flwr-clientapp` process
[92mINFO [0m:      [flwr-clientapp] Pull `ClientAppInputs` for token 6c98...2dd7
[92mINFO [0m:      Received successfully
/home/cihat/Downloads/flower-distributed_article1/flower-distributed/flwr-env/lib/python3.11/site-packages/torchvision/datasets/cifar.py:83: VisibleDeprecationWarning: dtype(): align should be passed as Python or NumPy boolean but got `align=0`. Did you mean to pass a tuple to create a subarray type? (Deprecated NumPy 2.4)
  entry = pickle.load(f, encoding="latin1")
[92mINFO [0m:      [flwr-clientapp] Push `ClientAppOutputs` for token 6c98...2dd7
[92mINFO [0m:      
📊 [Client] Evaluating on device: CUDA
[92mINFO [0m:      
[92mINFO [0m:      [RUN 833597806201327022]
[92mINFO [0m:      Sending: evaluate message (ID: 8ac6aab811e6034bee8528d6e2cd2d1a023bf858c10bec8eb01457e75ffb203f)
[92mINFO [0m:      Sent successfully
[92mINFO [0m:      
[92mINFO [0m:      [RUN 833597806201327022]
[92mINFO [0m:      Receiving: train message (ID: 51013c3b9aecdf151a0825d93a760811bb516221c969778d2d15ce57ee722d18)
[92mINFO [0m:      Start `flwr-clientapp` process
[92mINFO [0m:      [flwr-clientapp] Pull `ClientAppInputs` for token dc0f...c4aa
[92mINFO [0m:      Received successfully
/home/cihat/Downloads/flower-distributed_article1/flower-distributed/flwr-env/lib/python3.11/site-packages/torchvision/datasets/cifar.py:83: VisibleDeprecationWarning: dtype(): align should be passed as Python or NumPy boolean but got `align=0`. Did you mean to pass a tuple to create a subarray type? (Deprecated NumPy 2.4)
  entry = pickle.load(f, encoding="latin1")
[92mINFO [0m:      [flwr-clientapp] Push `ClientAppOutputs` for token dc0f...c4aa
[92mINFO [0m:      
🚀 [Client] Training on device: CUDA
[92mINFO [0m:      
[92mINFO [0m:      [RUN 833597806201327022]
[92mINFO [0m:      Sending: train message (ID: fa56585ae82d7f17c303a19910e98e2b9f18c46e39736ea8fec477ffd7912a51)
[92mINFO [0m:      Sent successfully
[92mINFO [0m:      
[92mINFO [0m:      [RUN 833597806201327022]
[92mINFO [0m:      Receiving: evaluate message (ID: 9cc6554e71311df88e547ade2cd55f9103dd681da75eea832cf56f6ad4df6151)
[92mINFO [0m:      Start `flwr-clientapp` process
[92mINFO [0m:      [flwr-clientapp] Pull `ClientAppInputs` for token f6cc...5640
[92mINFO [0m:      Received successfully
/home/cihat/Downloads/flower-distributed_article1/flower-distributed/flwr-env/lib/python3.11/site-packages/torchvision/datasets/cifar.py:83: VisibleDeprecationWarning: dtype(): align should be passed as Python or NumPy boolean but got `align=0`. Did you mean to pass a tuple to create a subarray type? (Deprecated NumPy 2.4)
  entry = pickle.load(f, encoding="latin1")
[92mINFO [0m:      [flwr-clientapp] Push `ClientAppOutputs` for token f6cc...5640
[92mINFO [0m:      
📊 [Client] Evaluating on device: CUDA
[92mINFO [0m:      
[92mINFO [0m:      [RUN 833597806201327022]
[92mINFO [0m:      Sending: evaluate message (ID: 64b693dc460f8abd9afad4c9378c5e58545a1261c0da70dd0ba269cdb49b460b)
[92mINFO [0m:      Sent successfully
[92mINFO [0m:      
[92mINFO [0m:      [RUN 833597806201327022]
[92mINFO [0m:      Receiving: train message (ID: b4df3b25e1720ad6900b7556074fe88cd6d69342d27120d65035d761d950bd1e)
[92mINFO [0m:      Start `flwr-clientapp` process
[92mINFO [0m:      [flwr-clientapp] Pull `ClientAppInputs` for token 4449...e1a2
[92mINFO [0m:      Received successfully
/home/cihat/Downloads/flower-distributed_article1/flower-distributed/flwr-env/lib/python3.11/site-packages/torchvision/datasets/cifar.py:83: VisibleDeprecationWarning: dtype(): align should be passed as Python or NumPy boolean but got `align=0`. Did you mean to pass a tuple to create a subarray type? (Deprecated NumPy 2.4)
  entry = pickle.load(f, encoding="latin1")
[92mINFO [0m:      [flwr-clientapp] Push `ClientAppOutputs` for token 4449...e1a2
[92mINFO [0m:      
[92mINFO [0m:      [RUN 833597806201327022]
[92mINFO [0m:      Sending: train message (ID: 76006e4257747abc07f1881b5e5bcacddf1b1ffe92e3fa2944da1e13b5af2be6)
[92mINFO [0m:      
🚀 [Client] Training on device: CUDA
[92mINFO [0m:      Sent successfully
[92mINFO [0m:      
[92mINFO [0m:      [RUN 833597806201327022]
[92mINFO [0m:      Receiving: evaluate message (ID: 7a6ea946081f0555293fa101c7f305e873f37602898d1d741561a16eabe1d89e)
[92mINFO [0m:      Start `flwr-clientapp` process
[92mINFO [0m:      [flwr-clientapp] Pull `ClientAppInputs` for token 40b1...fd02
[92mINFO [0m:      Received successfully
/home/cihat/Downloads/flower-distributed_article1/flower-distributed/flwr-env/lib/python3.11/site-packages/torchvision/datasets/cifar.py:83: VisibleDeprecationWarning: dtype(): align should be passed as Python or NumPy boolean but got `align=0`. Did you mean to pass a tuple to create a subarray type? (Deprecated NumPy 2.4)
  entry = pickle.load(f, encoding="latin1")
[92mINFO [0m:      [flwr-clientapp] Push `ClientAppOutputs` for token 40b1...fd02
[92mINFO [0m:      
📊 [Client] Evaluating on device: CUDA
[92mINFO [0m:      
[92mINFO [0m:      [RUN 833597806201327022]
[92mINFO [0m:      Sending: evaluate message (ID: 996fd7d855c598f8ded8ecb853e58a7907e8f8bf6a419c2fa9993e75301a7f66)
[92mINFO [0m:      Sent successfully
[92mINFO [0m:      
[92mINFO [0m:      [RUN 833597806201327022]
[92mINFO [0m:      Receiving: train message (ID: c4072227bc79e2ee8ae7b631f114dec9b26ebb8314cdc93e7695f784c86072ae)
[92mINFO [0m:      Start `flwr-clientapp` process
[92mINFO [0m:      [flwr-clientapp] Pull `ClientAppInputs` for token b648...5ddf
[92mINFO [0m:      Received successfully
/home/cihat/Downloads/flower-distributed_article1/flower-distributed/flwr-env/lib/python3.11/site-packages/torchvision/datasets/cifar.py:83: VisibleDeprecationWarning: dtype(): align should be passed as Python or NumPy boolean but got `align=0`. Did you mean to pass a tuple to create a subarray type? (Deprecated NumPy 2.4)
  entry = pickle.load(f, encoding="latin1")
[92mINFO [0m:      [flwr-clientapp] Push `ClientAppOutputs` for token b648...5ddf
[92mINFO [0m:      
[92mINFO [0m:      
[92mINFO [0m:      [RUN 833597806201327022]
[92mINFO [0m:      Sending: train message (ID: 68cd04271db4e9c3e066b55fe458deb7465f3643e5ef80b865d77d65add2aa17)
🚀 [Client] Training on device: CUDA
[92mINFO [0m:      Sent successfully
[92mINFO [0m:      
[92mINFO [0m:      [RUN 833597806201327022]
[92mINFO [0m:      Receiving: evaluate message (ID: 754910a451b80dadf0428a3b8fb46c75a9d8261c2ac97dc851d8d47163556e50)
[92mINFO [0m:      Start `flwr-clientapp` process
[92mINFO [0m:      [flwr-clientapp] Pull `ClientAppInputs` for token 51ce...1a01
[92mINFO [0m:      Received successfully
/home/cihat/Downloads/flower-distributed_article1/flower-distributed/flwr-env/lib/python3.11/site-packages/torchvision/datasets/cifar.py:83: VisibleDeprecationWarning: dtype(): align should be passed as Python or NumPy boolean but got `align=0`. Did you mean to pass a tuple to create a subarray type? (Deprecated NumPy 2.4)
  entry = pickle.load(f, encoding="latin1")
[92mINFO [0m:      [flwr-clientapp] Push `ClientAppOutputs` for token 51ce...1a01
[92mINFO [0m:      
📊 [Client] Evaluating on device: CUDA
[92mINFO [0m:      
[92mINFO [0m:      [RUN 833597806201327022]
[92mINFO [0m:      Sending: evaluate message (ID: be4808992252614ca7d58340b61a373be2520dc56f6ead8c8f464fece04f72cb)
[92mINFO [0m:      Sent successfully
[92mINFO [0m:      
[92mINFO [0m:      [RUN 833597806201327022]
[92mINFO [0m:      Receiving: train message (ID: ededeb4fb7697f9d1f855df0c9b1dd10c5a338c41ba2d528e9e3d0243fa2ac87)
[92mINFO [0m:      Start `flwr-clientapp` process
[92mINFO [0m:      [flwr-clientapp] Pull `ClientAppInputs` for token a14e...cee7
[92mINFO [0m:      Received successfully
/home/cihat/Downloads/flower-distributed_article1/flower-distributed/flwr-env/lib/python3.11/site-packages/torchvision/datasets/cifar.py:83: VisibleDeprecationWarning: dtype(): align should be passed as Python or NumPy boolean but got `align=0`. Did you mean to pass a tuple to create a subarray type? (Deprecated NumPy 2.4)
  entry = pickle.load(f, encoding="latin1")
[92mINFO [0m:      [flwr-clientapp] Push `ClientAppOutputs` for token a14e...cee7
[92mINFO [0m:      
[92mINFO [0m:      
[92mINFO [0m:      [RUN 833597806201327022]
[92mINFO [0m:      Sending: train message (ID: d2e983060e61e8b24e7d1b590fad0af0db106088cb93777b43191ca6725a8625)
🚀 [Client] Training on device: CUDA
[92mINFO [0m:      Sent successfully
[92mINFO [0m:      
[92mINFO [0m:      [RUN 833597806201327022]
[92mINFO [0m:      Receiving: evaluate message (ID: 005bcdb742f88824076b9f1347ef2017571aac757cae5b1cbfee6a5afa6ca8d9)
[92mINFO [0m:      Start `flwr-clientapp` process
[92mINFO [0m:      [flwr-clientapp] Pull `ClientAppInputs` for token be08...06cd
[92mINFO [0m:      Received successfully
/home/cihat/Downloads/flower-distributed_article1/flower-distributed/flwr-env/lib/python3.11/site-packages/torchvision/datasets/cifar.py:83: VisibleDeprecationWarning: dtype(): align should be passed as Python or NumPy boolean but got `align=0`. Did you mean to pass a tuple to create a subarray type? (Deprecated NumPy 2.4)
  entry = pickle.load(f, encoding="latin1")
[92mINFO [0m:      [flwr-clientapp] Push `ClientAppOutputs` for token be08...06cd
[92mINFO [0m:      
📊 [Client] Evaluating on device: CUDA
[92mINFO [0m:      
[92mINFO [0m:      [RUN 833597806201327022]
[92mINFO [0m:      Sending: evaluate message (ID: da03e4a2aaa4493d7f1fe7b171f62b20fd3c475f979017c38ad7e67c8727733f)
[92mINFO [0m:      Sent successfully
[92mINFO [0m:      
[92mINFO [0m:      [RUN 833597806201327022]
[92mINFO [0m:      Receiving: train message (ID: d109f252b666c72b9b6ddc70fdb76732b5d7ceab23d683f381bf518f9f6dc0e0)
[92mINFO [0m:      Start `flwr-clientapp` process
[92mINFO [0m:      [flwr-clientapp] Pull `ClientAppInputs` for token aa2e...9cb8
[92mINFO [0m:      Received successfully
/home/cihat/Downloads/flower-distributed_article1/flower-distributed/flwr-env/lib/python3.11/site-packages/torchvision/datasets/cifar.py:83: VisibleDeprecationWarning: dtype(): align should be passed as Python or NumPy boolean but got `align=0`. Did you mean to pass a tuple to create a subarray type? (Deprecated NumPy 2.4)
  entry = pickle.load(f, encoding="latin1")
[92mINFO [0m:      [flwr-clientapp] Push `ClientAppOutputs` for token aa2e...9cb8
[92mINFO [0m:      
🚀 [Client] Training on device: CUDA
[92mINFO [0m:      
[92mINFO [0m:      [RUN 833597806201327022]
[92mINFO [0m:      Sending: train message (ID: db3f0d0d24c46765cb4d85a8d14975c663489de389cf2fd52d9e32c86218ad14)
[92mINFO [0m:      Sent successfully
[92mINFO [0m:      
[92mINFO [0m:      [RUN 833597806201327022]
[92mINFO [0m:      Receiving: evaluate message (ID: b13e577da5b5dc51922c5358e231333acf7b73d84f3a39b832b577b4ba414360)
[92mINFO [0m:      Start `flwr-clientapp` process
[92mINFO [0m:      [flwr-clientapp] Pull `ClientAppInputs` for token dd50...d2e7
[92mINFO [0m:      Received successfully
/home/cihat/Downloads/flower-distributed_article1/flower-distributed/flwr-env/lib/python3.11/site-packages/torchvision/datasets/cifar.py:83: VisibleDeprecationWarning: dtype(): align should be passed as Python or NumPy boolean but got `align=0`. Did you mean to pass a tuple to create a subarray type? (Deprecated NumPy 2.4)
  entry = pickle.load(f, encoding="latin1")
[92mINFO [0m:      [flwr-clientapp] Push `ClientAppOutputs` for token dd50...d2e7
[92mINFO [0m:      
📊 [Client] Evaluating on device: CUDA
[92mINFO [0m:      
[92mINFO [0m:      [RUN 833597806201327022]
[92mINFO [0m:      Sending: evaluate message (ID: e4adb5f157e35df0c529abafaf1fc7b1aece4e453553bf9d28c8921bfeb03796)
[92mINFO [0m:      Sent successfully
[92mINFO [0m:      
[92mINFO [0m:      [RUN 833597806201327022]
[92mINFO [0m:      Receiving: train message (ID: 9f4b790d34c197a3dee569e149271d73b030cea690a299843a07cc18b2987134)
[92mINFO [0m:      Start `flwr-clientapp` process
[92mINFO [0m:      [flwr-clientapp] Pull `ClientAppInputs` for token d3b4...d01d
[92mINFO [0m:      Received successfully
/home/cihat/Downloads/flower-distributed_article1/flower-distributed/flwr-env/lib/python3.11/site-packages/torchvision/datasets/cifar.py:83: VisibleDeprecationWarning: dtype(): align should be passed as Python or NumPy boolean but got `align=0`. Did you mean to pass a tuple to create a subarray type? (Deprecated NumPy 2.4)
  entry = pickle.load(f, encoding="latin1")
[92mINFO [0m:      [flwr-clientapp] Push `ClientAppOutputs` for token d3b4...d01d
[92mINFO [0m:      
[92mINFO [0m:      
[92mINFO [0m:      [RUN 833597806201327022]
[92mINFO [0m:      Sending: train message (ID: 49fd40c09f360eb8fbae6e847c8fa620e57fb7a06235cfc9cd048d0998d24b02)
🚀 [Client] Training on device: CUDA
[92mINFO [0m:      Sent successfully
[92mINFO [0m:      
[92mINFO [0m:      [RUN 833597806201327022]
[92mINFO [0m:      Receiving: evaluate message (ID: 7a1081d811786e4b1964df49444a7052b5400051a3aeebe5cef399c74d89d791)
[92mINFO [0m:      Start `flwr-clientapp` process
[92mINFO [0m:      [flwr-clientapp] Pull `ClientAppInputs` for token ac19...8cb8
[92mINFO [0m:      Received successfully
/home/cihat/Downloads/flower-distributed_article1/flower-distributed/flwr-env/lib/python3.11/site-packages/torchvision/datasets/cifar.py:83: VisibleDeprecationWarning: dtype(): align should be passed as Python or NumPy boolean but got `align=0`. Did you mean to pass a tuple to create a subarray type? (Deprecated NumPy 2.4)
  entry = pickle.load(f, encoding="latin1")
[92mINFO [0m:      [flwr-clientapp] Push `ClientAppOutputs` for token ac19...8cb8
[92mINFO [0m:      
📊 [Client] Evaluating on device: CUDA
[92mINFO [0m:      
[92mINFO [0m:      [RUN 833597806201327022]
[92mINFO [0m:      Sending: evaluate message (ID: a8a1b0dc131c074f450162439c10b16234bccbf075828535b87ab81c65ce2097)
[92mINFO [0m:      Sent successfully
[92mINFO [0m:      
[92mINFO [0m:      [RUN 833597806201327022]
[92mINFO [0m:      Receiving: train message (ID: 23245b1ff17588fc890dea2cb45da1e23aa0b2d9e1a8093b9867ea994b1e0934)
[92mINFO [0m:      Start `flwr-clientapp` process
[92mINFO [0m:      [flwr-clientapp] Pull `ClientAppInputs` for token 114d...4c9a
[92mINFO [0m:      Received successfully
/home/cihat/Downloads/flower-distributed_article1/flower-distributed/flwr-env/lib/python3.11/site-packages/torchvision/datasets/cifar.py:83: VisibleDeprecationWarning: dtype(): align should be passed as Python or NumPy boolean but got `align=0`. Did you mean to pass a tuple to create a subarray type? (Deprecated NumPy 2.4)
  entry = pickle.load(f, encoding="latin1")
[92mINFO [0m:      [flwr-clientapp] Push `ClientAppOutputs` for token 114d...4c9a
[92mINFO [0m:      
[92mINFO [0m:      [RUN 833597806201327022]
[92mINFO [0m:      Sending: train message (ID: 6a11a75fb3db06459157b5e70ce23d90212edcba254779b2e98931f96e51f220)
[92mINFO [0m:      
🚀 [Client] Training on device: CUDA
[92mINFO [0m:      Sent successfully
[92mINFO [0m:      
[92mINFO [0m:      [RUN 833597806201327022]
[92mINFO [0m:      Receiving: evaluate message (ID: ae5647282599e80c736c3be20ff1418abe626c966192f179a2b6d31857490346)
[92mINFO [0m:      Start `flwr-clientapp` process
[92mINFO [0m:      [flwr-clientapp] Pull `ClientAppInputs` for token bbaa...6186
[92mINFO [0m:      Received successfully
/home/cihat/Downloads/flower-distributed_article1/flower-distributed/flwr-env/lib/python3.11/site-packages/torchvision/datasets/cifar.py:83: VisibleDeprecationWarning: dtype(): align should be passed as Python or NumPy boolean but got `align=0`. Did you mean to pass a tuple to create a subarray type? (Deprecated NumPy 2.4)
  entry = pickle.load(f, encoding="latin1")
[92mINFO [0m:      [flwr-clientapp] Push `ClientAppOutputs` for token bbaa...6186
[92mINFO [0m:      
[92mINFO [0m:      
[92mINFO [0m:      [RUN 833597806201327022]
[92mINFO [0m:      Sending: evaluate message (ID: afa8795f5213acda49cd1d9916b6dfe0abef73be38eb685f162221302dd06bb0)
📊 [Client] Evaluating on device: CUDA
[92mINFO [0m:      Sent successfully
[92mINFO [0m:      
[92mINFO [0m:      [RUN 833597806201327022]
[92mINFO [0m:      Receiving: train message (ID: 0a47fedd2a3cee5f7fa1e622754d7ad5988ae7331f10aad7faca1b08866bcbd3)
[92mINFO [0m:      Start `flwr-clientapp` process
[92mINFO [0m:      [flwr-clientapp] Pull `ClientAppInputs` for token 4fe1...a689
[92mINFO [0m:      Received successfully
/home/cihat/Downloads/flower-distributed_article1/flower-distributed/flwr-env/lib/python3.11/site-packages/torchvision/datasets/cifar.py:83: VisibleDeprecationWarning: dtype(): align should be passed as Python or NumPy boolean but got `align=0`. Did you mean to pass a tuple to create a subarray type? (Deprecated NumPy 2.4)
  entry = pickle.load(f, encoding="latin1")
[92mINFO [0m:      [flwr-clientapp] Push `ClientAppOutputs` for token 4fe1...a689
[92mINFO [0m:      
🚀 [Client] Training on device: CUDA
[92mINFO [0m:      
[92mINFO [0m:      [RUN 833597806201327022]
[92mINFO [0m:      Sending: train message (ID: 5fd8ae5db79ead8f1d04f7ae86b83fe70f899a5efa087d232b5c9d4faa33b867)
[92mINFO [0m:      Sent successfully
[92mINFO [0m:      
[92mINFO [0m:      [RUN 833597806201327022]
[92mINFO [0m:      Receiving: evaluate message (ID: 791380a6e9f8f0096da3aa448dbc4a26f26056ae6c48d899330fc2f4b23f5bcb)
[92mINFO [0m:      Start `flwr-clientapp` process
[92mINFO [0m:      [flwr-clientapp] Pull `ClientAppInputs` for token 7ecd...7eaf
[92mINFO [0m:      Received successfully
/home/cihat/Downloads/flower-distributed_article1/flower-distributed/flwr-env/lib/python3.11/site-packages/torchvision/datasets/cifar.py:83: VisibleDeprecationWarning: dtype(): align should be passed as Python or NumPy boolean but got `align=0`. Did you mean to pass a tuple to create a subarray type? (Deprecated NumPy 2.4)
  entry = pickle.load(f, encoding="latin1")
[92mINFO [0m:      [flwr-clientapp] Push `ClientAppOutputs` for token 7ecd...7eaf
[92mINFO [0m:      
[92mINFO [0m:      
[92mINFO [0m:      [RUN 833597806201327022]
[92mINFO [0m:      Sending: evaluate message (ID: 21accfab7b37d20b5749f6f8360c2c571f5af131fa6fbe5912198736322b8efe)
📊 [Client] Evaluating on device: CUDA
[92mINFO [0m:      Sent successfully
[92mINFO [0m:      
[92mINFO [0m:      [RUN 833597806201327022]
[92mINFO [0m:      Receiving: train message (ID: cc644df10ef0b8ef3608bd643c048a87654ab6edd5ef1e50acf5968677cc512b)
[92mINFO [0m:      Start `flwr-clientapp` process
[92mINFO [0m:      [flwr-clientapp] Pull `ClientAppInputs` for token 6c85...ea95
[92mINFO [0m:      Received successfully
/home/cihat/Downloads/flower-distributed_article1/flower-distributed/flwr-env/lib/python3.11/site-packages/torchvision/datasets/cifar.py:83: VisibleDeprecationWarning: dtype(): align should be passed as Python or NumPy boolean but got `align=0`. Did you mean to pass a tuple to create a subarray type? (Deprecated NumPy 2.4)
  entry = pickle.load(f, encoding="latin1")
[92mINFO [0m:      [flwr-clientapp] Push `ClientAppOutputs` for token 6c85...ea95
[92mINFO [0m:      
🚀 [Client] Training on device: CUDA
[92mINFO [0m:      
[92mINFO [0m:      [RUN 833597806201327022]
[92mINFO [0m:      Sending: train message (ID: e8968a185a958f06b543379e5848fcfca6a6d03d7f8aee927cc35be96efa5442)
[92mINFO [0m:      Sent successfully
[92mINFO [0m:      
[92mINFO [0m:      [RUN 833597806201327022]
[92mINFO [0m:      Receiving: evaluate message (ID: cc70120e2e555d4011713583b4fa3c9ad6e37a73a300741d5f7849e4defaa895)
[92mINFO [0m:      Start `flwr-clientapp` process
[92mINFO [0m:      [flwr-clientapp] Pull `ClientAppInputs` for token 2b3f...617c
[92mINFO [0m:      Received successfully
/home/cihat/Downloads/flower-distributed_article1/flower-distributed/flwr-env/lib/python3.11/site-packages/torchvision/datasets/cifar.py:83: VisibleDeprecationWarning: dtype(): align should be passed as Python or NumPy boolean but got `align=0`. Did you mean to pass a tuple to create a subarray type? (Deprecated NumPy 2.4)
  entry = pickle.load(f, encoding="latin1")
[92mINFO [0m:      [flwr-clientapp] Push `ClientAppOutputs` for token 2b3f...617c
[92mINFO [0m:      
📊 [Client] Evaluating on device: CUDA
[92mINFO [0m:      
[92mINFO [0m:      [RUN 833597806201327022]
[92mINFO [0m:      Sending: evaluate message (ID: ea489b975b9a66e6884436bce7e342fd9c04d248515d964fc0e24d37112f9609)
[92mINFO [0m:      Sent successfully
[92mINFO [0m:      
[92mINFO [0m:      [RUN 833597806201327022]
[92mINFO [0m:      Receiving: train message (ID: e0a99412e430ccf791f4a052944e387d333a1e91d837dab032f9dd5b28bf972e)
[92mINFO [0m:      Start `flwr-clientapp` process
[92mINFO [0m:      [flwr-clientapp] Pull `ClientAppInputs` for token 59c8...d240
[92mINFO [0m:      Received successfully
/home/cihat/Downloads/flower-distributed_article1/flower-distributed/flwr-env/lib/python3.11/site-packages/torchvision/datasets/cifar.py:83: VisibleDeprecationWarning: dtype(): align should be passed as Python or NumPy boolean but got `align=0`. Did you mean to pass a tuple to create a subarray type? (Deprecated NumPy 2.4)
  entry = pickle.load(f, encoding="latin1")
[92mINFO [0m:      [flwr-clientapp] Push `ClientAppOutputs` for token 59c8...d240
[92mINFO [0m:      
[92mINFO [0m:      [RUN 833597806201327022]
[92mINFO [0m:      Sending: train message (ID: c2628bb6af153f8c46f35a1d669ac6011a09c667fe67b488dbc27d43ea7706b1)
[92mINFO [0m:      
🚀 [Client] Training on device: CUDA
[92mINFO [0m:      Sent successfully
[92mINFO [0m:      
[92mINFO [0m:      [RUN 833597806201327022]
[92mINFO [0m:      Receiving: evaluate message (ID: a51b9f18a66b05188a92ff9199d257ab7c2d42b3cc410eab5dce412009d7d5b5)
[92mINFO [0m:      Start `flwr-clientapp` process
[92mINFO [0m:      [flwr-clientapp] Pull `ClientAppInputs` for token 709a...0ae2
[92mINFO [0m:      Received successfully
/home/cihat/Downloads/flower-distributed_article1/flower-distributed/flwr-env/lib/python3.11/site-packages/torchvision/datasets/cifar.py:83: VisibleDeprecationWarning: dtype(): align should be passed as Python or NumPy boolean but got `align=0`. Did you mean to pass a tuple to create a subarray type? (Deprecated NumPy 2.4)
  entry = pickle.load(f, encoding="latin1")
[92mINFO [0m:      [flwr-clientapp] Push `ClientAppOutputs` for token 709a...0ae2
[92mINFO [0m:      
[92mINFO [0m:      
[92mINFO [0m:      [RUN 833597806201327022]
[92mINFO [0m:      Sending: evaluate message (ID: 2262b72194524097c09f3784afd3afe0e5e8a2ffdad9dd46fa22b25e20c77da3)
📊 [Client] Evaluating on device: CUDA
[92mINFO [0m:      Sent successfully
[92mINFO [0m:      
[92mINFO [0m:      [RUN 833597806201327022]
[92mINFO [0m:      Receiving: train message (ID: 0c01473c5aa818c09ef1346d2ac48480a19d9096c2aa953217ead3aeb20720c7)
[92mINFO [0m:      Start `flwr-clientapp` process
[92mINFO [0m:      [flwr-clientapp] Pull `ClientAppInputs` for token d3da...92c3
[92mINFO [0m:      Received successfully
/home/cihat/Downloads/flower-distributed_article1/flower-distributed/flwr-env/lib/python3.11/site-packages/torchvision/datasets/cifar.py:83: VisibleDeprecationWarning: dtype(): align should be passed as Python or NumPy boolean but got `align=0`. Did you mean to pass a tuple to create a subarray type? (Deprecated NumPy 2.4)
  entry = pickle.load(f, encoding="latin1")
[92mINFO [0m:      [flwr-clientapp] Push `ClientAppOutputs` for token d3da...92c3
[92mINFO [0m:      
🚀 [Client] Training on device: CUDA
[92mINFO [0m:      
[92mINFO [0m:      [RUN 833597806201327022]
[92mINFO [0m:      Sending: train message (ID: 2b5dc82c9174f533d9a7c4526bdd3f29b2d90bee3581a469c5144886b43cd50d)
[92mINFO [0m:      Sent successfully
[92mINFO [0m:      
[92mINFO [0m:      [RUN 833597806201327022]
[92mINFO [0m:      Receiving: evaluate message (ID: 9541d8a0cad141f673abb45ca9c42e3338af4821557e1337cadd0bc71e46bbd6)
[92mINFO [0m:      Start `flwr-clientapp` process
[92mINFO [0m:      [flwr-clientapp] Pull `ClientAppInputs` for token dc77...980d
[92mINFO [0m:      Received successfully
/home/cihat/Downloads/flower-distributed_article1/flower-distributed/flwr-env/lib/python3.11/site-packages/torchvision/datasets/cifar.py:83: VisibleDeprecationWarning: dtype(): align should be passed as Python or NumPy boolean but got `align=0`. Did you mean to pass a tuple to create a subarray type? (Deprecated NumPy 2.4)
  entry = pickle.load(f, encoding="latin1")
[92mINFO [0m:      [flwr-clientapp] Push `ClientAppOutputs` for token dc77...980d
[92mINFO [0m:      
📊 [Client] Evaluating on device: CUDA
[92mINFO [0m:      
[92mINFO [0m:      [RUN 833597806201327022]
[92mINFO [0m:      Sending: evaluate message (ID: 781f3ab5865740c51e9f6c9584d713208c58f449956a63ecd739e7533db2d3bf)
[92mINFO [0m:      Sent successfully
