[92mINFO [0m:      Starting Flower SuperNode
[93mWARNING [0m:   Option `--insecure` was set. Starting insecure HTTP channel to 10.0.0.1:9092.
[92mINFO [0m:      Flower Deployment Runtime: Starting ClientAppIo API on 0.0.0.0:9094
[92mINFO [0m:      SuperNode ID: 4733230809295131133
[92mINFO [0m:      Starting Flower SuperExec
[92mINFO [0m:      
[92mINFO [0m:      [RUN 833597806201327022]
[92mINFO [0m:      Receiving: train message (ID: df0a3c95e89d2a49d08d546c81f83fdf63dc5559940601492538e346c116800b)
[92mINFO [0m:      Start `flwr-clientapp` process
[92mINFO [0m:      [flwr-clientapp] Pull `ClientAppInputs` for token 618a...e838
[92mINFO [0m:      Received successfully
/home/cihat/Downloads/flower-distributed_article1/flower-distributed/flwr-env/lib/python3.11/site-packages/torchvision/datasets/cifar.py:83: VisibleDeprecationWarning: dtype(): align should be passed as Python or NumPy boolean but got `align=0`. Did you mean to pass a tuple to create a subarray type? (Deprecated NumPy 2.4)
  entry = pickle.load(f, encoding="latin1")
[92mINFO [0m:      [flwr-clientapp] Push `ClientAppOutputs` for token 618a...e838
[92mINFO [0m:      
[92mINFO [0m:      [RUN 833597806201327022]
[92mINFO [0m:      Sending: train message (ID: 0109ea2a8eda6bef52b90764299db357418adf05271446bec884badfe4aa2306)
[92mINFO [0m:      
🚀 [Client] Training on device: CUDA
[92mINFO [0m:      Sent successfully
[92mINFO [0m:      
[92mINFO [0m:      [RUN 833597806201327022]
[92mINFO [0m:      Receiving: evaluate message (ID: 228a98a6043c46166c5b3aa3f7664f1ee318552572b2eb294126cfee60c91f6c)
[92mINFO [0m:      Start `flwr-clientapp` process
[92mINFO [0m:      [flwr-clientapp] Pull `ClientAppInputs` for token 0843...e696
[92mINFO [0m:      Received successfully
/home/cihat/Downloads/flower-distributed_article1/flower-distributed/flwr-env/lib/python3.11/site-packages/torchvision/datasets/cifar.py:83: VisibleDeprecationWarning: dtype(): align should be passed as Python or NumPy boolean but got `align=0`. Did you mean to pass a tuple to create a subarray type? (Deprecated NumPy 2.4)
  entry = pickle.load(f, encoding="latin1")
[92mINFO [0m:      [flwr-clientapp] Push `ClientAppOutputs` for token 0843...e696
[92mINFO [0m:      
[92mINFO [0m:      
[92mINFO [0m:      [RUN 833597806201327022]
[92mINFO [0m:      Sending: evaluate message (ID: be97964f30ae718f32c2f1b2b2dcab3c956de0afd71527d57342243526d93d84)
📊 [Client] Evaluating on device: CUDA
[92mINFO [0m:      Sent successfully
[92mINFO [0m:      
[92mINFO [0m:      [RUN 833597806201327022]
[92mINFO [0m:      Receiving: train message (ID: 26195c6cf36a4d2b924e08e0aaf9efb814209db85950e9b1f08643d87d077f40)
[92mINFO [0m:      Start `flwr-clientapp` process
[92mINFO [0m:      [flwr-clientapp] Pull `ClientAppInputs` for token 4f35...155c
[92mINFO [0m:      Received successfully
/home/cihat/Downloads/flower-distributed_article1/flower-distributed/flwr-env/lib/python3.11/site-packages/torchvision/datasets/cifar.py:83: VisibleDeprecationWarning: dtype(): align should be passed as Python or NumPy boolean but got `align=0`. Did you mean to pass a tuple to create a subarray type? (Deprecated NumPy 2.4)
  entry = pickle.load(f, encoding="latin1")
[92mINFO [0m:      [flwr-clientapp] Push `ClientAppOutputs` for token 4f35...155c
[92mINFO [0m:      
[92mINFO [0m:      [RUN 833597806201327022]
[92mINFO [0m:      Sending: train message (ID: 7acdf5bea87eba21c3d9bd2ee05783e551b220eaf65d43278b2320d92fbc8a05)
[92mINFO [0m:      
🚀 [Client] Training on device: CUDA
[92mINFO [0m:      Sent successfully
[92mINFO [0m:      
[92mINFO [0m:      [RUN 833597806201327022]
[92mINFO [0m:      Receiving: evaluate message (ID: 75eb77ff4dd0ce14887f357e7351eecb761259195b675dbf68686e137324a53c)
[92mINFO [0m:      Start `flwr-clientapp` process
[92mINFO [0m:      [flwr-clientapp] Pull `ClientAppInputs` for token 9725...2d2d
[92mINFO [0m:      Received successfully
/home/cihat/Downloads/flower-distributed_article1/flower-distributed/flwr-env/lib/python3.11/site-packages/torchvision/datasets/cifar.py:83: VisibleDeprecationWarning: dtype(): align should be passed as Python or NumPy boolean but got `align=0`. Did you mean to pass a tuple to create a subarray type? (Deprecated NumPy 2.4)
  entry = pickle.load(f, encoding="latin1")
[92mINFO [0m:      [flwr-clientapp] Push `ClientAppOutputs` for token 9725...2d2d
[92mINFO [0m:      
📊 [Client] Evaluating on device: CUDA
[92mINFO [0m:      
[92mINFO [0m:      [RUN 833597806201327022]
[92mINFO [0m:      Sending: evaluate message (ID: 61ed32e1aef74a2e3f8ea3a4031ca6b9f73d22f9b69d3f8777898324334c42b7)
[92mINFO [0m:      Sent successfully
[92mINFO [0m:      
[92mINFO [0m:      [RUN 833597806201327022]
[92mINFO [0m:      Receiving: train message (ID: f5cddfa07d4dca74f09247ffc9f6b13417754aaa9a19ee3d892274310a7d0f48)
[92mINFO [0m:      Start `flwr-clientapp` process
[92mINFO [0m:      [flwr-clientapp] Pull `ClientAppInputs` for token a4c9...4c5c
[92mINFO [0m:      Received successfully
/home/cihat/Downloads/flower-distributed_article1/flower-distributed/flwr-env/lib/python3.11/site-packages/torchvision/datasets/cifar.py:83: VisibleDeprecationWarning: dtype(): align should be passed as Python or NumPy boolean but got `align=0`. Did you mean to pass a tuple to create a subarray type? (Deprecated NumPy 2.4)
  entry = pickle.load(f, encoding="latin1")
[92mINFO [0m:      [flwr-clientapp] Push `ClientAppOutputs` for token a4c9...4c5c
[92mINFO [0m:      
🚀 [Client] Training on device: CUDA
[92mINFO [0m:      
[92mINFO [0m:      [RUN 833597806201327022]
[92mINFO [0m:      Sending: train message (ID: a5ac1da555e24c7ea21884e4edd277d6c4fccc90b832c4c38b683f01a0b39dd0)
[92mINFO [0m:      Sent successfully
[92mINFO [0m:      
[92mINFO [0m:      [RUN 833597806201327022]
[92mINFO [0m:      Receiving: evaluate message (ID: 69d453c08f96ce1ea18fea3dc16ef617e0f7a478e6fa3ff52de0c355378ab07f)
[92mINFO [0m:      Start `flwr-clientapp` process
[92mINFO [0m:      [flwr-clientapp] Pull `ClientAppInputs` for token 6206...d51a
[92mINFO [0m:      Received successfully
/home/cihat/Downloads/flower-distributed_article1/flower-distributed/flwr-env/lib/python3.11/site-packages/torchvision/datasets/cifar.py:83: VisibleDeprecationWarning: dtype(): align should be passed as Python or NumPy boolean but got `align=0`. Did you mean to pass a tuple to create a subarray type? (Deprecated NumPy 2.4)
  entry = pickle.load(f, encoding="latin1")
[92mINFO [0m:      [flwr-clientapp] Push `ClientAppOutputs` for token 6206...d51a
[92mINFO [0m:      
[92mINFO [0m:      
[92mINFO [0m:      [RUN 833597806201327022]
[92mINFO [0m:      Sending: evaluate message (ID: 48a887b38a60e406be0db49c78dd93153ced04729d5868f64f6bdf5627eaecb6)
📊 [Client] Evaluating on device: CUDA
[92mINFO [0m:      Sent successfully
[92mINFO [0m:      
[92mINFO [0m:      [RUN 833597806201327022]
[92mINFO [0m:      Receiving: train message (ID: 538d3cf89f818069bbaf92be01e8d77786f6eccfc5191c4e7ae4955ed732a771)
[92mINFO [0m:      Start `flwr-clientapp` process
[92mINFO [0m:      [flwr-clientapp] Pull `ClientAppInputs` for token 46e3...e5b5
[92mINFO [0m:      Received successfully
/home/cihat/Downloads/flower-distributed_article1/flower-distributed/flwr-env/lib/python3.11/site-packages/torchvision/datasets/cifar.py:83: VisibleDeprecationWarning: dtype(): align should be passed as Python or NumPy boolean but got `align=0`. Did you mean to pass a tuple to create a subarray type? (Deprecated NumPy 2.4)
  entry = pickle.load(f, encoding="latin1")
[92mINFO [0m:      [flwr-clientapp] Push `ClientAppOutputs` for token 46e3...e5b5
[92mINFO [0m:      
🚀 [Client] Training on device: CUDA
[92mINFO [0m:      
[92mINFO [0m:      [RUN 833597806201327022]
[92mINFO [0m:      Sending: train message (ID: bb8eca59818583d2d8acced883050a2b5416e8c562f38b38e2eeb3415d00d032)
[92mINFO [0m:      Sent successfully
[92mINFO [0m:      
[92mINFO [0m:      [RUN 833597806201327022]
[92mINFO [0m:      Receiving: evaluate message (ID: 6ebd4f04558515c213c07cf1ab312bb40b6ccb473697282a2be3e069e21f931b)
[92mINFO [0m:      Start `flwr-clientapp` process
[92mINFO [0m:      [flwr-clientapp] Pull `ClientAppInputs` for token fae5...4836
[92mINFO [0m:      Received successfully
/home/cihat/Downloads/flower-distributed_article1/flower-distributed/flwr-env/lib/python3.11/site-packages/torchvision/datasets/cifar.py:83: VisibleDeprecationWarning: dtype(): align should be passed as Python or NumPy boolean but got `align=0`. Did you mean to pass a tuple to create a subarray type? (Deprecated NumPy 2.4)
  entry = pickle.load(f, encoding="latin1")
[92mINFO [0m:      [flwr-clientapp] Push `ClientAppOutputs` for token fae5...4836
[92mINFO [0m:      
[92mINFO [0m:      
[92mINFO [0m:      [RUN 833597806201327022]
[92mINFO [0m:      Sending: evaluate message (ID: 4e518e3ab2d1ce852fe42b375bcafe75ba014e91d36d946c09bf2b430087ad46)
📊 [Client] Evaluating on device: CUDA
[92mINFO [0m:      Sent successfully
[92mINFO [0m:      
[92mINFO [0m:      [RUN 833597806201327022]
[92mINFO [0m:      Receiving: train message (ID: 89878d685ce20fd032aa959256844cf66358ea82f21c49d82f4281fe77a4e918)
[92mINFO [0m:      Start `flwr-clientapp` process
[92mINFO [0m:      [flwr-clientapp] Pull `ClientAppInputs` for token da1b...ce36
[92mINFO [0m:      Received successfully
/home/cihat/Downloads/flower-distributed_article1/flower-distributed/flwr-env/lib/python3.11/site-packages/torchvision/datasets/cifar.py:83: VisibleDeprecationWarning: dtype(): align should be passed as Python or NumPy boolean but got `align=0`. Did you mean to pass a tuple to create a subarray type? (Deprecated NumPy 2.4)
  entry = pickle.load(f, encoding="latin1")
[92mINFO [0m:      [flwr-clientapp] Push `ClientAppOutputs` for token da1b...ce36
[92mINFO [0m:      
🚀 [Client] Training on device: CUDA
[92mINFO [0m:      
[92mINFO [0m:      [RUN 833597806201327022]
[92mINFO [0m:      Sending: train message (ID: ff7d1fdd4e5a18fccd20057ede2864af67d860b21c0087b743bef18cdd10fff5)
[92mINFO [0m:      Sent successfully
[92mINFO [0m:      
[92mINFO [0m:      [RUN 833597806201327022]
[92mINFO [0m:      Receiving: evaluate message (ID: 5b3a14586f85eb6cf2848bb414e03e8a6f8370f3b136ca55f242ee97ac440f8e)
[92mINFO [0m:      Start `flwr-clientapp` process
[92mINFO [0m:      [flwr-clientapp] Pull `ClientAppInputs` for token 8998...f5cb
[92mINFO [0m:      Received successfully
/home/cihat/Downloads/flower-distributed_article1/flower-distributed/flwr-env/lib/python3.11/site-packages/torchvision/datasets/cifar.py:83: VisibleDeprecationWarning: dtype(): align should be passed as Python or NumPy boolean but got `align=0`. Did you mean to pass a tuple to create a subarray type? (Deprecated NumPy 2.4)
  entry = pickle.load(f, encoding="latin1")
[92mINFO [0m:      [flwr-clientapp] Push `ClientAppOutputs` for token 8998...f5cb
[92mINFO [0m:      
📊 [Client] Evaluating on device: CUDA
[92mINFO [0m:      
[92mINFO [0m:      [RUN 833597806201327022]
[92mINFO [0m:      Sending: evaluate message (ID: b6a8f5fedacaf58aca20ad8ceba17cdf5ec979084dcad4e2cf5cb9d4913cf1be)
[92mINFO [0m:      Sent successfully
[92mINFO [0m:      
[92mINFO [0m:      [RUN 833597806201327022]
[92mINFO [0m:      Receiving: train message (ID: 061010be9b33101e28897e93e9724a50e08b9b518be85738f8eb10d1a584f249)
[92mINFO [0m:      Start `flwr-clientapp` process
[92mINFO [0m:      [flwr-clientapp] Pull `ClientAppInputs` for token f90e...7998
[92mINFO [0m:      Received successfully
/home/cihat/Downloads/flower-distributed_article1/flower-distributed/flwr-env/lib/python3.11/site-packages/torchvision/datasets/cifar.py:83: VisibleDeprecationWarning: dtype(): align should be passed as Python or NumPy boolean but got `align=0`. Did you mean to pass a tuple to create a subarray type? (Deprecated NumPy 2.4)
  entry = pickle.load(f, encoding="latin1")
[92mINFO [0m:      [flwr-clientapp] Push `ClientAppOutputs` for token f90e...7998
[92mINFO [0m:      
🚀 [Client] Training on device: CUDA
[92mINFO [0m:      
[92mINFO [0m:      [RUN 833597806201327022]
[92mINFO [0m:      Sending: train message (ID: 133d4566f83124873e8fe386bb91028f29a763e0f123fecaeb34e7c4efa6ec8c)
[92mINFO [0m:      Sent successfully
[92mINFO [0m:      
[92mINFO [0m:      [RUN 833597806201327022]
[92mINFO [0m:      Receiving: evaluate message (ID: 6026fe281ca702583c471b3cd800bb2ff5766abb10867088bd5f3fefc738b83e)
[92mINFO [0m:      Start `flwr-clientapp` process
[92mINFO [0m:      [flwr-clientapp] Pull `ClientAppInputs` for token 98b8...6271
[92mINFO [0m:      Received successfully
/home/cihat/Downloads/flower-distributed_article1/flower-distributed/flwr-env/lib/python3.11/site-packages/torchvision/datasets/cifar.py:83: VisibleDeprecationWarning: dtype(): align should be passed as Python or NumPy boolean but got `align=0`. Did you mean to pass a tuple to create a subarray type? (Deprecated NumPy 2.4)
  entry = pickle.load(f, encoding="latin1")
[92mINFO [0m:      [flwr-clientapp] Push `ClientAppOutputs` for token 98b8...6271
[92mINFO [0m:      
📊 [Client] Evaluating on device: CUDA
[92mINFO [0m:      
[92mINFO [0m:      [RUN 833597806201327022]
[92mINFO [0m:      Sending: evaluate message (ID: 927649c03c8f28df6ba938cdc4b43edbef60cdabb446596e37de6c2574a94b32)
[92mINFO [0m:      Sent successfully
[92mINFO [0m:      
[92mINFO [0m:      [RUN 833597806201327022]
[92mINFO [0m:      Receiving: train message (ID: 4b7aa12d88c4f7f4c8330ea88a4588caacaee3f30f5a682ba9c26a36fe6225a3)
[92mINFO [0m:      Start `flwr-clientapp` process
[92mINFO [0m:      [flwr-clientapp] Pull `ClientAppInputs` for token d727...fc4c
[92mINFO [0m:      Received successfully
/home/cihat/Downloads/flower-distributed_article1/flower-distributed/flwr-env/lib/python3.11/site-packages/torchvision/datasets/cifar.py:83: VisibleDeprecationWarning: dtype(): align should be passed as Python or NumPy boolean but got `align=0`. Did you mean to pass a tuple to create a subarray type? (Deprecated NumPy 2.4)
  entry = pickle.load(f, encoding="latin1")
[92mINFO [0m:      [flwr-clientapp] Push `ClientAppOutputs` for token d727...fc4c
[92mINFO [0m:      
🚀 [Client] Training on device: CUDA
[92mINFO [0m:      
[92mINFO [0m:      [RUN 833597806201327022]
[92mINFO [0m:      Sending: train message (ID: da19d829e09e1b390d45cc7fa67b8c9745e9785882dce5146e90b9151d5fe93b)
[92mINFO [0m:      Sent successfully
[92mINFO [0m:      
[92mINFO [0m:      [RUN 833597806201327022]
[92mINFO [0m:      Receiving: evaluate message (ID: 58837cae3574b801f4d86ebe8e3434abda81150b24e73b2c4dbfa0dd8dd396bc)
[92mINFO [0m:      Start `flwr-clientapp` process
[92mINFO [0m:      [flwr-clientapp] Pull `ClientAppInputs` for token 16c9...a5b0
[92mINFO [0m:      Received successfully
/home/cihat/Downloads/flower-distributed_article1/flower-distributed/flwr-env/lib/python3.11/site-packages/torchvision/datasets/cifar.py:83: VisibleDeprecationWarning: dtype(): align should be passed as Python or NumPy boolean but got `align=0`. Did you mean to pass a tuple to create a subarray type? (Deprecated NumPy 2.4)
  entry = pickle.load(f, encoding="latin1")
[92mINFO [0m:      [flwr-clientapp] Push `ClientAppOutputs` for token 16c9...a5b0
[92mINFO [0m:      
📊 [Client] Evaluating on device: CUDA
[92mINFO [0m:      
[92mINFO [0m:      [RUN 833597806201327022]
[92mINFO [0m:      Sending: evaluate message (ID: 179e57fda47e1bacbe34a9ca6a4bd42bc8cb5dae8fc0cd02145b07710392f094)
[92mINFO [0m:      Sent successfully
[92mINFO [0m:      
[92mINFO [0m:      [RUN 833597806201327022]
[92mINFO [0m:      Receiving: train message (ID: bf8382c3ef456e55166e7b61e9a19d6193bd308193e43ed8bfc966e69c9ec663)
[92mINFO [0m:      Start `flwr-clientapp` process
[92mINFO [0m:      [flwr-clientapp] Pull `ClientAppInputs` for token e319...05c2
[92mINFO [0m:      Received successfully
/home/cihat/Downloads/flower-distributed_article1/flower-distributed/flwr-env/lib/python3.11/site-packages/torchvision/datasets/cifar.py:83: VisibleDeprecationWarning: dtype(): align should be passed as Python or NumPy boolean but got `align=0`. Did you mean to pass a tuple to create a subarray type? (Deprecated NumPy 2.4)
  entry = pickle.load(f, encoding="latin1")
[92mINFO [0m:      [flwr-clientapp] Push `ClientAppOutputs` for token e319...05c2
[92mINFO [0m:      
[92mINFO [0m:      [RUN 833597806201327022]
[92mINFO [0m:      Sending: train message (ID: d2926035658e9ed34eef39436d85b4b323c7ab3cbbe4be8bc2a1c444da7b4a0a)
[92mINFO [0m:      
🚀 [Client] Training on device: CUDA
[92mINFO [0m:      Sent successfully
[92mINFO [0m:      
[92mINFO [0m:      [RUN 833597806201327022]
[92mINFO [0m:      Receiving: evaluate message (ID: e77207dcdb6f4b9599fc0481e93a2ffd7a74d4d6709bf1b40da73472e8613cbb)
[92mINFO [0m:      Start `flwr-clientapp` process
[92mINFO [0m:      [flwr-clientapp] Pull `ClientAppInputs` for token b477...2a61
[92mINFO [0m:      Received successfully
/home/cihat/Downloads/flower-distributed_article1/flower-distributed/flwr-env/lib/python3.11/site-packages/torchvision/datasets/cifar.py:83: VisibleDeprecationWarning: dtype(): align should be passed as Python or NumPy boolean but got `align=0`. Did you mean to pass a tuple to create a subarray type? (Deprecated NumPy 2.4)
  entry = pickle.load(f, encoding="latin1")
[92mINFO [0m:      [flwr-clientapp] Push `ClientAppOutputs` for token b477...2a61
[92mINFO [0m:      
📊 [Client] Evaluating on device: CUDA
[92mINFO [0m:      
[92mINFO [0m:      [RUN 833597806201327022]
[92mINFO [0m:      Sending: evaluate message (ID: 880839bf8cb7359f38c131699ca8a40a7350ff217bed96587097a335bfbfe579)
[92mINFO [0m:      Sent successfully
[92mINFO [0m:      
[92mINFO [0m:      [RUN 833597806201327022]
[92mINFO [0m:      Receiving: train message (ID: 4893a45b5222ab4191e9c9efa7fa4ddb82127ffad3e31e1b49f6913f98559aef)
[92mINFO [0m:      Start `flwr-clientapp` process
[92mINFO [0m:      [flwr-clientapp] Pull `ClientAppInputs` for token a4ec...bb2f
[92mINFO [0m:      Received successfully
/home/cihat/Downloads/flower-distributed_article1/flower-distributed/flwr-env/lib/python3.11/site-packages/torchvision/datasets/cifar.py:83: VisibleDeprecationWarning: dtype(): align should be passed as Python or NumPy boolean but got `align=0`. Did you mean to pass a tuple to create a subarray type? (Deprecated NumPy 2.4)
  entry = pickle.load(f, encoding="latin1")
[92mINFO [0m:      [flwr-clientapp] Push `ClientAppOutputs` for token a4ec...bb2f
[92mINFO [0m:      
🚀 [Client] Training on device: CUDA
[92mINFO [0m:      
[92mINFO [0m:      [RUN 833597806201327022]
[92mINFO [0m:      Sending: train message (ID: 1bc69268e96f546d1892e3f352d87773f6efc2ac5e72245dfb98f317693b25b1)
[92mINFO [0m:      Sent successfully
[92mINFO [0m:      
[92mINFO [0m:      [RUN 833597806201327022]
[92mINFO [0m:      Receiving: evaluate message (ID: d875baf985f986dae700f7c6f237de5980b08366bd6aef714c1a5c4f20cd0b63)
[92mINFO [0m:      Start `flwr-clientapp` process
[92mINFO [0m:      [flwr-clientapp] Pull `ClientAppInputs` for token 6bcd...bb51
[92mINFO [0m:      Received successfully
/home/cihat/Downloads/flower-distributed_article1/flower-distributed/flwr-env/lib/python3.11/site-packages/torchvision/datasets/cifar.py:83: VisibleDeprecationWarning: dtype(): align should be passed as Python or NumPy boolean but got `align=0`. Did you mean to pass a tuple to create a subarray type? (Deprecated NumPy 2.4)
  entry = pickle.load(f, encoding="latin1")
[92mINFO [0m:      [flwr-clientapp] Push `ClientAppOutputs` for token 6bcd...bb51
[92mINFO [0m:      
📊 [Client] Evaluating on device: CUDA
[92mINFO [0m:      
[92mINFO [0m:      [RUN 833597806201327022]
[92mINFO [0m:      Sending: evaluate message (ID: 15b9ca43057b2728e9c0bb384e63c047fd0ac6cf47aa56ed2ec2447bafc362be)
[92mINFO [0m:      Sent successfully
[92mINFO [0m:      
[92mINFO [0m:      [RUN 833597806201327022]
[92mINFO [0m:      Receiving: train message (ID: ddd7178cdfb2cfc8cc5395be35381cdd5bf4a7ee467d486e5ba993af883370de)
[92mINFO [0m:      Start `flwr-clientapp` process
[92mINFO [0m:      [flwr-clientapp] Pull `ClientAppInputs` for token 1f1d...e92c
[92mINFO [0m:      Received successfully
/home/cihat/Downloads/flower-distributed_article1/flower-distributed/flwr-env/lib/python3.11/site-packages/torchvision/datasets/cifar.py:83: VisibleDeprecationWarning: dtype(): align should be passed as Python or NumPy boolean but got `align=0`. Did you mean to pass a tuple to create a subarray type? (Deprecated NumPy 2.4)
  entry = pickle.load(f, encoding="latin1")
[92mINFO [0m:      [flwr-clientapp] Push `ClientAppOutputs` for token 1f1d...e92c
[92mINFO [0m:      
[92mINFO [0m:      [RUN 833597806201327022]
[92mINFO [0m:      Sending: train message (ID: af058fd3d876d2910856a517827e16f6476be75d4805f3dec70853bcc03c53de)
[92mINFO [0m:      
🚀 [Client] Training on device: CUDA
[92mINFO [0m:      Sent successfully
[92mINFO [0m:      
[92mINFO [0m:      [RUN 833597806201327022]
[92mINFO [0m:      Receiving: evaluate message (ID: 4f41166279f8e14c3d4d973e51630c5e69805a9e83cf3444ef87d88683da732d)
[92mINFO [0m:      Start `flwr-clientapp` process
[92mINFO [0m:      [flwr-clientapp] Pull `ClientAppInputs` for token 4b3e...7656
[92mINFO [0m:      Received successfully
/home/cihat/Downloads/flower-distributed_article1/flower-distributed/flwr-env/lib/python3.11/site-packages/torchvision/datasets/cifar.py:83: VisibleDeprecationWarning: dtype(): align should be passed as Python or NumPy boolean but got `align=0`. Did you mean to pass a tuple to create a subarray type? (Deprecated NumPy 2.4)
  entry = pickle.load(f, encoding="latin1")
[92mINFO [0m:      [flwr-clientapp] Push `ClientAppOutputs` for token 4b3e...7656
[92mINFO [0m:      
📊 [Client] Evaluating on device: CUDA
[92mINFO [0m:      
[92mINFO [0m:      [RUN 833597806201327022]
[92mINFO [0m:      Sending: evaluate message (ID: 1d6eaf41a7170110b1c2776e5dca3d8e7b64701a1b06c90a7aed4abc70243e0d)
[92mINFO [0m:      Sent successfully
[92mINFO [0m:      
[92mINFO [0m:      [RUN 833597806201327022]
[92mINFO [0m:      Receiving: train message (ID: abd743a768f2063051d955300eec11a1f0c69266ccb1bc5703c6158a7122f77e)
[92mINFO [0m:      Start `flwr-clientapp` process
[92mINFO [0m:      [flwr-clientapp] Pull `ClientAppInputs` for token 833f...7427
[92mINFO [0m:      Received successfully
/home/cihat/Downloads/flower-distributed_article1/flower-distributed/flwr-env/lib/python3.11/site-packages/torchvision/datasets/cifar.py:83: VisibleDeprecationWarning: dtype(): align should be passed as Python or NumPy boolean but got `align=0`. Did you mean to pass a tuple to create a subarray type? (Deprecated NumPy 2.4)
  entry = pickle.load(f, encoding="latin1")
[92mINFO [0m:      [flwr-clientapp] Push `ClientAppOutputs` for token 833f...7427
[92mINFO [0m:      
[92mINFO [0m:      [RUN 833597806201327022]
[92mINFO [0m:      Sending: train message (ID: 68e9c1850f46e83ab8c9a8a9d658d4668f1c4db56095fb55bc0f361acd247cb2)
[92mINFO [0m:      
🚀 [Client] Training on device: CUDA
[92mINFO [0m:      Sent successfully
[92mINFO [0m:      
[92mINFO [0m:      [RUN 833597806201327022]
[92mINFO [0m:      Receiving: evaluate message (ID: 72706d9247bbec4d9aefd0a113333a41e7587d5bde72a8599971ad221096a8e6)
[92mINFO [0m:      Start `flwr-clientapp` process
[92mINFO [0m:      [flwr-clientapp] Pull `ClientAppInputs` for token 22bb...6f09
[92mINFO [0m:      Received successfully
/home/cihat/Downloads/flower-distributed_article1/flower-distributed/flwr-env/lib/python3.11/site-packages/torchvision/datasets/cifar.py:83: VisibleDeprecationWarning: dtype(): align should be passed as Python or NumPy boolean but got `align=0`. Did you mean to pass a tuple to create a subarray type? (Deprecated NumPy 2.4)
  entry = pickle.load(f, encoding="latin1")
[92mINFO [0m:      [flwr-clientapp] Push `ClientAppOutputs` for token 22bb...6f09
[92mINFO [0m:      
📊 [Client] Evaluating on device: CUDA
[92mINFO [0m:      
[92mINFO [0m:      [RUN 833597806201327022]
[92mINFO [0m:      Sending: evaluate message (ID: ab1131dbd87f55f6f65489951fe3361ce7a1b9ecefc15cc3186daeed06397be5)
[92mINFO [0m:      Sent successfully
[92mINFO [0m:      
[92mINFO [0m:      [RUN 833597806201327022]
[92mINFO [0m:      Receiving: train message (ID: d37123f2d0e4fefae3d000ed90d4814bd52fb3ae9fa9d812637e66bbb3dd46f1)
[92mINFO [0m:      Start `flwr-clientapp` process
[92mINFO [0m:      [flwr-clientapp] Pull `ClientAppInputs` for token 6516...d33f
[92mINFO [0m:      Received successfully
/home/cihat/Downloads/flower-distributed_article1/flower-distributed/flwr-env/lib/python3.11/site-packages/torchvision/datasets/cifar.py:83: VisibleDeprecationWarning: dtype(): align should be passed as Python or NumPy boolean but got `align=0`. Did you mean to pass a tuple to create a subarray type? (Deprecated NumPy 2.4)
  entry = pickle.load(f, encoding="latin1")
[92mINFO [0m:      [flwr-clientapp] Push `ClientAppOutputs` for token 6516...d33f
[92mINFO [0m:      
🚀 [Client] Training on device: CUDA
[92mINFO [0m:      
[92mINFO [0m:      [RUN 833597806201327022]
[92mINFO [0m:      Sending: train message (ID: 1364ed251b7384063c5397d2b350ba676f619063c431dcf8842db4302b4ddea5)
[92mINFO [0m:      Sent successfully
[92mINFO [0m:      
[92mINFO [0m:      [RUN 833597806201327022]
[92mINFO [0m:      Receiving: evaluate message (ID: 1166c817f11acbecf55ba48b83167d0688f34058e205c19e69317df8726ce7c1)
[92mINFO [0m:      Start `flwr-clientapp` process
[92mINFO [0m:      [flwr-clientapp] Pull `ClientAppInputs` for token 1e12...174e
[92mINFO [0m:      Received successfully
/home/cihat/Downloads/flower-distributed_article1/flower-distributed/flwr-env/lib/python3.11/site-packages/torchvision/datasets/cifar.py:83: VisibleDeprecationWarning: dtype(): align should be passed as Python or NumPy boolean but got `align=0`. Did you mean to pass a tuple to create a subarray type? (Deprecated NumPy 2.4)
  entry = pickle.load(f, encoding="latin1")
[92mINFO [0m:      [flwr-clientapp] Push `ClientAppOutputs` for token 1e12...174e
[92mINFO [0m:      
📊 [Client] Evaluating on device: CUDA
[92mINFO [0m:      
[92mINFO [0m:      [RUN 833597806201327022]
[92mINFO [0m:      Sending: evaluate message (ID: 5e8dfb808bc03cda7465706e2411e092331cd1472d9cc80deea5df5c035f101f)
[92mINFO [0m:      Sent successfully
[92mINFO [0m:      
[92mINFO [0m:      [RUN 833597806201327022]
[92mINFO [0m:      Receiving: train message (ID: 6ac37e477c3323de9734d3da7f70ce3d6225bbb285e91e4493752a196c9a1fd4)
[92mINFO [0m:      Start `flwr-clientapp` process
[92mINFO [0m:      [flwr-clientapp] Pull `ClientAppInputs` for token 2ba8...a8de
[92mINFO [0m:      Received successfully
/home/cihat/Downloads/flower-distributed_article1/flower-distributed/flwr-env/lib/python3.11/site-packages/torchvision/datasets/cifar.py:83: VisibleDeprecationWarning: dtype(): align should be passed as Python or NumPy boolean but got `align=0`. Did you mean to pass a tuple to create a subarray type? (Deprecated NumPy 2.4)
  entry = pickle.load(f, encoding="latin1")
[92mINFO [0m:      [flwr-clientapp] Push `ClientAppOutputs` for token 2ba8...a8de
[92mINFO [0m:      
🚀 [Client] Training on device: CUDA
[92mINFO [0m:      
[92mINFO [0m:      [RUN 833597806201327022]
[92mINFO [0m:      Sending: train message (ID: 8425ade1bb5e5d14b6ae920eae96466288206929e6c4f1dca09aa7979a335159)
[92mINFO [0m:      Sent successfully
[92mINFO [0m:      
[92mINFO [0m:      [RUN 833597806201327022]
[92mINFO [0m:      Receiving: evaluate message (ID: a7f8505a7039a8c96035430324777b4528c4cdf7efad9cacdd0c532fddbd9c9c)
[92mINFO [0m:      Start `flwr-clientapp` process
[92mINFO [0m:      [flwr-clientapp] Pull `ClientAppInputs` for token 75b2...fa91
[92mINFO [0m:      Received successfully
/home/cihat/Downloads/flower-distributed_article1/flower-distributed/flwr-env/lib/python3.11/site-packages/torchvision/datasets/cifar.py:83: VisibleDeprecationWarning: dtype(): align should be passed as Python or NumPy boolean but got `align=0`. Did you mean to pass a tuple to create a subarray type? (Deprecated NumPy 2.4)
  entry = pickle.load(f, encoding="latin1")
[92mINFO [0m:      [flwr-clientapp] Push `ClientAppOutputs` for token 75b2...fa91
[92mINFO [0m:      
📊 [Client] Evaluating on device: CUDA
[92mINFO [0m:      
[92mINFO [0m:      [RUN 833597806201327022]
[92mINFO [0m:      Sending: evaluate message (ID: 8636fdb198e45a02966a3e068ff6cca30cc721f864e3f19d517ee820d6b8ecf2)
[92mINFO [0m:      Sent successfully
[92mINFO [0m:      
[92mINFO [0m:      [RUN 833597806201327022]
[92mINFO [0m:      Receiving: train message (ID: ef5a92af13b15c9ac9ae98529106f0281131c04da1d42482d2a3720cfc5c9a26)
[92mINFO [0m:      Start `flwr-clientapp` process
[92mINFO [0m:      [flwr-clientapp] Pull `ClientAppInputs` for token 8031...c458
[92mINFO [0m:      Received successfully
/home/cihat/Downloads/flower-distributed_article1/flower-distributed/flwr-env/lib/python3.11/site-packages/torchvision/datasets/cifar.py:83: VisibleDeprecationWarning: dtype(): align should be passed as Python or NumPy boolean but got `align=0`. Did you mean to pass a tuple to create a subarray type? (Deprecated NumPy 2.4)
  entry = pickle.load(f, encoding="latin1")
[92mINFO [0m:      [flwr-clientapp] Push `ClientAppOutputs` for token 8031...c458
[92mINFO [0m:      
🚀 [Client] Training on device: CUDA
[92mINFO [0m:      
[92mINFO [0m:      [RUN 833597806201327022]
[92mINFO [0m:      Sending: train message (ID: c34c10a9e565bd69bb5f9a8c1ca7fdd82e52278ff46199d4547861db4eb7d3be)
[92mINFO [0m:      Sent successfully
[92mINFO [0m:      
[92mINFO [0m:      [RUN 833597806201327022]
[92mINFO [0m:      Receiving: evaluate message (ID: 3e61a9eb65e35669a5ff8190fef2e7cc86c48a6fdc2dfc8099b4e16cd4da663e)
[92mINFO [0m:      Start `flwr-clientapp` process
[92mINFO [0m:      [flwr-clientapp] Pull `ClientAppInputs` for token 5778...e147
[92mINFO [0m:      Received successfully
/home/cihat/Downloads/flower-distributed_article1/flower-distributed/flwr-env/lib/python3.11/site-packages/torchvision/datasets/cifar.py:83: VisibleDeprecationWarning: dtype(): align should be passed as Python or NumPy boolean but got `align=0`. Did you mean to pass a tuple to create a subarray type? (Deprecated NumPy 2.4)
  entry = pickle.load(f, encoding="latin1")
[92mINFO [0m:      [flwr-clientapp] Push `ClientAppOutputs` for token 5778...e147
[92mINFO [0m:      
📊 [Client] Evaluating on device: CUDA
[92mINFO [0m:      
[92mINFO [0m:      [RUN 833597806201327022]
[92mINFO [0m:      Sending: evaluate message (ID: e724fbd140b4f57953c09c464e70a0e92d234e6a8b8e48a38709a7e6c586e82c)
[92mINFO [0m:      Sent successfully
[92mINFO [0m:      
[92mINFO [0m:      [RUN 833597806201327022]
[92mINFO [0m:      Receiving: train message (ID: 4779590b2d244b0718543cfdc4c39f21140255c97616654744014ca346c9ca23)
[92mINFO [0m:      Start `flwr-clientapp` process
[92mINFO [0m:      [flwr-clientapp] Pull `ClientAppInputs` for token d30e...227e
[92mINFO [0m:      Received successfully
/home/cihat/Downloads/flower-distributed_article1/flower-distributed/flwr-env/lib/python3.11/site-packages/torchvision/datasets/cifar.py:83: VisibleDeprecationWarning: dtype(): align should be passed as Python or NumPy boolean but got `align=0`. Did you mean to pass a tuple to create a subarray type? (Deprecated NumPy 2.4)
  entry = pickle.load(f, encoding="latin1")
[92mINFO [0m:      [flwr-clientapp] Push `ClientAppOutputs` for token d30e...227e
[92mINFO [0m:      
🚀 [Client] Training on device: CUDA
[92mINFO [0m:      
[92mINFO [0m:      [RUN 833597806201327022]
[92mINFO [0m:      Sending: train message (ID: 2fa599b34035c25250be0c0df4951db612e9193b07d7700b55d0b28ddbe6669e)
[92mINFO [0m:      Sent successfully
[92mINFO [0m:      
[92mINFO [0m:      [RUN 833597806201327022]
[92mINFO [0m:      Receiving: evaluate message (ID: 008b7265098fdad946c585f30f086e503eed9ba20605a3ecf6f8d5b416551949)
[92mINFO [0m:      Start `flwr-clientapp` process
[92mINFO [0m:      [flwr-clientapp] Pull `ClientAppInputs` for token 4f9c...1092
[92mINFO [0m:      Received successfully
/home/cihat/Downloads/flower-distributed_article1/flower-distributed/flwr-env/lib/python3.11/site-packages/torchvision/datasets/cifar.py:83: VisibleDeprecationWarning: dtype(): align should be passed as Python or NumPy boolean but got `align=0`. Did you mean to pass a tuple to create a subarray type? (Deprecated NumPy 2.4)
  entry = pickle.load(f, encoding="latin1")
[92mINFO [0m:      [flwr-clientapp] Push `ClientAppOutputs` for token 4f9c...1092
[92mINFO [0m:      
📊 [Client] Evaluating on device: CUDA
[92mINFO [0m:      
[92mINFO [0m:      [RUN 833597806201327022]
[92mINFO [0m:      Sending: evaluate message (ID: 552269f3bf1b4ca2ddadf2c174919e4b6d5cf4c91795c37092945921e98caa75)
[92mINFO [0m:      Sent successfully
[92mINFO [0m:      
[92mINFO [0m:      [RUN 833597806201327022]
[92mINFO [0m:      Receiving: train message (ID: 7eb5d89fb558e2ba8d07b98b92f506bf5ff6cfe13613fef4386b10971849a80f)
[92mINFO [0m:      Start `flwr-clientapp` process
[92mINFO [0m:      [flwr-clientapp] Pull `ClientAppInputs` for token b53e...9a23
[92mINFO [0m:      Received successfully
/home/cihat/Downloads/flower-distributed_article1/flower-distributed/flwr-env/lib/python3.11/site-packages/torchvision/datasets/cifar.py:83: VisibleDeprecationWarning: dtype(): align should be passed as Python or NumPy boolean but got `align=0`. Did you mean to pass a tuple to create a subarray type? (Deprecated NumPy 2.4)
  entry = pickle.load(f, encoding="latin1")
[92mINFO [0m:      [flwr-clientapp] Push `ClientAppOutputs` for token b53e...9a23
[92mINFO [0m:      
[92mINFO [0m:      
[92mINFO [0m:      [RUN 833597806201327022]
[92mINFO [0m:      Sending: train message (ID: 2d80f43d2b2d2ec0d12e4c6597c9206c5287cefe2f577b31223bf3c16b6fc8d7)
🚀 [Client] Training on device: CUDA
[92mINFO [0m:      Sent successfully
[92mINFO [0m:      
[92mINFO [0m:      [RUN 833597806201327022]
[92mINFO [0m:      Receiving: evaluate message (ID: f6df532fcf69bccf368811d124395fef872d2a0520668c3d0cc36290b86c758c)
[92mINFO [0m:      Start `flwr-clientapp` process
[92mINFO [0m:      [flwr-clientapp] Pull `ClientAppInputs` for token d36c...ab71
[92mINFO [0m:      Received successfully
/home/cihat/Downloads/flower-distributed_article1/flower-distributed/flwr-env/lib/python3.11/site-packages/torchvision/datasets/cifar.py:83: VisibleDeprecationWarning: dtype(): align should be passed as Python or NumPy boolean but got `align=0`. Did you mean to pass a tuple to create a subarray type? (Deprecated NumPy 2.4)
  entry = pickle.load(f, encoding="latin1")
[92mINFO [0m:      [flwr-clientapp] Push `ClientAppOutputs` for token d36c...ab71
[92mINFO [0m:      
📊 [Client] Evaluating on device: CUDA
[92mINFO [0m:      
[92mINFO [0m:      [RUN 833597806201327022]
[92mINFO [0m:      Sending: evaluate message (ID: 7bf0cc6d1df7a4b7c9ccda23b78bd82a42bbb226f79155d0a2c144280c2396a5)
[92mINFO [0m:      Sent successfully
[92mINFO [0m:      
[92mINFO [0m:      [RUN 833597806201327022]
[92mINFO [0m:      Receiving: train message (ID: 0ca6a5078e7d78a719e7068947c4b494248dc0a25558d7e950796a7c93208650)
[92mINFO [0m:      Start `flwr-clientapp` process
[92mINFO [0m:      [flwr-clientapp] Pull `ClientAppInputs` for token 1869...141b
[92mINFO [0m:      Received successfully
/home/cihat/Downloads/flower-distributed_article1/flower-distributed/flwr-env/lib/python3.11/site-packages/torchvision/datasets/cifar.py:83: VisibleDeprecationWarning: dtype(): align should be passed as Python or NumPy boolean but got `align=0`. Did you mean to pass a tuple to create a subarray type? (Deprecated NumPy 2.4)
  entry = pickle.load(f, encoding="latin1")
[92mINFO [0m:      [flwr-clientapp] Push `ClientAppOutputs` for token 1869...141b
[92mINFO [0m:      
🚀 [Client] Training on device: CUDA
[92mINFO [0m:      
[92mINFO [0m:      [RUN 833597806201327022]
[92mINFO [0m:      Sending: train message (ID: fc3ffd28c85e07ebc7e92768822723ca563c0d41da3388e50f5952d08a97e01a)
[92mINFO [0m:      Sent successfully
[92mINFO [0m:      
[92mINFO [0m:      [RUN 833597806201327022]
[92mINFO [0m:      Receiving: evaluate message (ID: 6d399e2df4c8aa58a76c43b83a9e1ca84e91bd0f03648778435ae5febd1f61ba)
[92mINFO [0m:      Start `flwr-clientapp` process
[92mINFO [0m:      [flwr-clientapp] Pull `ClientAppInputs` for token c295...fda4
[92mINFO [0m:      Received successfully
/home/cihat/Downloads/flower-distributed_article1/flower-distributed/flwr-env/lib/python3.11/site-packages/torchvision/datasets/cifar.py:83: VisibleDeprecationWarning: dtype(): align should be passed as Python or NumPy boolean but got `align=0`. Did you mean to pass a tuple to create a subarray type? (Deprecated NumPy 2.4)
  entry = pickle.load(f, encoding="latin1")
[92mINFO [0m:      [flwr-clientapp] Push `ClientAppOutputs` for token c295...fda4
[92mINFO [0m:      
📊 [Client] Evaluating on device: CUDA
[92mINFO [0m:      
[92mINFO [0m:      [RUN 833597806201327022]
[92mINFO [0m:      Sending: evaluate message (ID: 6368bc09f7144cc3c31ca35487872879d86bc2469e3615a190d3de7d93434123)
[92mINFO [0m:      Sent successfully
[92mINFO [0m:      
[92mINFO [0m:      [RUN 833597806201327022]
[92mINFO [0m:      Receiving: train message (ID: 338773a97d4ae95a22591fc7c994f80ccc34ab5a10d9c1c245ef22f13cae1585)
[92mINFO [0m:      Start `flwr-clientapp` process
[92mINFO [0m:      [flwr-clientapp] Pull `ClientAppInputs` for token 3cc6...ba6c
[92mINFO [0m:      Received successfully
/home/cihat/Downloads/flower-distributed_article1/flower-distributed/flwr-env/lib/python3.11/site-packages/torchvision/datasets/cifar.py:83: VisibleDeprecationWarning: dtype(): align should be passed as Python or NumPy boolean but got `align=0`. Did you mean to pass a tuple to create a subarray type? (Deprecated NumPy 2.4)
  entry = pickle.load(f, encoding="latin1")
[92mINFO [0m:      [flwr-clientapp] Push `ClientAppOutputs` for token 3cc6...ba6c
[92mINFO [0m:      
[92mINFO [0m:      
[92mINFO [0m:      [RUN 833597806201327022]
[92mINFO [0m:      Sending: train message (ID: 1fbc03bcb5dd87d2154ed89529adc785a6e1007037e33c4f063b62081f00f926)
🚀 [Client] Training on device: CUDA
[92mINFO [0m:      Sent successfully
[92mINFO [0m:      
[92mINFO [0m:      [RUN 833597806201327022]
[92mINFO [0m:      Receiving: evaluate message (ID: 60d45d9da230857b68a1e345d7ecd79479b1e8fe588a80182485d0e9f87f12c3)
[92mINFO [0m:      Start `flwr-clientapp` process
[92mINFO [0m:      [flwr-clientapp] Pull `ClientAppInputs` for token f2a0...70cd
[92mINFO [0m:      Received successfully
/home/cihat/Downloads/flower-distributed_article1/flower-distributed/flwr-env/lib/python3.11/site-packages/torchvision/datasets/cifar.py:83: VisibleDeprecationWarning: dtype(): align should be passed as Python or NumPy boolean but got `align=0`. Did you mean to pass a tuple to create a subarray type? (Deprecated NumPy 2.4)
  entry = pickle.load(f, encoding="latin1")
[92mINFO [0m:      [flwr-clientapp] Push `ClientAppOutputs` for token f2a0...70cd
[92mINFO [0m:      
[92mINFO [0m:      
[92mINFO [0m:      [RUN 833597806201327022]
[92mINFO [0m:      Sending: evaluate message (ID: 88130be058ff7d60c992ffe514103f9a08ba1f75d3472a1e396fb87c5438a398)
📊 [Client] Evaluating on device: CUDA
[92mINFO [0m:      Sent successfully
[92mINFO [0m:      
[92mINFO [0m:      [RUN 833597806201327022]
[92mINFO [0m:      Receiving: train message (ID: da6ea87999b8be9ff5edd8073f783d6c4b1d4b642f3350803584ea67631e8024)
[92mINFO [0m:      Start `flwr-clientapp` process
[92mINFO [0m:      [flwr-clientapp] Pull `ClientAppInputs` for token fa23...7d28
[92mINFO [0m:      Received successfully
/home/cihat/Downloads/flower-distributed_article1/flower-distributed/flwr-env/lib/python3.11/site-packages/torchvision/datasets/cifar.py:83: VisibleDeprecationWarning: dtype(): align should be passed as Python or NumPy boolean but got `align=0`. Did you mean to pass a tuple to create a subarray type? (Deprecated NumPy 2.4)
  entry = pickle.load(f, encoding="latin1")
[92mINFO [0m:      [flwr-clientapp] Push `ClientAppOutputs` for token fa23...7d28
[92mINFO [0m:      
🚀 [Client] Training on device: CUDA
[92mINFO [0m:      
[92mINFO [0m:      [RUN 833597806201327022]
[92mINFO [0m:      Sending: train message (ID: 3ce5ecedb04e462863a7c2b4b63206ae3b5c0d17fa7ab50b4f2f960a7088978a)
[92mINFO [0m:      Sent successfully
[92mINFO [0m:      
[92mINFO [0m:      [RUN 833597806201327022]
[92mINFO [0m:      Receiving: evaluate message (ID: 5865ec1990cb22a42c6e2a802dec3b9860b1492bb644927d8953e20ef17b9105)
[92mINFO [0m:      Start `flwr-clientapp` process
[92mINFO [0m:      [flwr-clientapp] Pull `ClientAppInputs` for token ef48...259d
[92mINFO [0m:      Received successfully
/home/cihat/Downloads/flower-distributed_article1/flower-distributed/flwr-env/lib/python3.11/site-packages/torchvision/datasets/cifar.py:83: VisibleDeprecationWarning: dtype(): align should be passed as Python or NumPy boolean but got `align=0`. Did you mean to pass a tuple to create a subarray type? (Deprecated NumPy 2.4)
  entry = pickle.load(f, encoding="latin1")
[92mINFO [0m:      [flwr-clientapp] Push `ClientAppOutputs` for token ef48...259d
[92mINFO [0m:      
📊 [Client] Evaluating on device: CUDA
[92mINFO [0m:      
[92mINFO [0m:      [RUN 833597806201327022]
[92mINFO [0m:      Sending: evaluate message (ID: ee54955c3019d0d4433e926a87f27781049863311c842f655c09920c794228eb)
[92mINFO [0m:      Sent successfully
[92mINFO [0m:      
[92mINFO [0m:      [RUN 833597806201327022]
[92mINFO [0m:      Receiving: train message (ID: 4b6dc668872f187d5e945cb0b1dfed124be8b795d444527f61f2fc0f77f9fd89)
[92mINFO [0m:      Start `flwr-clientapp` process
[92mINFO [0m:      [flwr-clientapp] Pull `ClientAppInputs` for token 862c...91e5
[92mINFO [0m:      Received successfully
/home/cihat/Downloads/flower-distributed_article1/flower-distributed/flwr-env/lib/python3.11/site-packages/torchvision/datasets/cifar.py:83: VisibleDeprecationWarning: dtype(): align should be passed as Python or NumPy boolean but got `align=0`. Did you mean to pass a tuple to create a subarray type? (Deprecated NumPy 2.4)
  entry = pickle.load(f, encoding="latin1")
[92mINFO [0m:      [flwr-clientapp] Push `ClientAppOutputs` for token 862c...91e5
[92mINFO [0m:      
[92mINFO [0m:      [RUN 833597806201327022]
[92mINFO [0m:      Sending: train message (ID: ae7bd8ea575713cf85ea1c3959bdba32b43105cff1cc93348e554ce4b992d19d)
[92mINFO [0m:      
🚀 [Client] Training on device: CUDA
[92mINFO [0m:      Sent successfully
[92mINFO [0m:      
[92mINFO [0m:      [RUN 833597806201327022]
[92mINFO [0m:      Receiving: evaluate message (ID: 2544aca1906adb6035d7a365d11a7f213e45d53938bbadda76c546596ed56814)
[92mINFO [0m:      Start `flwr-clientapp` process
[92mINFO [0m:      [flwr-clientapp] Pull `ClientAppInputs` for token 57fd...72ae
[92mINFO [0m:      Received successfully
/home/cihat/Downloads/flower-distributed_article1/flower-distributed/flwr-env/lib/python3.11/site-packages/torchvision/datasets/cifar.py:83: VisibleDeprecationWarning: dtype(): align should be passed as Python or NumPy boolean but got `align=0`. Did you mean to pass a tuple to create a subarray type? (Deprecated NumPy 2.4)
  entry = pickle.load(f, encoding="latin1")
[92mINFO [0m:      [flwr-clientapp] Push `ClientAppOutputs` for token 57fd...72ae
[92mINFO [0m:      
📊 [Client] Evaluating on device: CUDA
[92mINFO [0m:      
[92mINFO [0m:      [RUN 833597806201327022]
[92mINFO [0m:      Sending: evaluate message (ID: bf7f952af2ca453c1223597d0e8ad144e693a22bc1ce08f2e950eb1c79f3e3d5)
[92mINFO [0m:      Sent successfully
