[92mINFO [0m:      Starting Flower SuperNode
[93mWARNING [0m:   Option `--insecure` was set. Starting insecure HTTP channel to 10.0.0.1:9092.
[92mINFO [0m:      Flower Deployment Runtime: Starting ClientAppIo API on 0.0.0.0:9094
[92mINFO [0m:      SuperNode ID: 9734381581385388646
[92mINFO [0m:      Starting Flower SuperExec
[92mINFO [0m:      
[92mINFO [0m:      [RUN 833597806201327022]
[92mINFO [0m:      Receiving: train message (ID: 4bdba4ac12e37242680915200b0993622c1ece5fcf29677ea674a848aa61d654)
[92mINFO [0m:      Start `flwr-clientapp` process
[92mINFO [0m:      [flwr-clientapp] Pull `ClientAppInputs` for token 00d4...9a8c
[92mINFO [0m:      Received successfully
/home/cihat/Downloads/flower-distributed_article1/flower-distributed/flwr-env/lib/python3.11/site-packages/torchvision/datasets/cifar.py:83: VisibleDeprecationWarning: dtype(): align should be passed as Python or NumPy boolean but got `align=0`. Did you mean to pass a tuple to create a subarray type? (Deprecated NumPy 2.4)
  entry = pickle.load(f, encoding="latin1")
[92mINFO [0m:      [flwr-clientapp] Push `ClientAppOutputs` for token 00d4...9a8c
[92mINFO [0m:      
🚀 [Client] Training on device: CUDA
[92mINFO [0m:      
[92mINFO [0m:      [RUN 833597806201327022]
[92mINFO [0m:      Sending: train message (ID: 51063d68f41f8641b09e9702285e15458fcbcc51aa93664c6687eeeb5ed3b8d6)
[92mINFO [0m:      Sent successfully
[92mINFO [0m:      
[92mINFO [0m:      [RUN 833597806201327022]
[92mINFO [0m:      Receiving: evaluate message (ID: dc1950c73de58b03a651af783a1ee5aa67ae2a7a982cb0bad862f92426bd4169)
[92mINFO [0m:      Start `flwr-clientapp` process
[92mINFO [0m:      [flwr-clientapp] Pull `ClientAppInputs` for token c08b...363b
[92mINFO [0m:      Received successfully
/home/cihat/Downloads/flower-distributed_article1/flower-distributed/flwr-env/lib/python3.11/site-packages/torchvision/datasets/cifar.py:83: VisibleDeprecationWarning: dtype(): align should be passed as Python or NumPy boolean but got `align=0`. Did you mean to pass a tuple to create a subarray type? (Deprecated NumPy 2.4)
  entry = pickle.load(f, encoding="latin1")
[92mINFO [0m:      [flwr-clientapp] Push `ClientAppOutputs` for token c08b...363b
[92mINFO [0m:      
[92mINFO [0m:      
[92mINFO [0m:      [RUN 833597806201327022]
[92mINFO [0m:      Sending: evaluate message (ID: 823a94c208a9c6d4b944b73c3ef38d1ccdc65d106dd91f41124155faa5e4e501)
📊 [Client] Evaluating on device: CUDA
[92mINFO [0m:      Sent successfully
[92mINFO [0m:      
[92mINFO [0m:      [RUN 833597806201327022]
[92mINFO [0m:      Receiving: train message (ID: d6637ed76e8ea2996f821797725208944c258e30691fab6c739628b7349b651d)
[92mINFO [0m:      Start `flwr-clientapp` process
[92mINFO [0m:      [flwr-clientapp] Pull `ClientAppInputs` for token 61f9...4693
[92mINFO [0m:      Received successfully
/home/cihat/Downloads/flower-distributed_article1/flower-distributed/flwr-env/lib/python3.11/site-packages/torchvision/datasets/cifar.py:83: VisibleDeprecationWarning: dtype(): align should be passed as Python or NumPy boolean but got `align=0`. Did you mean to pass a tuple to create a subarray type? (Deprecated NumPy 2.4)
  entry = pickle.load(f, encoding="latin1")
[92mINFO [0m:      [flwr-clientapp] Push `ClientAppOutputs` for token 61f9...4693
[92mINFO [0m:      
[92mINFO [0m:      
[92mINFO [0m:      [RUN 833597806201327022]
[92mINFO [0m:      Sending: train message (ID: 1cdfa0e671839a51c62727683b00a4df9bd8aedf61f7222de292e50595e70f0d)
🚀 [Client] Training on device: CUDA
[92mINFO [0m:      Sent successfully
[92mINFO [0m:      
[92mINFO [0m:      [RUN 833597806201327022]
[92mINFO [0m:      Receiving: evaluate message (ID: 7de17524a4f33c4d9614126959fc5476b1d1f107728f8736a1ae6c4429e69caf)
[92mINFO [0m:      Start `flwr-clientapp` process
[92mINFO [0m:      [flwr-clientapp] Pull `ClientAppInputs` for token 44d2...111b
[92mINFO [0m:      Received successfully
/home/cihat/Downloads/flower-distributed_article1/flower-distributed/flwr-env/lib/python3.11/site-packages/torchvision/datasets/cifar.py:83: VisibleDeprecationWarning: dtype(): align should be passed as Python or NumPy boolean but got `align=0`. Did you mean to pass a tuple to create a subarray type? (Deprecated NumPy 2.4)
  entry = pickle.load(f, encoding="latin1")
[92mINFO [0m:      [flwr-clientapp] Push `ClientAppOutputs` for token 44d2...111b
[92mINFO [0m:      
📊 [Client] Evaluating on device: CUDA
[92mINFO [0m:      
[92mINFO [0m:      [RUN 833597806201327022]
[92mINFO [0m:      Sending: evaluate message (ID: 65721101f9a20995e425ceadaa22f031062220f25d1d9598a7c4fa89249008e7)
[92mINFO [0m:      Sent successfully
[92mINFO [0m:      
[92mINFO [0m:      [RUN 833597806201327022]
[92mINFO [0m:      Receiving: train message (ID: 96081eeaca7dad23e4877958bfc92ee775303891d8af3a35d13e2698798de88a)
[92mINFO [0m:      Start `flwr-clientapp` process
[92mINFO [0m:      [flwr-clientapp] Pull `ClientAppInputs` for token 4533...88ee
[92mINFO [0m:      Received successfully
/home/cihat/Downloads/flower-distributed_article1/flower-distributed/flwr-env/lib/python3.11/site-packages/torchvision/datasets/cifar.py:83: VisibleDeprecationWarning: dtype(): align should be passed as Python or NumPy boolean but got `align=0`. Did you mean to pass a tuple to create a subarray type? (Deprecated NumPy 2.4)
  entry = pickle.load(f, encoding="latin1")
[92mINFO [0m:      [flwr-clientapp] Push `ClientAppOutputs` for token 4533...88ee
[92mINFO [0m:      
🚀 [Client] Training on device: CUDA
[92mINFO [0m:      
[92mINFO [0m:      [RUN 833597806201327022]
[92mINFO [0m:      Sending: train message (ID: 4ba8b5d4d5a4327bd7ac47de629af0a438c071376dc7032a8553a7676bf9c50c)
[92mINFO [0m:      Sent successfully
[92mINFO [0m:      
[92mINFO [0m:      [RUN 833597806201327022]
[92mINFO [0m:      Receiving: evaluate message (ID: 2d7399f71991df21853827782abcddcd4e8544c2e745d76a4f475f022e5940b1)
[92mINFO [0m:      Start `flwr-clientapp` process
[92mINFO [0m:      [flwr-clientapp] Pull `ClientAppInputs` for token eee9...98f1
[92mINFO [0m:      Received successfully
/home/cihat/Downloads/flower-distributed_article1/flower-distributed/flwr-env/lib/python3.11/site-packages/torchvision/datasets/cifar.py:83: VisibleDeprecationWarning: dtype(): align should be passed as Python or NumPy boolean but got `align=0`. Did you mean to pass a tuple to create a subarray type? (Deprecated NumPy 2.4)
  entry = pickle.load(f, encoding="latin1")
[92mINFO [0m:      [flwr-clientapp] Push `ClientAppOutputs` for token eee9...98f1
[92mINFO [0m:      
📊 [Client] Evaluating on device: CUDA
[92mINFO [0m:      
[92mINFO [0m:      [RUN 833597806201327022]
[92mINFO [0m:      Sending: evaluate message (ID: 477e14bfa67e831ac5aa0c0661df92f435c78965db792a1aeb11fe9d43bd730c)
[92mINFO [0m:      Sent successfully
[92mINFO [0m:      
[92mINFO [0m:      [RUN 833597806201327022]
[92mINFO [0m:      Receiving: train message (ID: b9849d5da175365c7d461dd96d26ff34c177f6135b35bb8464dad7a9986928d8)
[92mINFO [0m:      Start `flwr-clientapp` process
[92mINFO [0m:      [flwr-clientapp] Pull `ClientAppInputs` for token c4ca...65d7
[92mINFO [0m:      Received successfully
/home/cihat/Downloads/flower-distributed_article1/flower-distributed/flwr-env/lib/python3.11/site-packages/torchvision/datasets/cifar.py:83: VisibleDeprecationWarning: dtype(): align should be passed as Python or NumPy boolean but got `align=0`. Did you mean to pass a tuple to create a subarray type? (Deprecated NumPy 2.4)
  entry = pickle.load(f, encoding="latin1")
[92mINFO [0m:      [flwr-clientapp] Push `ClientAppOutputs` for token c4ca...65d7
[92mINFO [0m:      
🚀 [Client] Training on device: CUDA
[92mINFO [0m:      
[92mINFO [0m:      [RUN 833597806201327022]
[92mINFO [0m:      Sending: train message (ID: b345d0aa433b6a180e1f5e9aa5c82c7296c795d144d8435adc0f8a5cc85c92de)
[92mINFO [0m:      Sent successfully
[92mINFO [0m:      
[92mINFO [0m:      [RUN 833597806201327022]
[92mINFO [0m:      Receiving: evaluate message (ID: d5b5e08b079b4cbf4f979c62e55f44a90fa6038ab2339e6d9783952271d451d8)
[92mINFO [0m:      Start `flwr-clientapp` process
[92mINFO [0m:      [flwr-clientapp] Pull `ClientAppInputs` for token 88c4...b5c6
[92mINFO [0m:      Received successfully
/home/cihat/Downloads/flower-distributed_article1/flower-distributed/flwr-env/lib/python3.11/site-packages/torchvision/datasets/cifar.py:83: VisibleDeprecationWarning: dtype(): align should be passed as Python or NumPy boolean but got `align=0`. Did you mean to pass a tuple to create a subarray type? (Deprecated NumPy 2.4)
  entry = pickle.load(f, encoding="latin1")
[92mINFO [0m:      [flwr-clientapp] Push `ClientAppOutputs` for token 88c4...b5c6
[92mINFO [0m:      
📊 [Client] Evaluating on device: CUDA
[92mINFO [0m:      
[92mINFO [0m:      [RUN 833597806201327022]
[92mINFO [0m:      Sending: evaluate message (ID: 6f9a50a9e648f9ce85a8f73c1f713dfa5dd227602642332bf7b363cbdd7b62fc)
[92mINFO [0m:      Sent successfully
[92mINFO [0m:      
[92mINFO [0m:      [RUN 833597806201327022]
[92mINFO [0m:      Receiving: train message (ID: dcd8f11bb04e1cc4fd80c8a9bcab70cb61d3aeebc5471802c76a7e2114330128)
[92mINFO [0m:      Start `flwr-clientapp` process
[92mINFO [0m:      [flwr-clientapp] Pull `ClientAppInputs` for token 6e6e...ce46
[92mINFO [0m:      Received successfully
/home/cihat/Downloads/flower-distributed_article1/flower-distributed/flwr-env/lib/python3.11/site-packages/torchvision/datasets/cifar.py:83: VisibleDeprecationWarning: dtype(): align should be passed as Python or NumPy boolean but got `align=0`. Did you mean to pass a tuple to create a subarray type? (Deprecated NumPy 2.4)
  entry = pickle.load(f, encoding="latin1")
[92mINFO [0m:      [flwr-clientapp] Push `ClientAppOutputs` for token 6e6e...ce46
[92mINFO [0m:      
[92mINFO [0m:      
[92mINFO [0m:      [RUN 833597806201327022]
[92mINFO [0m:      Sending: train message (ID: f7712f4db756df14de6a76a03d53c1f2d8f5f1229b0b861d7e698d05ac423388)
🚀 [Client] Training on device: CUDA
[92mINFO [0m:      Sent successfully
[92mINFO [0m:      
[92mINFO [0m:      [RUN 833597806201327022]
[92mINFO [0m:      Receiving: evaluate message (ID: 5ba36417b24471c8dd6d3d0449b52a0bc5bd71574ad6d5bb288d895504139e32)
[92mINFO [0m:      Start `flwr-clientapp` process
[92mINFO [0m:      [flwr-clientapp] Pull `ClientAppInputs` for token 7ce8...fa75
[92mINFO [0m:      Received successfully
/home/cihat/Downloads/flower-distributed_article1/flower-distributed/flwr-env/lib/python3.11/site-packages/torchvision/datasets/cifar.py:83: VisibleDeprecationWarning: dtype(): align should be passed as Python or NumPy boolean but got `align=0`. Did you mean to pass a tuple to create a subarray type? (Deprecated NumPy 2.4)
  entry = pickle.load(f, encoding="latin1")
[92mINFO [0m:      [flwr-clientapp] Push `ClientAppOutputs` for token 7ce8...fa75
[92mINFO [0m:      
📊 [Client] Evaluating on device: CUDA
[92mINFO [0m:      
[92mINFO [0m:      [RUN 833597806201327022]
[92mINFO [0m:      Sending: evaluate message (ID: 1ec49f1b0440c462b57b27a8b891924328052a10f28adc9b0a0e0d68d5649bf8)
[92mINFO [0m:      Sent successfully
[92mINFO [0m:      
[92mINFO [0m:      [RUN 833597806201327022]
[92mINFO [0m:      Receiving: train message (ID: 34d4c5169179dab02f7fdf892f74f63a36ca2133b0e6dd1cb3ffe7b6cfc88be4)
[92mINFO [0m:      Start `flwr-clientapp` process
[92mINFO [0m:      [flwr-clientapp] Pull `ClientAppInputs` for token 6172...2046
[92mINFO [0m:      Received successfully
/home/cihat/Downloads/flower-distributed_article1/flower-distributed/flwr-env/lib/python3.11/site-packages/torchvision/datasets/cifar.py:83: VisibleDeprecationWarning: dtype(): align should be passed as Python or NumPy boolean but got `align=0`. Did you mean to pass a tuple to create a subarray type? (Deprecated NumPy 2.4)
  entry = pickle.load(f, encoding="latin1")
[92mINFO [0m:      [flwr-clientapp] Push `ClientAppOutputs` for token 6172...2046
[92mINFO [0m:      
[92mINFO [0m:      [RUN 833597806201327022]
[92mINFO [0m:      Sending: train message (ID: e2a3fb08aeb4187573b92f536d8613974cf46e87f288f39fd559195a21be49dc)
[92mINFO [0m:      
🚀 [Client] Training on device: CUDA
[92mINFO [0m:      Sent successfully
[92mINFO [0m:      
[92mINFO [0m:      [RUN 833597806201327022]
[92mINFO [0m:      Receiving: evaluate message (ID: d3509c9a2569bffbc8e585384f30713e6c52cf14137736c0e3eba20b23b696c6)
[92mINFO [0m:      Start `flwr-clientapp` process
[92mINFO [0m:      [flwr-clientapp] Pull `ClientAppInputs` for token 7f07...734f
[92mINFO [0m:      Received successfully
/home/cihat/Downloads/flower-distributed_article1/flower-distributed/flwr-env/lib/python3.11/site-packages/torchvision/datasets/cifar.py:83: VisibleDeprecationWarning: dtype(): align should be passed as Python or NumPy boolean but got `align=0`. Did you mean to pass a tuple to create a subarray type? (Deprecated NumPy 2.4)
  entry = pickle.load(f, encoding="latin1")
[92mINFO [0m:      [flwr-clientapp] Push `ClientAppOutputs` for token 7f07...734f
[92mINFO [0m:      
[92mINFO [0m:      
[92mINFO [0m:      [RUN 833597806201327022]
[92mINFO [0m:      Sending: evaluate message (ID: ca7f567da8a30df36514f177ccbb56be7c16c742aaff3abb8ddee346df35caf6)
📊 [Client] Evaluating on device: CUDA
[92mINFO [0m:      Sent successfully
[92mINFO [0m:      
[92mINFO [0m:      [RUN 833597806201327022]
[92mINFO [0m:      Receiving: train message (ID: 5a2e9ad2220d3853efe82c3fe684b567c53d6ffe04c8e8d8cc0a7e3c6e3c29ae)
[92mINFO [0m:      Start `flwr-clientapp` process
[92mINFO [0m:      [flwr-clientapp] Pull `ClientAppInputs` for token 01c6...3adc
[92mINFO [0m:      Received successfully
/home/cihat/Downloads/flower-distributed_article1/flower-distributed/flwr-env/lib/python3.11/site-packages/torchvision/datasets/cifar.py:83: VisibleDeprecationWarning: dtype(): align should be passed as Python or NumPy boolean but got `align=0`. Did you mean to pass a tuple to create a subarray type? (Deprecated NumPy 2.4)
  entry = pickle.load(f, encoding="latin1")
[92mINFO [0m:      [flwr-clientapp] Push `ClientAppOutputs` for token 01c6...3adc
[92mINFO [0m:      
🚀 [Client] Training on device: CUDA
[92mINFO [0m:      
[92mINFO [0m:      [RUN 833597806201327022]
[92mINFO [0m:      Sending: train message (ID: 18e5b7fe778eeece0528efdbe0758f966b3175bae287857a053f2e5dc81a7888)
[92mINFO [0m:      Sent successfully
[92mINFO [0m:      
[92mINFO [0m:      [RUN 833597806201327022]
[92mINFO [0m:      Receiving: evaluate message (ID: 83c7cf68c3e1935649fdc327296cfaab55b0b1075644f6ba6683ac6bf9a19c78)
[92mINFO [0m:      Start `flwr-clientapp` process
[92mINFO [0m:      [flwr-clientapp] Pull `ClientAppInputs` for token 01e5...b9b1
[92mINFO [0m:      Received successfully
/home/cihat/Downloads/flower-distributed_article1/flower-distributed/flwr-env/lib/python3.11/site-packages/torchvision/datasets/cifar.py:83: VisibleDeprecationWarning: dtype(): align should be passed as Python or NumPy boolean but got `align=0`. Did you mean to pass a tuple to create a subarray type? (Deprecated NumPy 2.4)
  entry = pickle.load(f, encoding="latin1")
[92mINFO [0m:      [flwr-clientapp] Push `ClientAppOutputs` for token 01e5...b9b1
[92mINFO [0m:      
📊 [Client] Evaluating on device: CUDA
[92mINFO [0m:      
[92mINFO [0m:      [RUN 833597806201327022]
[92mINFO [0m:      Sending: evaluate message (ID: 04618a735be58cdff11e76326f4438bcb8a3bf7e20ef5634a6489b7e870eb000)
[92mINFO [0m:      Sent successfully
[92mINFO [0m:      
[92mINFO [0m:      [RUN 833597806201327022]
[92mINFO [0m:      Receiving: train message (ID: 5f95b2fb5af06a9a320f38890e96ea303949115813b9338ee315aca45430d9c8)
[92mINFO [0m:      Start `flwr-clientapp` process
[92mINFO [0m:      [flwr-clientapp] Pull `ClientAppInputs` for token 292e...1a75
[92mINFO [0m:      Received successfully
/home/cihat/Downloads/flower-distributed_article1/flower-distributed/flwr-env/lib/python3.11/site-packages/torchvision/datasets/cifar.py:83: VisibleDeprecationWarning: dtype(): align should be passed as Python or NumPy boolean but got `align=0`. Did you mean to pass a tuple to create a subarray type? (Deprecated NumPy 2.4)
  entry = pickle.load(f, encoding="latin1")
[92mINFO [0m:      [flwr-clientapp] Push `ClientAppOutputs` for token 292e...1a75
[92mINFO [0m:      
🚀 [Client] Training on device: CUDA
[92mINFO [0m:      
[92mINFO [0m:      [RUN 833597806201327022]
[92mINFO [0m:      Sending: train message (ID: 9cac058bb4c71c1f0cb932662e947daef603e311af73f5adc005901bea80ddcc)
[92mINFO [0m:      Sent successfully
[92mINFO [0m:      
[92mINFO [0m:      [RUN 833597806201327022]
[92mINFO [0m:      Receiving: evaluate message (ID: 232a0ed6796901fcc7011fcab917cde092664f53c0dc88099311832bb106c37a)
[92mINFO [0m:      Start `flwr-clientapp` process
[92mINFO [0m:      [flwr-clientapp] Pull `ClientAppInputs` for token e25f...1942
[92mINFO [0m:      Received successfully
/home/cihat/Downloads/flower-distributed_article1/flower-distributed/flwr-env/lib/python3.11/site-packages/torchvision/datasets/cifar.py:83: VisibleDeprecationWarning: dtype(): align should be passed as Python or NumPy boolean but got `align=0`. Did you mean to pass a tuple to create a subarray type? (Deprecated NumPy 2.4)
  entry = pickle.load(f, encoding="latin1")
[92mINFO [0m:      [flwr-clientapp] Push `ClientAppOutputs` for token e25f...1942
[92mINFO [0m:      
[92mINFO [0m:      
[92mINFO [0m:      [RUN 833597806201327022]
[92mINFO [0m:      Sending: evaluate message (ID: b53ac81fdeb57a4ca81d25228bb530ce6c6dcc10bf6626309491834f118c7fdf)
📊 [Client] Evaluating on device: CUDA
[92mINFO [0m:      Sent successfully
[92mINFO [0m:      
[92mINFO [0m:      [RUN 833597806201327022]
[92mINFO [0m:      Receiving: train message (ID: 50c0705c7724a4365c462f25ba23054d252483a569521930cf62cb2b1f2fdc9c)
[92mINFO [0m:      Start `flwr-clientapp` process
[92mINFO [0m:      [flwr-clientapp] Pull `ClientAppInputs` for token c506...a2ff
[92mINFO [0m:      Received successfully
/home/cihat/Downloads/flower-distributed_article1/flower-distributed/flwr-env/lib/python3.11/site-packages/torchvision/datasets/cifar.py:83: VisibleDeprecationWarning: dtype(): align should be passed as Python or NumPy boolean but got `align=0`. Did you mean to pass a tuple to create a subarray type? (Deprecated NumPy 2.4)
  entry = pickle.load(f, encoding="latin1")
[92mINFO [0m:      [flwr-clientapp] Push `ClientAppOutputs` for token c506...a2ff
[92mINFO [0m:      
[92mINFO [0m:      [RUN 833597806201327022]
[92mINFO [0m:      Sending: train message (ID: 8a8e0b90ccd977cb16237eff1a33de7209f91a7432d38b727f1637637e69a986)
[92mINFO [0m:      
🚀 [Client] Training on device: CUDA
[92mINFO [0m:      Sent successfully
[92mINFO [0m:      
[92mINFO [0m:      [RUN 833597806201327022]
[92mINFO [0m:      Receiving: evaluate message (ID: 1545e77ab13451ac70cd09a997bf7c99c98e521412bee6053ca4e8637739e14c)
[92mINFO [0m:      Start `flwr-clientapp` process
[92mINFO [0m:      [flwr-clientapp] Pull `ClientAppInputs` for token 0028...65a3
[92mINFO [0m:      Received successfully
/home/cihat/Downloads/flower-distributed_article1/flower-distributed/flwr-env/lib/python3.11/site-packages/torchvision/datasets/cifar.py:83: VisibleDeprecationWarning: dtype(): align should be passed as Python or NumPy boolean but got `align=0`. Did you mean to pass a tuple to create a subarray type? (Deprecated NumPy 2.4)
  entry = pickle.load(f, encoding="latin1")
[92mINFO [0m:      [flwr-clientapp] Push `ClientAppOutputs` for token 0028...65a3
[92mINFO [0m:      
📊 [Client] Evaluating on device: CUDA
[92mINFO [0m:      
[92mINFO [0m:      [RUN 833597806201327022]
[92mINFO [0m:      Sending: evaluate message (ID: fcc1ed17838929be3a18caa559dfa7742bfd7c7c4d7629f625887d21d21fb383)
[92mINFO [0m:      Sent successfully
[92mINFO [0m:      
[92mINFO [0m:      [RUN 833597806201327022]
[92mINFO [0m:      Receiving: train message (ID: 2639bc78d9c6049aed70031873c4462d956e71cc193dc04e852f0d55454a6314)
[92mINFO [0m:      Start `flwr-clientapp` process
[92mINFO [0m:      [flwr-clientapp] Pull `ClientAppInputs` for token 202d...6b0a
[92mINFO [0m:      Received successfully
/home/cihat/Downloads/flower-distributed_article1/flower-distributed/flwr-env/lib/python3.11/site-packages/torchvision/datasets/cifar.py:83: VisibleDeprecationWarning: dtype(): align should be passed as Python or NumPy boolean but got `align=0`. Did you mean to pass a tuple to create a subarray type? (Deprecated NumPy 2.4)
  entry = pickle.load(f, encoding="latin1")
[92mINFO [0m:      [flwr-clientapp] Push `ClientAppOutputs` for token 202d...6b0a
[92mINFO [0m:      
[92mINFO [0m:      [RUN 833597806201327022]
[92mINFO [0m:      Sending: train message (ID: a3b7516608344789399cec638388e257c04a5c35a7dfb2e4bd153ee1b8924cbe)
[92mINFO [0m:      
🚀 [Client] Training on device: CUDA
[92mINFO [0m:      Sent successfully
[92mINFO [0m:      
[92mINFO [0m:      [RUN 833597806201327022]
[92mINFO [0m:      Receiving: evaluate message (ID: d6a4fb5c7fae735d4205169112bbb5a2a285b63b14caff600ef85a6541adc672)
[92mINFO [0m:      Start `flwr-clientapp` process
[92mINFO [0m:      [flwr-clientapp] Pull `ClientAppInputs` for token d1ed...21fb
[92mINFO [0m:      Received successfully
/home/cihat/Downloads/flower-distributed_article1/flower-distributed/flwr-env/lib/python3.11/site-packages/torchvision/datasets/cifar.py:83: VisibleDeprecationWarning: dtype(): align should be passed as Python or NumPy boolean but got `align=0`. Did you mean to pass a tuple to create a subarray type? (Deprecated NumPy 2.4)
  entry = pickle.load(f, encoding="latin1")
[92mINFO [0m:      [flwr-clientapp] Push `ClientAppOutputs` for token d1ed...21fb
[92mINFO [0m:      
📊 [Client] Evaluating on device: CUDA
[92mINFO [0m:      
[92mINFO [0m:      [RUN 833597806201327022]
[92mINFO [0m:      Sending: evaluate message (ID: 18b64a8029eec080d4caf464605342b6683c5ee70a8a2498e390566e05ab4272)
[92mINFO [0m:      Sent successfully
[92mINFO [0m:      
[92mINFO [0m:      [RUN 833597806201327022]
[92mINFO [0m:      Receiving: train message (ID: 02be8097c6d7c7f8551c0ffbb1b2e0a39fc6308f9605366e4e9995f1ded82750)
[92mINFO [0m:      Start `flwr-clientapp` process
[92mINFO [0m:      [flwr-clientapp] Pull `ClientAppInputs` for token 862c...5ee5
[92mINFO [0m:      Received successfully
/home/cihat/Downloads/flower-distributed_article1/flower-distributed/flwr-env/lib/python3.11/site-packages/torchvision/datasets/cifar.py:83: VisibleDeprecationWarning: dtype(): align should be passed as Python or NumPy boolean but got `align=0`. Did you mean to pass a tuple to create a subarray type? (Deprecated NumPy 2.4)
  entry = pickle.load(f, encoding="latin1")
[92mINFO [0m:      [flwr-clientapp] Push `ClientAppOutputs` for token 862c...5ee5
[92mINFO [0m:      
🚀 [Client] Training on device: CUDA
[92mINFO [0m:      
[92mINFO [0m:      [RUN 833597806201327022]
[92mINFO [0m:      Sending: train message (ID: f57e8a77b4eaae6132b02e0f614da058a414ed48cfd37dee17d098c4c91e973d)
[92mINFO [0m:      Sent successfully
[92mINFO [0m:      
[92mINFO [0m:      [RUN 833597806201327022]
[92mINFO [0m:      Receiving: evaluate message (ID: bed9594a851bce9212dc7cb5891295cae2a71f7840e3d0c52b3d0e106aa43260)
[92mINFO [0m:      Start `flwr-clientapp` process
[92mINFO [0m:      [flwr-clientapp] Pull `ClientAppInputs` for token c639...3616
[92mINFO [0m:      Received successfully
/home/cihat/Downloads/flower-distributed_article1/flower-distributed/flwr-env/lib/python3.11/site-packages/torchvision/datasets/cifar.py:83: VisibleDeprecationWarning: dtype(): align should be passed as Python or NumPy boolean but got `align=0`. Did you mean to pass a tuple to create a subarray type? (Deprecated NumPy 2.4)
  entry = pickle.load(f, encoding="latin1")
[92mINFO [0m:      [flwr-clientapp] Push `ClientAppOutputs` for token c639...3616
[92mINFO [0m:      
📊 [Client] Evaluating on device: CUDA
[92mINFO [0m:      
[92mINFO [0m:      [RUN 833597806201327022]
[92mINFO [0m:      Sending: evaluate message (ID: 024b3ca04decf60cb70f2bdeab4d252040fc27a8e1d5bb2d54d75b15b09a7c26)
[92mINFO [0m:      Sent successfully
[92mINFO [0m:      
[92mINFO [0m:      [RUN 833597806201327022]
[92mINFO [0m:      Receiving: train message (ID: ec074b0af39e860c71970a1784e26de51c016a654adeb714f68dfdb6144f7794)
[92mINFO [0m:      Start `flwr-clientapp` process
[92mINFO [0m:      [flwr-clientapp] Pull `ClientAppInputs` for token d508...5179
[92mINFO [0m:      Received successfully
/home/cihat/Downloads/flower-distributed_article1/flower-distributed/flwr-env/lib/python3.11/site-packages/torchvision/datasets/cifar.py:83: VisibleDeprecationWarning: dtype(): align should be passed as Python or NumPy boolean but got `align=0`. Did you mean to pass a tuple to create a subarray type? (Deprecated NumPy 2.4)
  entry = pickle.load(f, encoding="latin1")
[92mINFO [0m:      [flwr-clientapp] Push `ClientAppOutputs` for token d508...5179
[92mINFO [0m:      
[92mINFO [0m:      
[92mINFO [0m:      [RUN 833597806201327022]
[92mINFO [0m:      Sending: train message (ID: eefba0445668d5dc13414b557e356cc8f68351079a31025a6d1a8199922c1de0)
🚀 [Client] Training on device: CUDA
[92mINFO [0m:      Sent successfully
[92mINFO [0m:      
[92mINFO [0m:      [RUN 833597806201327022]
[92mINFO [0m:      Receiving: evaluate message (ID: bb913f989f6a9bc7f3d2d0d6b94b40a0ef7673fe10e001ebdc77024fbc3b87cc)
[92mINFO [0m:      Start `flwr-clientapp` process
[92mINFO [0m:      [flwr-clientapp] Pull `ClientAppInputs` for token f383...23cd
[92mINFO [0m:      Received successfully
/home/cihat/Downloads/flower-distributed_article1/flower-distributed/flwr-env/lib/python3.11/site-packages/torchvision/datasets/cifar.py:83: VisibleDeprecationWarning: dtype(): align should be passed as Python or NumPy boolean but got `align=0`. Did you mean to pass a tuple to create a subarray type? (Deprecated NumPy 2.4)
  entry = pickle.load(f, encoding="latin1")
[92mINFO [0m:      [flwr-clientapp] Push `ClientAppOutputs` for token f383...23cd
[92mINFO [0m:      
📊 [Client] Evaluating on device: CUDA
[92mINFO [0m:      
[92mINFO [0m:      [RUN 833597806201327022]
[92mINFO [0m:      Sending: evaluate message (ID: c13c9378e58cf5eb5b785d127e47ff96f2fdcefd26f8c773f093a10dac45a293)
[92mINFO [0m:      Sent successfully
[92mINFO [0m:      
[92mINFO [0m:      [RUN 833597806201327022]
[92mINFO [0m:      Receiving: train message (ID: b8cd24822abbac6ff60dca33d3e4d4f329a7d7ef68c17d328c76729ac91df68f)
[92mINFO [0m:      Start `flwr-clientapp` process
[92mINFO [0m:      [flwr-clientapp] Pull `ClientAppInputs` for token 7ac3...b215
[92mINFO [0m:      Received successfully
/home/cihat/Downloads/flower-distributed_article1/flower-distributed/flwr-env/lib/python3.11/site-packages/torchvision/datasets/cifar.py:83: VisibleDeprecationWarning: dtype(): align should be passed as Python or NumPy boolean but got `align=0`. Did you mean to pass a tuple to create a subarray type? (Deprecated NumPy 2.4)
  entry = pickle.load(f, encoding="latin1")
[92mINFO [0m:      [flwr-clientapp] Push `ClientAppOutputs` for token 7ac3...b215
[92mINFO [0m:      
🚀 [Client] Training on device: CUDA
[92mINFO [0m:      
[92mINFO [0m:      [RUN 833597806201327022]
[92mINFO [0m:      Sending: train message (ID: c5335549fa9504bad5fbe63df9a8412f65b612191fb9df52673b153a802db820)
[92mINFO [0m:      Sent successfully
[92mINFO [0m:      
[92mINFO [0m:      [RUN 833597806201327022]
[92mINFO [0m:      Receiving: evaluate message (ID: 4e45511aa6d9d856c09790d02ccb8d0e8a8555d02242bec6704be5fc16f20397)
[92mINFO [0m:      Start `flwr-clientapp` process
[92mINFO [0m:      [flwr-clientapp] Pull `ClientAppInputs` for token b466...6346
[92mINFO [0m:      Received successfully
/home/cihat/Downloads/flower-distributed_article1/flower-distributed/flwr-env/lib/python3.11/site-packages/torchvision/datasets/cifar.py:83: VisibleDeprecationWarning: dtype(): align should be passed as Python or NumPy boolean but got `align=0`. Did you mean to pass a tuple to create a subarray type? (Deprecated NumPy 2.4)
  entry = pickle.load(f, encoding="latin1")
[92mINFO [0m:      [flwr-clientapp] Push `ClientAppOutputs` for token b466...6346
[92mINFO [0m:      
📊 [Client] Evaluating on device: CUDA
[92mINFO [0m:      
[92mINFO [0m:      [RUN 833597806201327022]
[92mINFO [0m:      Sending: evaluate message (ID: 4b14aca38eaffcfb2139115f7305d8f66b1c55b0b53a80f6754c415dd4309bd8)
[92mINFO [0m:      Sent successfully
[92mINFO [0m:      
[92mINFO [0m:      [RUN 833597806201327022]
[92mINFO [0m:      Receiving: train message (ID: 3d5a8b585bdb9f79a09a68e3f0e5033ee0cdca131dfc382a2690800738ffab5b)
[92mINFO [0m:      Start `flwr-clientapp` process
[92mINFO [0m:      [flwr-clientapp] Pull `ClientAppInputs` for token b97d...4d58
[92mINFO [0m:      Received successfully
/home/cihat/Downloads/flower-distributed_article1/flower-distributed/flwr-env/lib/python3.11/site-packages/torchvision/datasets/cifar.py:83: VisibleDeprecationWarning: dtype(): align should be passed as Python or NumPy boolean but got `align=0`. Did you mean to pass a tuple to create a subarray type? (Deprecated NumPy 2.4)
  entry = pickle.load(f, encoding="latin1")
[92mINFO [0m:      [flwr-clientapp] Push `ClientAppOutputs` for token b97d...4d58
[92mINFO [0m:      
[92mINFO [0m:      [RUN 833597806201327022]
[92mINFO [0m:      Sending: train message (ID: f2545064432368215e58266905cf9fbd9ee5c7cf05d4d6457425bdcf7c23b06f)
[92mINFO [0m:      
🚀 [Client] Training on device: CUDA
[92mINFO [0m:      Sent successfully
[92mINFO [0m:      
[92mINFO [0m:      [RUN 833597806201327022]
[92mINFO [0m:      Receiving: evaluate message (ID: c5b53747b36bab9de15fe5f2767bd04ced5251e8c776fa6ed744bdd0c73ae143)
[92mINFO [0m:      Start `flwr-clientapp` process
[92mINFO [0m:      [flwr-clientapp] Pull `ClientAppInputs` for token 748e...af8e
[92mINFO [0m:      Received successfully
/home/cihat/Downloads/flower-distributed_article1/flower-distributed/flwr-env/lib/python3.11/site-packages/torchvision/datasets/cifar.py:83: VisibleDeprecationWarning: dtype(): align should be passed as Python or NumPy boolean but got `align=0`. Did you mean to pass a tuple to create a subarray type? (Deprecated NumPy 2.4)
  entry = pickle.load(f, encoding="latin1")
[92mINFO [0m:      [flwr-clientapp] Push `ClientAppOutputs` for token 748e...af8e
[92mINFO [0m:      
📊 [Client] Evaluating on device: CUDA
[92mINFO [0m:      
[92mINFO [0m:      [RUN 833597806201327022]
[92mINFO [0m:      Sending: evaluate message (ID: a2e9487c728b271ac6bcdb19bef143b797648f8712c835c45002f6ea16f39a49)
[92mINFO [0m:      Sent successfully
[92mINFO [0m:      
[92mINFO [0m:      [RUN 833597806201327022]
[92mINFO [0m:      Receiving: train message (ID: af6f5dc5369184d5b82860fc338c0dad5eeb164ec4d7c9362a80359a0632e929)
[92mINFO [0m:      Start `flwr-clientapp` process
[92mINFO [0m:      [flwr-clientapp] Pull `ClientAppInputs` for token cc1a...e959
[92mINFO [0m:      Received successfully
/home/cihat/Downloads/flower-distributed_article1/flower-distributed/flwr-env/lib/python3.11/site-packages/torchvision/datasets/cifar.py:83: VisibleDeprecationWarning: dtype(): align should be passed as Python or NumPy boolean but got `align=0`. Did you mean to pass a tuple to create a subarray type? (Deprecated NumPy 2.4)
  entry = pickle.load(f, encoding="latin1")
[92mINFO [0m:      [flwr-clientapp] Push `ClientAppOutputs` for token cc1a...e959
[92mINFO [0m:      
[92mINFO [0m:      [RUN 833597806201327022]
[92mINFO [0m:      Sending: train message (ID: 9821e1b67f23db57b8b637879391352dcc10ee95f6f1942a5c71b89302f85556)
[92mINFO [0m:      
🚀 [Client] Training on device: CUDA
[92mINFO [0m:      Sent successfully
[92mINFO [0m:      
[92mINFO [0m:      [RUN 833597806201327022]
[92mINFO [0m:      Receiving: evaluate message (ID: 8455b8979403b1b8d61fc7a4dbe4032e0a4de198afe1f43d97074e89cbaf3d48)
[92mINFO [0m:      Start `flwr-clientapp` process
[92mINFO [0m:      [flwr-clientapp] Pull `ClientAppInputs` for token 0421...dd05
[92mINFO [0m:      Received successfully
/home/cihat/Downloads/flower-distributed_article1/flower-distributed/flwr-env/lib/python3.11/site-packages/torchvision/datasets/cifar.py:83: VisibleDeprecationWarning: dtype(): align should be passed as Python or NumPy boolean but got `align=0`. Did you mean to pass a tuple to create a subarray type? (Deprecated NumPy 2.4)
  entry = pickle.load(f, encoding="latin1")
[92mINFO [0m:      [flwr-clientapp] Push `ClientAppOutputs` for token 0421...dd05
[92mINFO [0m:      
[92mINFO [0m:      
[92mINFO [0m:      [RUN 833597806201327022]
[92mINFO [0m:      Sending: evaluate message (ID: 934a731cf8336058e0de1f44eaccc8e8f6d590af9016052a6a2c23becc0fb2b5)
📊 [Client] Evaluating on device: CUDA
[92mINFO [0m:      Sent successfully
[92mINFO [0m:      
[92mINFO [0m:      [RUN 833597806201327022]
[92mINFO [0m:      Receiving: train message (ID: 6b1467891be76500e82e8422f87ae9f0f89712e021808837ca431633fd6f3b5f)
[92mINFO [0m:      Start `flwr-clientapp` process
[92mINFO [0m:      [flwr-clientapp] Pull `ClientAppInputs` for token 011a...d055
[92mINFO [0m:      Received successfully
/home/cihat/Downloads/flower-distributed_article1/flower-distributed/flwr-env/lib/python3.11/site-packages/torchvision/datasets/cifar.py:83: VisibleDeprecationWarning: dtype(): align should be passed as Python or NumPy boolean but got `align=0`. Did you mean to pass a tuple to create a subarray type? (Deprecated NumPy 2.4)
  entry = pickle.load(f, encoding="latin1")
[92mINFO [0m:      [flwr-clientapp] Push `ClientAppOutputs` for token 011a...d055
[92mINFO [0m:      
🚀 [Client] Training on device: CUDA
[92mINFO [0m:      
[92mINFO [0m:      [RUN 833597806201327022]
[92mINFO [0m:      Sending: train message (ID: 92a5568e38687789f9fa78d1825d4bed9a286019bf2b4f3882f77b3b821b3eec)
[92mINFO [0m:      Sent successfully
[92mINFO [0m:      
[92mINFO [0m:      [RUN 833597806201327022]
[92mINFO [0m:      Receiving: evaluate message (ID: 4e62b8b4c506f74f29bef149b126daae1c37f6b925c41f91b27f5728c13ca092)
[92mINFO [0m:      Start `flwr-clientapp` process
[92mINFO [0m:      [flwr-clientapp] Pull `ClientAppInputs` for token 63d1...aeed
[92mINFO [0m:      Received successfully
/home/cihat/Downloads/flower-distributed_article1/flower-distributed/flwr-env/lib/python3.11/site-packages/torchvision/datasets/cifar.py:83: VisibleDeprecationWarning: dtype(): align should be passed as Python or NumPy boolean but got `align=0`. Did you mean to pass a tuple to create a subarray type? (Deprecated NumPy 2.4)
  entry = pickle.load(f, encoding="latin1")
[92mINFO [0m:      [flwr-clientapp] Push `ClientAppOutputs` for token 63d1...aeed
[92mINFO [0m:      
📊 [Client] Evaluating on device: CUDA
[92mINFO [0m:      
[92mINFO [0m:      [RUN 833597806201327022]
[92mINFO [0m:      Sending: evaluate message (ID: d34521c71478564b47c063a190812d700fd19f3ecfa9ba46cea14b99fd629c8e)
[92mINFO [0m:      Sent successfully
[92mINFO [0m:      
[92mINFO [0m:      [RUN 833597806201327022]
[92mINFO [0m:      Receiving: train message (ID: eccad375e76cd480aacc85fbca714d975a52cdbad27849764571315423b36566)
[92mINFO [0m:      Start `flwr-clientapp` process
[92mINFO [0m:      [flwr-clientapp] Pull `ClientAppInputs` for token 682f...12ea
[92mINFO [0m:      Received successfully
/home/cihat/Downloads/flower-distributed_article1/flower-distributed/flwr-env/lib/python3.11/site-packages/torchvision/datasets/cifar.py:83: VisibleDeprecationWarning: dtype(): align should be passed as Python or NumPy boolean but got `align=0`. Did you mean to pass a tuple to create a subarray type? (Deprecated NumPy 2.4)
  entry = pickle.load(f, encoding="latin1")
[92mINFO [0m:      [flwr-clientapp] Push `ClientAppOutputs` for token 682f...12ea
[92mINFO [0m:      
🚀 [Client] Training on device: CUDA
[92mINFO [0m:      
[92mINFO [0m:      [RUN 833597806201327022]
[92mINFO [0m:      Sending: train message (ID: ad7e4b05990a831366024ea57ddf7849ad9be41b3286045c539b8899f61019cf)
[92mINFO [0m:      Sent successfully
[92mINFO [0m:      
[92mINFO [0m:      [RUN 833597806201327022]
[92mINFO [0m:      Receiving: evaluate message (ID: f350c571bb1d6c974f32aaf4a28fcfb6c3d6e3da0cf0723e7e3df2fa1fae4a19)
[92mINFO [0m:      Start `flwr-clientapp` process
[92mINFO [0m:      [flwr-clientapp] Pull `ClientAppInputs` for token d820...55a0
[92mINFO [0m:      Received successfully
/home/cihat/Downloads/flower-distributed_article1/flower-distributed/flwr-env/lib/python3.11/site-packages/torchvision/datasets/cifar.py:83: VisibleDeprecationWarning: dtype(): align should be passed as Python or NumPy boolean but got `align=0`. Did you mean to pass a tuple to create a subarray type? (Deprecated NumPy 2.4)
  entry = pickle.load(f, encoding="latin1")
[92mINFO [0m:      [flwr-clientapp] Push `ClientAppOutputs` for token d820...55a0
[92mINFO [0m:      
[92mINFO [0m:      
[92mINFO [0m:      [RUN 833597806201327022]
[92mINFO [0m:      Sending: evaluate message (ID: 0308fe158f5ec10079a13e4ba89c3b4e9b538d0c006ee1fb6e60aa82951a726b)
📊 [Client] Evaluating on device: CUDA
[92mINFO [0m:      Sent successfully
[92mINFO [0m:      
[92mINFO [0m:      [RUN 833597806201327022]
[92mINFO [0m:      Receiving: train message (ID: 4205d050e09e9668f2d7d1a93ba60a586fe92302c35732923865a8a6ef39762f)
[92mINFO [0m:      Start `flwr-clientapp` process
[92mINFO [0m:      [flwr-clientapp] Pull `ClientAppInputs` for token 2567...c3fc
[92mINFO [0m:      Received successfully
/home/cihat/Downloads/flower-distributed_article1/flower-distributed/flwr-env/lib/python3.11/site-packages/torchvision/datasets/cifar.py:83: VisibleDeprecationWarning: dtype(): align should be passed as Python or NumPy boolean but got `align=0`. Did you mean to pass a tuple to create a subarray type? (Deprecated NumPy 2.4)
  entry = pickle.load(f, encoding="latin1")
[92mINFO [0m:      [flwr-clientapp] Push `ClientAppOutputs` for token 2567...c3fc
[92mINFO [0m:      
[92mINFO [0m:      [RUN 833597806201327022]
[92mINFO [0m:      Sending: train message (ID: 855fb57dfe9118f8131eb424a1196a63c5470899dfae2e84fc99cedc055f9d1f)
[92mINFO [0m:      
🚀 [Client] Training on device: CUDA
[92mINFO [0m:      Sent successfully
[92mINFO [0m:      
[92mINFO [0m:      [RUN 833597806201327022]
[92mINFO [0m:      Receiving: evaluate message (ID: d0b0ad5f8cd2f23c6180a365e4c676bc80d6cc4ab6647880d326d9bd7196dc0c)
[92mINFO [0m:      Start `flwr-clientapp` process
[92mINFO [0m:      [flwr-clientapp] Pull `ClientAppInputs` for token b2c1...d47d
[92mINFO [0m:      Received successfully
/home/cihat/Downloads/flower-distributed_article1/flower-distributed/flwr-env/lib/python3.11/site-packages/torchvision/datasets/cifar.py:83: VisibleDeprecationWarning: dtype(): align should be passed as Python or NumPy boolean but got `align=0`. Did you mean to pass a tuple to create a subarray type? (Deprecated NumPy 2.4)
  entry = pickle.load(f, encoding="latin1")
[92mINFO [0m:      [flwr-clientapp] Push `ClientAppOutputs` for token b2c1...d47d
[92mINFO [0m:      
📊 [Client] Evaluating on device: CUDA
[92mINFO [0m:      
[92mINFO [0m:      [RUN 833597806201327022]
[92mINFO [0m:      Sending: evaluate message (ID: 6afcad002e97901dfbd67dcef8b0e787c0ecc7675494922396004ea6eddf1e69)
[92mINFO [0m:      Sent successfully
[92mINFO [0m:      
[92mINFO [0m:      [RUN 833597806201327022]
[92mINFO [0m:      Receiving: train message (ID: 31e3e1fd871fdc5572bda598a2ea16b9cfcd34b17fe04e3ddbf880dc7c0fa143)
[92mINFO [0m:      Start `flwr-clientapp` process
[92mINFO [0m:      [flwr-clientapp] Pull `ClientAppInputs` for token defa...5d19
[92mINFO [0m:      Received successfully
/home/cihat/Downloads/flower-distributed_article1/flower-distributed/flwr-env/lib/python3.11/site-packages/torchvision/datasets/cifar.py:83: VisibleDeprecationWarning: dtype(): align should be passed as Python or NumPy boolean but got `align=0`. Did you mean to pass a tuple to create a subarray type? (Deprecated NumPy 2.4)
  entry = pickle.load(f, encoding="latin1")
[92mINFO [0m:      [flwr-clientapp] Push `ClientAppOutputs` for token defa...5d19
[92mINFO [0m:      
[92mINFO [0m:      
[92mINFO [0m:      [RUN 833597806201327022]
[92mINFO [0m:      Sending: train message (ID: eb61a76209d8a80fa06ff5c05a76e6de86b2a8a7278874b516553b5e6d975ca8)
🚀 [Client] Training on device: CUDA
[92mINFO [0m:      Sent successfully
[92mINFO [0m:      
[92mINFO [0m:      [RUN 833597806201327022]
[92mINFO [0m:      Receiving: evaluate message (ID: e5e80902cbeeff9d3dfc37607b60c94fc4f27f3437f9dc3ad35728a514e658f5)
[92mINFO [0m:      Start `flwr-clientapp` process
[92mINFO [0m:      [flwr-clientapp] Pull `ClientAppInputs` for token 8c84...fd88
[92mINFO [0m:      Received successfully
/home/cihat/Downloads/flower-distributed_article1/flower-distributed/flwr-env/lib/python3.11/site-packages/torchvision/datasets/cifar.py:83: VisibleDeprecationWarning: dtype(): align should be passed as Python or NumPy boolean but got `align=0`. Did you mean to pass a tuple to create a subarray type? (Deprecated NumPy 2.4)
  entry = pickle.load(f, encoding="latin1")
[92mINFO [0m:      [flwr-clientapp] Push `ClientAppOutputs` for token 8c84...fd88
[92mINFO [0m:      
📊 [Client] Evaluating on device: CUDA
[92mINFO [0m:      
[92mINFO [0m:      [RUN 833597806201327022]
[92mINFO [0m:      Sending: evaluate message (ID: f3a7083c7b35e4e61e86838beb100264a5fff2e302e79db427251e5c18810b05)
[92mINFO [0m:      Sent successfully
[92mINFO [0m:      
[92mINFO [0m:      [RUN 833597806201327022]
[92mINFO [0m:      Receiving: train message (ID: 8649d47db60e58d4cb3501a4b9e9787d6a03c1cacafff870b121d2ea65497560)
[92mINFO [0m:      Start `flwr-clientapp` process
[92mINFO [0m:      [flwr-clientapp] Pull `ClientAppInputs` for token 6bd1...a954
[92mINFO [0m:      Received successfully
/home/cihat/Downloads/flower-distributed_article1/flower-distributed/flwr-env/lib/python3.11/site-packages/torchvision/datasets/cifar.py:83: VisibleDeprecationWarning: dtype(): align should be passed as Python or NumPy boolean but got `align=0`. Did you mean to pass a tuple to create a subarray type? (Deprecated NumPy 2.4)
  entry = pickle.load(f, encoding="latin1")
[92mINFO [0m:      [flwr-clientapp] Push `ClientAppOutputs` for token 6bd1...a954
[92mINFO [0m:      
[92mINFO [0m:      [RUN 833597806201327022]
[92mINFO [0m:      Sending: train message (ID: fcf40d858c7746d8a6e3c1eff615b6af85b623abe583c7deca841689c1a98aa5)
[92mINFO [0m:      
🚀 [Client] Training on device: CUDA
[92mINFO [0m:      Sent successfully
[92mINFO [0m:      
[92mINFO [0m:      [RUN 833597806201327022]
[92mINFO [0m:      Receiving: evaluate message (ID: 90657fa62bbef108e184b2f497ba1ad2e22698352747129e51d344e9b4001af1)
[92mINFO [0m:      Start `flwr-clientapp` process
[92mINFO [0m:      [flwr-clientapp] Pull `ClientAppInputs` for token c98e...1a9f
[92mINFO [0m:      Received successfully
/home/cihat/Downloads/flower-distributed_article1/flower-distributed/flwr-env/lib/python3.11/site-packages/torchvision/datasets/cifar.py:83: VisibleDeprecationWarning: dtype(): align should be passed as Python or NumPy boolean but got `align=0`. Did you mean to pass a tuple to create a subarray type? (Deprecated NumPy 2.4)
  entry = pickle.load(f, encoding="latin1")
[92mINFO [0m:      [flwr-clientapp] Push `ClientAppOutputs` for token c98e...1a9f
[92mINFO [0m:      
📊 [Client] Evaluating on device: CUDA
[92mINFO [0m:      
[92mINFO [0m:      [RUN 833597806201327022]
[92mINFO [0m:      Sending: evaluate message (ID: f5717f1f63b8941367a15ee46b6af4840896855e8c312cc667c80c3ab608b6db)
[92mINFO [0m:      Sent successfully
