[92mINFO [0m:      Starting Flower SuperNode
[93mWARNING [0m:   Option `--insecure` was set. Starting insecure HTTP channel to 10.0.0.1:9092.
[92mINFO [0m:      Flower Deployment Runtime: Starting ClientAppIo API on 0.0.0.0:9094
[92mINFO [0m:      SuperNode ID: 2246291715262353973
[92mINFO [0m:      Starting Flower SuperExec
[92mINFO [0m:      
[92mINFO [0m:      [RUN 833597806201327022]
[92mINFO [0m:      Receiving: train message (ID: 9d828b92ef54611f5106a30eb3ede1f9cb5b6925764d770e31ff926f59f3ea74)
[92mINFO [0m:      Start `flwr-clientapp` process
[92mINFO [0m:      [flwr-clientapp] Pull `ClientAppInputs` for token 5741...c290
[92mINFO [0m:      Received successfully
/home/cihat/Downloads/flower-distributed_article1/flower-distributed/flwr-env/lib/python3.11/site-packages/torchvision/datasets/cifar.py:83: VisibleDeprecationWarning: dtype(): align should be passed as Python or NumPy boolean but got `align=0`. Did you mean to pass a tuple to create a subarray type? (Deprecated NumPy 2.4)
  entry = pickle.load(f, encoding="latin1")
[92mINFO [0m:      [flwr-clientapp] Push `ClientAppOutputs` for token 5741...c290
[92mINFO [0m:      
🚀 [Client] Training on device: CUDA
[92mINFO [0m:      
[92mINFO [0m:      [RUN 833597806201327022]
[92mINFO [0m:      Sending: train message (ID: 85adb3528142b3023433292f216e5fd7c7f53ed7c2927a6a030c46d8fe1004df)
[92mINFO [0m:      Sent successfully
[92mINFO [0m:      
[92mINFO [0m:      [RUN 833597806201327022]
[92mINFO [0m:      Receiving: evaluate message (ID: c94ae85d8afa716d21eeb02d447d5b43ef4e54dfd6b1ea271597d6521e0767e4)
[92mINFO [0m:      Start `flwr-clientapp` process
[92mINFO [0m:      [flwr-clientapp] Pull `ClientAppInputs` for token 8893...8ae7
[92mINFO [0m:      Received successfully
/home/cihat/Downloads/flower-distributed_article1/flower-distributed/flwr-env/lib/python3.11/site-packages/torchvision/datasets/cifar.py:83: VisibleDeprecationWarning: dtype(): align should be passed as Python or NumPy boolean but got `align=0`. Did you mean to pass a tuple to create a subarray type? (Deprecated NumPy 2.4)
  entry = pickle.load(f, encoding="latin1")
[92mINFO [0m:      [flwr-clientapp] Push `ClientAppOutputs` for token 8893...8ae7
[92mINFO [0m:      
[92mINFO [0m:      
[92mINFO [0m:      [RUN 833597806201327022]
[92mINFO [0m:      Sending: evaluate message (ID: 3365a8fd385bbfca47fc8941657336eba11d5336abf74568b3b5002e5555a257)
📊 [Client] Evaluating on device: CUDA
[92mINFO [0m:      Sent successfully
[92mINFO [0m:      
[92mINFO [0m:      [RUN 833597806201327022]
[92mINFO [0m:      Receiving: train message (ID: 4bf333893df18e45b426cde690be0dbeba220520770f81ef0d5310f5ae5f1d6b)
[92mINFO [0m:      Start `flwr-clientapp` process
[92mINFO [0m:      [flwr-clientapp] Pull `ClientAppInputs` for token d277...c276
[92mINFO [0m:      Received successfully
/home/cihat/Downloads/flower-distributed_article1/flower-distributed/flwr-env/lib/python3.11/site-packages/torchvision/datasets/cifar.py:83: VisibleDeprecationWarning: dtype(): align should be passed as Python or NumPy boolean but got `align=0`. Did you mean to pass a tuple to create a subarray type? (Deprecated NumPy 2.4)
  entry = pickle.load(f, encoding="latin1")
[92mINFO [0m:      [flwr-clientapp] Push `ClientAppOutputs` for token d277...c276
[92mINFO [0m:      
🚀 [Client] Training on device: CUDA
[92mINFO [0m:      
[92mINFO [0m:      [RUN 833597806201327022]
[92mINFO [0m:      Sending: train message (ID: b382fa0f089f902753bf715217cb1f47ddd826ad63bb62bc1ab5794a89f753f7)
[92mINFO [0m:      Sent successfully
[92mINFO [0m:      
[92mINFO [0m:      [RUN 833597806201327022]
[92mINFO [0m:      Receiving: evaluate message (ID: 4e8c85c6d6b8d7f63570be99672b50327c24cd068bda58f6a57e7d03ad70a171)
[92mINFO [0m:      Start `flwr-clientapp` process
[92mINFO [0m:      [flwr-clientapp] Pull `ClientAppInputs` for token 7c8d...8690
[92mINFO [0m:      Received successfully
/home/cihat/Downloads/flower-distributed_article1/flower-distributed/flwr-env/lib/python3.11/site-packages/torchvision/datasets/cifar.py:83: VisibleDeprecationWarning: dtype(): align should be passed as Python or NumPy boolean but got `align=0`. Did you mean to pass a tuple to create a subarray type? (Deprecated NumPy 2.4)
  entry = pickle.load(f, encoding="latin1")
[92mINFO [0m:      [flwr-clientapp] Push `ClientAppOutputs` for token 7c8d...8690
[92mINFO [0m:      
[92mINFO [0m:      [RUN 833597806201327022]
[92mINFO [0m:      Sending: evaluate message (ID: 15243ec1e01343fe324560471f4c7474f8f0ff0f86917d361224e18ac0aef478)
[92mINFO [0m:      
📊 [Client] Evaluating on device: CUDA
[92mINFO [0m:      Sent successfully
[92mINFO [0m:      
[92mINFO [0m:      [RUN 833597806201327022]
[92mINFO [0m:      Receiving: train message (ID: 4d33c4d5c77828c0351ef1b83da74981b8df19ef3b50aaa5376ee32e2c44bf42)
[92mINFO [0m:      Start `flwr-clientapp` process
[92mINFO [0m:      [flwr-clientapp] Pull `ClientAppInputs` for token 4732...6bf1
[92mINFO [0m:      Received successfully
/home/cihat/Downloads/flower-distributed_article1/flower-distributed/flwr-env/lib/python3.11/site-packages/torchvision/datasets/cifar.py:83: VisibleDeprecationWarning: dtype(): align should be passed as Python or NumPy boolean but got `align=0`. Did you mean to pass a tuple to create a subarray type? (Deprecated NumPy 2.4)
  entry = pickle.load(f, encoding="latin1")
[92mINFO [0m:      [flwr-clientapp] Push `ClientAppOutputs` for token 4732...6bf1
[92mINFO [0m:      
🚀 [Client] Training on device: CUDA
[92mINFO [0m:      
[92mINFO [0m:      [RUN 833597806201327022]
[92mINFO [0m:      Sending: train message (ID: 6ad1d82235ac06f5fa150b52270d02c061013a5d32a4f00ef733016ff1dbf21f)
[92mINFO [0m:      Sent successfully
[92mINFO [0m:      
[92mINFO [0m:      [RUN 833597806201327022]
[92mINFO [0m:      Receiving: evaluate message (ID: b4a7454e3b69b5f4c8bce92f3e1aadfb0a73a4e706655078f41e1c10c6ecf6c1)
[92mINFO [0m:      Start `flwr-clientapp` process
[92mINFO [0m:      [flwr-clientapp] Pull `ClientAppInputs` for token 7632...d5dc
[92mINFO [0m:      Received successfully
/home/cihat/Downloads/flower-distributed_article1/flower-distributed/flwr-env/lib/python3.11/site-packages/torchvision/datasets/cifar.py:83: VisibleDeprecationWarning: dtype(): align should be passed as Python or NumPy boolean but got `align=0`. Did you mean to pass a tuple to create a subarray type? (Deprecated NumPy 2.4)
  entry = pickle.load(f, encoding="latin1")
[92mINFO [0m:      [flwr-clientapp] Push `ClientAppOutputs` for token 7632...d5dc
[92mINFO [0m:      
📊 [Client] Evaluating on device: CUDA
[92mINFO [0m:      
[92mINFO [0m:      [RUN 833597806201327022]
[92mINFO [0m:      Sending: evaluate message (ID: 5b96993ebab8c38ad5a8aa586fc94e72164594ef098618a9b7d3a5001a05ed32)
[92mINFO [0m:      Sent successfully
[92mINFO [0m:      
[92mINFO [0m:      [RUN 833597806201327022]
[92mINFO [0m:      Receiving: train message (ID: b59e67b2f5ec47c278199e13e2a377e829ca7c827f1dc3bb4824ec3aab599c3f)
[92mINFO [0m:      Start `flwr-clientapp` process
[92mINFO [0m:      [flwr-clientapp] Pull `ClientAppInputs` for token c520...609b
[92mINFO [0m:      Received successfully
/home/cihat/Downloads/flower-distributed_article1/flower-distributed/flwr-env/lib/python3.11/site-packages/torchvision/datasets/cifar.py:83: VisibleDeprecationWarning: dtype(): align should be passed as Python or NumPy boolean but got `align=0`. Did you mean to pass a tuple to create a subarray type? (Deprecated NumPy 2.4)
  entry = pickle.load(f, encoding="latin1")
[92mINFO [0m:      [flwr-clientapp] Push `ClientAppOutputs` for token c520...609b
[92mINFO [0m:      
[92mINFO [0m:      
[92mINFO [0m:      [RUN 833597806201327022]
[92mINFO [0m:      Sending: train message (ID: 4858b8a7dbd015c9e621a9eb967c4d859c640c5e1805bf14df7dd05f98760850)
🚀 [Client] Training on device: CUDA
[92mINFO [0m:      Sent successfully
[92mINFO [0m:      
[92mINFO [0m:      [RUN 833597806201327022]
[92mINFO [0m:      Receiving: evaluate message (ID: da1cf57278517501792811d0ae6ce5b7289b09e85b8623704560c44640ca9e42)
[92mINFO [0m:      Start `flwr-clientapp` process
[92mINFO [0m:      [flwr-clientapp] Pull `ClientAppInputs` for token 0efa...1fe7
[92mINFO [0m:      Received successfully
/home/cihat/Downloads/flower-distributed_article1/flower-distributed/flwr-env/lib/python3.11/site-packages/torchvision/datasets/cifar.py:83: VisibleDeprecationWarning: dtype(): align should be passed as Python or NumPy boolean but got `align=0`. Did you mean to pass a tuple to create a subarray type? (Deprecated NumPy 2.4)
  entry = pickle.load(f, encoding="latin1")
[92mINFO [0m:      [flwr-clientapp] Push `ClientAppOutputs` for token 0efa...1fe7
[92mINFO [0m:      
📊 [Client] Evaluating on device: CUDA
[92mINFO [0m:      
[92mINFO [0m:      [RUN 833597806201327022]
[92mINFO [0m:      Sending: evaluate message (ID: db1d547f3a87794665e61ae8477168f4df004a0266c8ea4b217fc3cc4438504d)
[92mINFO [0m:      Sent successfully
[92mINFO [0m:      
[92mINFO [0m:      [RUN 833597806201327022]
[92mINFO [0m:      Receiving: train message (ID: 46a4679e52f25c58e6d6aeee699ed0d559ee4e520bb4c7f2e8c048942fe392fe)
[92mINFO [0m:      Start `flwr-clientapp` process
[92mINFO [0m:      [flwr-clientapp] Pull `ClientAppInputs` for token 087c...247a
[92mINFO [0m:      Received successfully
/home/cihat/Downloads/flower-distributed_article1/flower-distributed/flwr-env/lib/python3.11/site-packages/torchvision/datasets/cifar.py:83: VisibleDeprecationWarning: dtype(): align should be passed as Python or NumPy boolean but got `align=0`. Did you mean to pass a tuple to create a subarray type? (Deprecated NumPy 2.4)
  entry = pickle.load(f, encoding="latin1")
[92mINFO [0m:      [flwr-clientapp] Push `ClientAppOutputs` for token 087c...247a
[92mINFO [0m:      
🚀 [Client] Training on device: CUDA
[92mINFO [0m:      
[92mINFO [0m:      [RUN 833597806201327022]
[92mINFO [0m:      Sending: train message (ID: 2b330799fbd8f9617b00ea091eb27eefc654112fe09f79e3949c09534f01dff5)
[92mINFO [0m:      Sent successfully
[92mINFO [0m:      
[92mINFO [0m:      [RUN 833597806201327022]
[92mINFO [0m:      Receiving: evaluate message (ID: 5164a4a83e25fd7817ca3cd571c77887bcebac80b12a552b88017a4ef3a18690)
[92mINFO [0m:      Start `flwr-clientapp` process
[92mINFO [0m:      [flwr-clientapp] Pull `ClientAppInputs` for token 674c...e113
[92mINFO [0m:      Received successfully
/home/cihat/Downloads/flower-distributed_article1/flower-distributed/flwr-env/lib/python3.11/site-packages/torchvision/datasets/cifar.py:83: VisibleDeprecationWarning: dtype(): align should be passed as Python or NumPy boolean but got `align=0`. Did you mean to pass a tuple to create a subarray type? (Deprecated NumPy 2.4)
  entry = pickle.load(f, encoding="latin1")
[92mINFO [0m:      [flwr-clientapp] Push `ClientAppOutputs` for token 674c...e113
[92mINFO [0m:      
📊 [Client] Evaluating on device: CUDA
[92mINFO [0m:      
[92mINFO [0m:      [RUN 833597806201327022]
[92mINFO [0m:      Sending: evaluate message (ID: 603d38cd3699dfbe83daa2981c5eb5a2637b3157b570fa9875ace31a044193f3)
[92mINFO [0m:      Sent successfully
[92mINFO [0m:      
[92mINFO [0m:      [RUN 833597806201327022]
[92mINFO [0m:      Receiving: train message (ID: c5d32180d75a5c02d5a0ba11d90d2433a4a2f55636bbb6e56506cc448112c2ce)
[92mINFO [0m:      Start `flwr-clientapp` process
[92mINFO [0m:      [flwr-clientapp] Pull `ClientAppInputs` for token 7542...8716
[92mINFO [0m:      Received successfully
/home/cihat/Downloads/flower-distributed_article1/flower-distributed/flwr-env/lib/python3.11/site-packages/torchvision/datasets/cifar.py:83: VisibleDeprecationWarning: dtype(): align should be passed as Python or NumPy boolean but got `align=0`. Did you mean to pass a tuple to create a subarray type? (Deprecated NumPy 2.4)
  entry = pickle.load(f, encoding="latin1")
[92mINFO [0m:      [flwr-clientapp] Push `ClientAppOutputs` for token 7542...8716
[92mINFO [0m:      
🚀 [Client] Training on device: CUDA
[92mINFO [0m:      
[92mINFO [0m:      [RUN 833597806201327022]
[92mINFO [0m:      Sending: train message (ID: a9d0836c31d283ba8e6d51293d093085ed11eb0a1e3c857ab14d8ffb4cbe634b)
[92mINFO [0m:      Sent successfully
[92mINFO [0m:      
[92mINFO [0m:      [RUN 833597806201327022]
[92mINFO [0m:      Receiving: evaluate message (ID: ae4de3761546ba878a8d6145a0a4c49105c3e30585639064ee272fcb33cddbc2)
[92mINFO [0m:      Start `flwr-clientapp` process
[92mINFO [0m:      [flwr-clientapp] Pull `ClientAppInputs` for token 6ffc...1811
[92mINFO [0m:      Received successfully
/home/cihat/Downloads/flower-distributed_article1/flower-distributed/flwr-env/lib/python3.11/site-packages/torchvision/datasets/cifar.py:83: VisibleDeprecationWarning: dtype(): align should be passed as Python or NumPy boolean but got `align=0`. Did you mean to pass a tuple to create a subarray type? (Deprecated NumPy 2.4)
  entry = pickle.load(f, encoding="latin1")
[92mINFO [0m:      [flwr-clientapp] Push `ClientAppOutputs` for token 6ffc...1811
[92mINFO [0m:      
📊 [Client] Evaluating on device: CUDA
[92mINFO [0m:      
[92mINFO [0m:      [RUN 833597806201327022]
[92mINFO [0m:      Sending: evaluate message (ID: ce691781d70052baa6251657db5685da380370c29c3a1517170f0ed865bcbdc2)
[92mINFO [0m:      Sent successfully
[92mINFO [0m:      
[92mINFO [0m:      [RUN 833597806201327022]
[92mINFO [0m:      Receiving: train message (ID: 4c05924fdeed98de119e4ea9e53e430100a339f9911b463133f35c6808cb0cc5)
[92mINFO [0m:      Start `flwr-clientapp` process
[92mINFO [0m:      [flwr-clientapp] Pull `ClientAppInputs` for token d1b4...1456
[92mINFO [0m:      Received successfully
/home/cihat/Downloads/flower-distributed_article1/flower-distributed/flwr-env/lib/python3.11/site-packages/torchvision/datasets/cifar.py:83: VisibleDeprecationWarning: dtype(): align should be passed as Python or NumPy boolean but got `align=0`. Did you mean to pass a tuple to create a subarray type? (Deprecated NumPy 2.4)
  entry = pickle.load(f, encoding="latin1")
[92mINFO [0m:      [flwr-clientapp] Push `ClientAppOutputs` for token d1b4...1456
[92mINFO [0m:      
🚀 [Client] Training on device: CUDA
[92mINFO [0m:      
[92mINFO [0m:      [RUN 833597806201327022]
[92mINFO [0m:      Sending: train message (ID: faba7e004402243a67c739b9e82d9ee7d9638f85d114af0f5daca8f43fa2623c)
[92mINFO [0m:      Sent successfully
[92mINFO [0m:      
[92mINFO [0m:      [RUN 833597806201327022]
[92mINFO [0m:      Receiving: evaluate message (ID: 5274b3f9fc1897b66064b96a77c32c9aa0ed3955a51e87104685553227c321fe)
[92mINFO [0m:      Start `flwr-clientapp` process
[92mINFO [0m:      [flwr-clientapp] Pull `ClientAppInputs` for token ef21...c205
[92mINFO [0m:      Received successfully
/home/cihat/Downloads/flower-distributed_article1/flower-distributed/flwr-env/lib/python3.11/site-packages/torchvision/datasets/cifar.py:83: VisibleDeprecationWarning: dtype(): align should be passed as Python or NumPy boolean but got `align=0`. Did you mean to pass a tuple to create a subarray type? (Deprecated NumPy 2.4)
  entry = pickle.load(f, encoding="latin1")
[92mINFO [0m:      [flwr-clientapp] Push `ClientAppOutputs` for token ef21...c205
[92mINFO [0m:      
📊 [Client] Evaluating on device: CUDA
[92mINFO [0m:      
[92mINFO [0m:      [RUN 833597806201327022]
[92mINFO [0m:      Sending: evaluate message (ID: 86197d66ae28165c9bb57ef69488ac51bb1432e8b213100f57443cfccd838e07)
[92mINFO [0m:      Sent successfully
[92mINFO [0m:      
[92mINFO [0m:      [RUN 833597806201327022]
[92mINFO [0m:      Receiving: train message (ID: 599f988ca0b7506d34904502b1f52fcbfcaa7a8a4633ef58aa1630cb6587dd7f)
[92mINFO [0m:      Start `flwr-clientapp` process
[92mINFO [0m:      [flwr-clientapp] Pull `ClientAppInputs` for token 52d2...9ac6
[92mINFO [0m:      Received successfully
/home/cihat/Downloads/flower-distributed_article1/flower-distributed/flwr-env/lib/python3.11/site-packages/torchvision/datasets/cifar.py:83: VisibleDeprecationWarning: dtype(): align should be passed as Python or NumPy boolean but got `align=0`. Did you mean to pass a tuple to create a subarray type? (Deprecated NumPy 2.4)
  entry = pickle.load(f, encoding="latin1")
[92mINFO [0m:      [flwr-clientapp] Push `ClientAppOutputs` for token 52d2...9ac6
[92mINFO [0m:      
🚀 [Client] Training on device: CUDA
[92mINFO [0m:      
[92mINFO [0m:      [RUN 833597806201327022]
[92mINFO [0m:      Sending: train message (ID: 2b805ffbc9f1de46a06707fcc41443f5922fac43443b83a983ce2a2e75afeaa0)
[92mINFO [0m:      Sent successfully
[92mINFO [0m:      
[92mINFO [0m:      [RUN 833597806201327022]
[92mINFO [0m:      Receiving: evaluate message (ID: b1cf926ac335a5575bcb1f6ca082db254fc28d2da1dc6e12bc390cab7f1b0219)
[92mINFO [0m:      Start `flwr-clientapp` process
[92mINFO [0m:      [flwr-clientapp] Pull `ClientAppInputs` for token 8f56...1463
[92mINFO [0m:      Received successfully
/home/cihat/Downloads/flower-distributed_article1/flower-distributed/flwr-env/lib/python3.11/site-packages/torchvision/datasets/cifar.py:83: VisibleDeprecationWarning: dtype(): align should be passed as Python or NumPy boolean but got `align=0`. Did you mean to pass a tuple to create a subarray type? (Deprecated NumPy 2.4)
  entry = pickle.load(f, encoding="latin1")
[92mINFO [0m:      [flwr-clientapp] Push `ClientAppOutputs` for token 8f56...1463
[92mINFO [0m:      
📊 [Client] Evaluating on device: CUDA
[92mINFO [0m:      
[92mINFO [0m:      [RUN 833597806201327022]
[92mINFO [0m:      Sending: evaluate message (ID: 4659f9c1c604efd08709cd79982420c1f986b084682549b27398e713b08388f5)
[92mINFO [0m:      Sent successfully
[92mINFO [0m:      
[92mINFO [0m:      [RUN 833597806201327022]
[92mINFO [0m:      Receiving: train message (ID: 33a398f3e910ca139c78828104f2f77b720eb18598368a7cefc4e669ba2715ec)
[92mINFO [0m:      Start `flwr-clientapp` process
[92mINFO [0m:      [flwr-clientapp] Pull `ClientAppInputs` for token 8b27...b843
[92mINFO [0m:      Received successfully
/home/cihat/Downloads/flower-distributed_article1/flower-distributed/flwr-env/lib/python3.11/site-packages/torchvision/datasets/cifar.py:83: VisibleDeprecationWarning: dtype(): align should be passed as Python or NumPy boolean but got `align=0`. Did you mean to pass a tuple to create a subarray type? (Deprecated NumPy 2.4)
  entry = pickle.load(f, encoding="latin1")
[92mINFO [0m:      [flwr-clientapp] Push `ClientAppOutputs` for token 8b27...b843
[92mINFO [0m:      
🚀 [Client] Training on device: CUDA
[92mINFO [0m:      
[92mINFO [0m:      [RUN 833597806201327022]
[92mINFO [0m:      Sending: train message (ID: 4a872a29252bbb7c9dabc5e99fb292e784a424739c38a987e93eaedbb75eb030)
[92mINFO [0m:      Sent successfully
[92mINFO [0m:      
[92mINFO [0m:      [RUN 833597806201327022]
[92mINFO [0m:      Receiving: evaluate message (ID: 6e7eb34d72a083ec397693a929c588e1133beaa380ce2df25b1d213910df8b9e)
[92mINFO [0m:      Start `flwr-clientapp` process
[92mINFO [0m:      [flwr-clientapp] Pull `ClientAppInputs` for token 589a...2ba3
[92mINFO [0m:      Received successfully
/home/cihat/Downloads/flower-distributed_article1/flower-distributed/flwr-env/lib/python3.11/site-packages/torchvision/datasets/cifar.py:83: VisibleDeprecationWarning: dtype(): align should be passed as Python or NumPy boolean but got `align=0`. Did you mean to pass a tuple to create a subarray type? (Deprecated NumPy 2.4)
  entry = pickle.load(f, encoding="latin1")
[92mINFO [0m:      [flwr-clientapp] Push `ClientAppOutputs` for token 589a...2ba3
[92mINFO [0m:      
📊 [Client] Evaluating on device: CUDA
[92mINFO [0m:      
[92mINFO [0m:      [RUN 833597806201327022]
[92mINFO [0m:      Sending: evaluate message (ID: 54ddb2188c475901c9d00c5d95414197f285fd6cb4fdb30f794d36fde1baf4f5)
[92mINFO [0m:      Sent successfully
[92mINFO [0m:      
[92mINFO [0m:      [RUN 833597806201327022]
[92mINFO [0m:      Receiving: train message (ID: 55efc466d27b916fd4cc2bcee5c1cd08165c1b67da5d58fc0c5ad7cddf932fdb)
[92mINFO [0m:      Start `flwr-clientapp` process
[92mINFO [0m:      [flwr-clientapp] Pull `ClientAppInputs` for token 6ca5...042c
[92mINFO [0m:      Received successfully
/home/cihat/Downloads/flower-distributed_article1/flower-distributed/flwr-env/lib/python3.11/site-packages/torchvision/datasets/cifar.py:83: VisibleDeprecationWarning: dtype(): align should be passed as Python or NumPy boolean but got `align=0`. Did you mean to pass a tuple to create a subarray type? (Deprecated NumPy 2.4)
  entry = pickle.load(f, encoding="latin1")
[92mINFO [0m:      [flwr-clientapp] Push `ClientAppOutputs` for token 6ca5...042c
[92mINFO [0m:      
🚀 [Client] Training on device: CUDA
[92mINFO [0m:      
[92mINFO [0m:      [RUN 833597806201327022]
[92mINFO [0m:      Sending: train message (ID: fe59c2ed0c3f39d8214b90997b6c5ad3193eda32fa71eacd7767f5985a53e61c)
[92mINFO [0m:      Sent successfully
[92mINFO [0m:      
[92mINFO [0m:      [RUN 833597806201327022]
[92mINFO [0m:      Receiving: evaluate message (ID: 99ec58f0ce024f5504ab88070e66cc76dc3fcd82a7c69d793f571264c287f809)
[92mINFO [0m:      Start `flwr-clientapp` process
[92mINFO [0m:      [flwr-clientapp] Pull `ClientAppInputs` for token 8a5e...d93c
[92mINFO [0m:      Received successfully
/home/cihat/Downloads/flower-distributed_article1/flower-distributed/flwr-env/lib/python3.11/site-packages/torchvision/datasets/cifar.py:83: VisibleDeprecationWarning: dtype(): align should be passed as Python or NumPy boolean but got `align=0`. Did you mean to pass a tuple to create a subarray type? (Deprecated NumPy 2.4)
  entry = pickle.load(f, encoding="latin1")
[92mINFO [0m:      [flwr-clientapp] Push `ClientAppOutputs` for token 8a5e...d93c
[92mINFO [0m:      
📊 [Client] Evaluating on device: CUDA
[92mINFO [0m:      
[92mINFO [0m:      [RUN 833597806201327022]
[92mINFO [0m:      Sending: evaluate message (ID: 427029b07502811d8ab0c67707a10a25e1b8f4f4282545af82d92659b256f7db)
[92mINFO [0m:      Sent successfully
[92mINFO [0m:      
[92mINFO [0m:      [RUN 833597806201327022]
[92mINFO [0m:      Receiving: train message (ID: b07ffe703e9072269ce503472d7fc041573a0082576e80e680cfdb3487946200)
[92mINFO [0m:      Start `flwr-clientapp` process
[92mINFO [0m:      [flwr-clientapp] Pull `ClientAppInputs` for token 3efc...af14
[92mINFO [0m:      Received successfully
/home/cihat/Downloads/flower-distributed_article1/flower-distributed/flwr-env/lib/python3.11/site-packages/torchvision/datasets/cifar.py:83: VisibleDeprecationWarning: dtype(): align should be passed as Python or NumPy boolean but got `align=0`. Did you mean to pass a tuple to create a subarray type? (Deprecated NumPy 2.4)
  entry = pickle.load(f, encoding="latin1")
[92mINFO [0m:      [flwr-clientapp] Push `ClientAppOutputs` for token 3efc...af14
[92mINFO [0m:      
🚀 [Client] Training on device: CUDA
[92mINFO [0m:      
[92mINFO [0m:      [RUN 833597806201327022]
[92mINFO [0m:      Sending: train message (ID: e36647195c76e504d026d3b7f4269ef952c73b2cfc8ccb70f5627928d74ed26e)
[92mINFO [0m:      Sent successfully
[92mINFO [0m:      
[92mINFO [0m:      [RUN 833597806201327022]
[92mINFO [0m:      Receiving: evaluate message (ID: a6ca91a33996bdaffe0e2e0c99bfc3d92092579516588f01293b97d8cbc5b2f9)
[92mINFO [0m:      Start `flwr-clientapp` process
[92mINFO [0m:      [flwr-clientapp] Pull `ClientAppInputs` for token 1d6d...aa7b
[92mINFO [0m:      Received successfully
/home/cihat/Downloads/flower-distributed_article1/flower-distributed/flwr-env/lib/python3.11/site-packages/torchvision/datasets/cifar.py:83: VisibleDeprecationWarning: dtype(): align should be passed as Python or NumPy boolean but got `align=0`. Did you mean to pass a tuple to create a subarray type? (Deprecated NumPy 2.4)
  entry = pickle.load(f, encoding="latin1")
[92mINFO [0m:      [flwr-clientapp] Push `ClientAppOutputs` for token 1d6d...aa7b
[92mINFO [0m:      
[92mINFO [0m:      
[92mINFO [0m:      [RUN 833597806201327022]
[92mINFO [0m:      Sending: evaluate message (ID: c66a16cb04372cb690d6aa8b1e30bc8b80cb576675fc6ea5a964a5aaf8ff0b3c)
📊 [Client] Evaluating on device: CUDA
[92mINFO [0m:      Sent successfully
[92mINFO [0m:      
[92mINFO [0m:      [RUN 833597806201327022]
[92mINFO [0m:      Receiving: train message (ID: de9529fabf42fc73a5894a47413de296494a68ff9f23a11c25fe3179a05f5d6c)
[92mINFO [0m:      Start `flwr-clientapp` process
[92mINFO [0m:      [flwr-clientapp] Pull `ClientAppInputs` for token 6c84...01a2
[92mINFO [0m:      Received successfully
/home/cihat/Downloads/flower-distributed_article1/flower-distributed/flwr-env/lib/python3.11/site-packages/torchvision/datasets/cifar.py:83: VisibleDeprecationWarning: dtype(): align should be passed as Python or NumPy boolean but got `align=0`. Did you mean to pass a tuple to create a subarray type? (Deprecated NumPy 2.4)
  entry = pickle.load(f, encoding="latin1")
[92mINFO [0m:      [flwr-clientapp] Push `ClientAppOutputs` for token 6c84...01a2
[92mINFO [0m:      
[92mINFO [0m:      [RUN 833597806201327022]
[92mINFO [0m:      Sending: train message (ID: 230e3522412834ff6c3ba590135c4a67d86b1986d2f7484db5d0df444295e3fa)
[92mINFO [0m:      
🚀 [Client] Training on device: CUDA
[92mINFO [0m:      Sent successfully
[92mINFO [0m:      
[92mINFO [0m:      [RUN 833597806201327022]
[92mINFO [0m:      Receiving: evaluate message (ID: 8dccf5a87a0f4de78c089e78edb52a075ea655fce431246036d496b9c7722cf1)
[92mINFO [0m:      Start `flwr-clientapp` process
[92mINFO [0m:      [flwr-clientapp] Pull `ClientAppInputs` for token 7c14...e609
[92mINFO [0m:      Received successfully
/home/cihat/Downloads/flower-distributed_article1/flower-distributed/flwr-env/lib/python3.11/site-packages/torchvision/datasets/cifar.py:83: VisibleDeprecationWarning: dtype(): align should be passed as Python or NumPy boolean but got `align=0`. Did you mean to pass a tuple to create a subarray type? (Deprecated NumPy 2.4)
  entry = pickle.load(f, encoding="latin1")
[92mINFO [0m:      [flwr-clientapp] Push `ClientAppOutputs` for token 7c14...e609
[92mINFO [0m:      
📊 [Client] Evaluating on device: CUDA
[92mINFO [0m:      
[92mINFO [0m:      [RUN 833597806201327022]
[92mINFO [0m:      Sending: evaluate message (ID: e54441565230d3ca82b15c66aa3120f61caea3c2ab2c9373094d219dce446669)
[92mINFO [0m:      Sent successfully
[92mINFO [0m:      
[92mINFO [0m:      [RUN 833597806201327022]
[92mINFO [0m:      Receiving: train message (ID: 7b4fa5fd75df8db1d9818dbb7ba77bf957ad94f9b45f74618499d4fe3c6e5ddc)
[92mINFO [0m:      Start `flwr-clientapp` process
[92mINFO [0m:      [flwr-clientapp] Pull `ClientAppInputs` for token 76f4...e9fd
[92mINFO [0m:      Received successfully
/home/cihat/Downloads/flower-distributed_article1/flower-distributed/flwr-env/lib/python3.11/site-packages/torchvision/datasets/cifar.py:83: VisibleDeprecationWarning: dtype(): align should be passed as Python or NumPy boolean but got `align=0`. Did you mean to pass a tuple to create a subarray type? (Deprecated NumPy 2.4)
  entry = pickle.load(f, encoding="latin1")
[92mINFO [0m:      [flwr-clientapp] Push `ClientAppOutputs` for token 76f4...e9fd
[92mINFO [0m:      
🚀 [Client] Training on device: CUDA
[92mINFO [0m:      
[92mINFO [0m:      [RUN 833597806201327022]
[92mINFO [0m:      Sending: train message (ID: 2887cf21025474e4f3e6281a22662fc499706feb5859c293d1f342a4d0e558cd)
[92mINFO [0m:      Sent successfully
[92mINFO [0m:      
[92mINFO [0m:      [RUN 833597806201327022]
[92mINFO [0m:      Receiving: evaluate message (ID: af8c951c96aa8ff8ba8075dc55e16bc15ed2daab02ab5d339db46b558e9d5544)
[92mINFO [0m:      Start `flwr-clientapp` process
[92mINFO [0m:      [flwr-clientapp] Pull `ClientAppInputs` for token ce26...2eb7
[92mINFO [0m:      Received successfully
/home/cihat/Downloads/flower-distributed_article1/flower-distributed/flwr-env/lib/python3.11/site-packages/torchvision/datasets/cifar.py:83: VisibleDeprecationWarning: dtype(): align should be passed as Python or NumPy boolean but got `align=0`. Did you mean to pass a tuple to create a subarray type? (Deprecated NumPy 2.4)
  entry = pickle.load(f, encoding="latin1")
[92mINFO [0m:      [flwr-clientapp] Push `ClientAppOutputs` for token ce26...2eb7
[92mINFO [0m:      
📊 [Client] Evaluating on device: CUDA
[92mINFO [0m:      
[92mINFO [0m:      [RUN 833597806201327022]
[92mINFO [0m:      Sending: evaluate message (ID: a69008dac0e284cb5a5749571d97f34676a5911ca88603a2da3184f2853e4583)
[92mINFO [0m:      Sent successfully
[92mINFO [0m:      
[92mINFO [0m:      [RUN 833597806201327022]
[92mINFO [0m:      Receiving: train message (ID: ae6fe35cbc0cbeedcd5b44d2961cc4b46ea44d290c1fc7e7850c6ec8678ea691)
[92mINFO [0m:      Start `flwr-clientapp` process
[92mINFO [0m:      [flwr-clientapp] Pull `ClientAppInputs` for token 0afd...92ab
[92mINFO [0m:      Received successfully
/home/cihat/Downloads/flower-distributed_article1/flower-distributed/flwr-env/lib/python3.11/site-packages/torchvision/datasets/cifar.py:83: VisibleDeprecationWarning: dtype(): align should be passed as Python or NumPy boolean but got `align=0`. Did you mean to pass a tuple to create a subarray type? (Deprecated NumPy 2.4)
  entry = pickle.load(f, encoding="latin1")
[92mINFO [0m:      [flwr-clientapp] Push `ClientAppOutputs` for token 0afd...92ab
[92mINFO [0m:      
🚀 [Client] Training on device: CUDA
[92mINFO [0m:      
[92mINFO [0m:      [RUN 833597806201327022]
[92mINFO [0m:      Sending: train message (ID: 4e7c416866132a227351ac58930f90124d8ebdc45dcbc3facaa854905ed0e397)
[92mINFO [0m:      Sent successfully
[92mINFO [0m:      
[92mINFO [0m:      [RUN 833597806201327022]
[92mINFO [0m:      Receiving: evaluate message (ID: 5c767f4a98851dd59a55095959813622e67d04f4dba002e2fb320eddc7309b38)
[92mINFO [0m:      Start `flwr-clientapp` process
[92mINFO [0m:      [flwr-clientapp] Pull `ClientAppInputs` for token d3fc...0bf2
[92mINFO [0m:      Received successfully
/home/cihat/Downloads/flower-distributed_article1/flower-distributed/flwr-env/lib/python3.11/site-packages/torchvision/datasets/cifar.py:83: VisibleDeprecationWarning: dtype(): align should be passed as Python or NumPy boolean but got `align=0`. Did you mean to pass a tuple to create a subarray type? (Deprecated NumPy 2.4)
  entry = pickle.load(f, encoding="latin1")
[92mINFO [0m:      [flwr-clientapp] Push `ClientAppOutputs` for token d3fc...0bf2
[92mINFO [0m:      
[92mINFO [0m:      
[92mINFO [0m:      [RUN 833597806201327022]
[92mINFO [0m:      Sending: evaluate message (ID: b8e38942010a0aa4a805fa0edaa0f8f7150f58d75a20b120e6bd42498be06dc6)
📊 [Client] Evaluating on device: CUDA
[92mINFO [0m:      Sent successfully
[92mINFO [0m:      
[92mINFO [0m:      [RUN 833597806201327022]
[92mINFO [0m:      Receiving: train message (ID: c67f16ae90d73a5dea2ede8eb81629064650ef0130d8c3eb5de4fbaa485174da)
[92mINFO [0m:      Start `flwr-clientapp` process
[92mINFO [0m:      [flwr-clientapp] Pull `ClientAppInputs` for token e98c...b38f
[92mINFO [0m:      Received successfully
/home/cihat/Downloads/flower-distributed_article1/flower-distributed/flwr-env/lib/python3.11/site-packages/torchvision/datasets/cifar.py:83: VisibleDeprecationWarning: dtype(): align should be passed as Python or NumPy boolean but got `align=0`. Did you mean to pass a tuple to create a subarray type? (Deprecated NumPy 2.4)
  entry = pickle.load(f, encoding="latin1")
[92mINFO [0m:      [flwr-clientapp] Push `ClientAppOutputs` for token e98c...b38f
[92mINFO [0m:      
🚀 [Client] Training on device: CUDA
[92mINFO [0m:      
[92mINFO [0m:      [RUN 833597806201327022]
[92mINFO [0m:      Sending: train message (ID: f9b467b221a618bab6191ef24da5122b70ca47b9c41abe3ed613c0ac5e97ca67)
[92mINFO [0m:      Sent successfully
[92mINFO [0m:      
[92mINFO [0m:      [RUN 833597806201327022]
[92mINFO [0m:      Receiving: evaluate message (ID: 5d912eac2b5aa5afd2134faf7ce3b0588dcc1fe3a81769b0327d26ae2693afa1)
[92mINFO [0m:      Start `flwr-clientapp` process
[92mINFO [0m:      [flwr-clientapp] Pull `ClientAppInputs` for token 4457...e9e2
[92mINFO [0m:      Received successfully
/home/cihat/Downloads/flower-distributed_article1/flower-distributed/flwr-env/lib/python3.11/site-packages/torchvision/datasets/cifar.py:83: VisibleDeprecationWarning: dtype(): align should be passed as Python or NumPy boolean but got `align=0`. Did you mean to pass a tuple to create a subarray type? (Deprecated NumPy 2.4)
  entry = pickle.load(f, encoding="latin1")
[92mINFO [0m:      [flwr-clientapp] Push `ClientAppOutputs` for token 4457...e9e2
[92mINFO [0m:      
[92mINFO [0m:      [RUN 833597806201327022]
[92mINFO [0m:      Sending: evaluate message (ID: e18500e4edddfa087e4d0fda8ba2659296d07ff3e7232575ae3d551557267ecd)
[92mINFO [0m:      
📊 [Client] Evaluating on device: CUDA
[92mINFO [0m:      Sent successfully
[92mINFO [0m:      
[92mINFO [0m:      [RUN 833597806201327022]
[92mINFO [0m:      Receiving: train message (ID: 0ebc051276d6f3db98845ac5515ae1bf889d6254170067283eed854bbd3c2b6e)
[92mINFO [0m:      Start `flwr-clientapp` process
[92mINFO [0m:      [flwr-clientapp] Pull `ClientAppInputs` for token 3d8c...8f13
[92mINFO [0m:      Received successfully
/home/cihat/Downloads/flower-distributed_article1/flower-distributed/flwr-env/lib/python3.11/site-packages/torchvision/datasets/cifar.py:83: VisibleDeprecationWarning: dtype(): align should be passed as Python or NumPy boolean but got `align=0`. Did you mean to pass a tuple to create a subarray type? (Deprecated NumPy 2.4)
  entry = pickle.load(f, encoding="latin1")
[92mINFO [0m:      [flwr-clientapp] Push `ClientAppOutputs` for token 3d8c...8f13
[92mINFO [0m:      
🚀 [Client] Training on device: CUDA
[92mINFO [0m:      
[92mINFO [0m:      [RUN 833597806201327022]
[92mINFO [0m:      Sending: train message (ID: fbdc8b388371d59d4de9ff83ad3ee9fc54529e6e9bbff9da1dd21f2e063e6868)
[92mINFO [0m:      Sent successfully
[92mINFO [0m:      
[92mINFO [0m:      [RUN 833597806201327022]
[92mINFO [0m:      Receiving: evaluate message (ID: 1b4f62de2c7e128183fd8a0c2b77fc7e5dbed3f2c88f50543cb550ad4c54e6e0)
[92mINFO [0m:      Start `flwr-clientapp` process
[92mINFO [0m:      [flwr-clientapp] Pull `ClientAppInputs` for token 82d1...f05b
[92mINFO [0m:      Received successfully
/home/cihat/Downloads/flower-distributed_article1/flower-distributed/flwr-env/lib/python3.11/site-packages/torchvision/datasets/cifar.py:83: VisibleDeprecationWarning: dtype(): align should be passed as Python or NumPy boolean but got `align=0`. Did you mean to pass a tuple to create a subarray type? (Deprecated NumPy 2.4)
  entry = pickle.load(f, encoding="latin1")
[92mINFO [0m:      [flwr-clientapp] Push `ClientAppOutputs` for token 82d1...f05b
[92mINFO [0m:      
📊 [Client] Evaluating on device: CUDA
[92mINFO [0m:      
[92mINFO [0m:      [RUN 833597806201327022]
[92mINFO [0m:      Sending: evaluate message (ID: 98edfc40063f8b2b67b7cd0db2a41269686aafaedf5eea7fc143c3fe6c707780)
[92mINFO [0m:      Sent successfully
[92mINFO [0m:      
[92mINFO [0m:      [RUN 833597806201327022]
[92mINFO [0m:      Receiving: train message (ID: 94d06b7e247bee60c95e51c486883445fe8e152a7f7222146fa3258ac393d175)
[92mINFO [0m:      Start `flwr-clientapp` process
[92mINFO [0m:      [flwr-clientapp] Pull `ClientAppInputs` for token 5bfd...6c4d
[92mINFO [0m:      Received successfully
/home/cihat/Downloads/flower-distributed_article1/flower-distributed/flwr-env/lib/python3.11/site-packages/torchvision/datasets/cifar.py:83: VisibleDeprecationWarning: dtype(): align should be passed as Python or NumPy boolean but got `align=0`. Did you mean to pass a tuple to create a subarray type? (Deprecated NumPy 2.4)
  entry = pickle.load(f, encoding="latin1")
[92mINFO [0m:      [flwr-clientapp] Push `ClientAppOutputs` for token 5bfd...6c4d
[92mINFO [0m:      
[92mINFO [0m:      [RUN 833597806201327022]
[92mINFO [0m:      Sending: train message (ID: 3d0a25f36f118601ca7d12397924e87a9450975a5b55c3c556e6d968c0345a4c)
[92mINFO [0m:      
🚀 [Client] Training on device: CUDA
[92mINFO [0m:      Sent successfully
[92mINFO [0m:      
[92mINFO [0m:      [RUN 833597806201327022]
[92mINFO [0m:      Receiving: evaluate message (ID: e4c84a2b018bf1cf9515412c12cfc6560492da3a2bc4c7873c8c20579593956f)
[92mINFO [0m:      Start `flwr-clientapp` process
[92mINFO [0m:      [flwr-clientapp] Pull `ClientAppInputs` for token e686...6296
[92mINFO [0m:      Received successfully
/home/cihat/Downloads/flower-distributed_article1/flower-distributed/flwr-env/lib/python3.11/site-packages/torchvision/datasets/cifar.py:83: VisibleDeprecationWarning: dtype(): align should be passed as Python or NumPy boolean but got `align=0`. Did you mean to pass a tuple to create a subarray type? (Deprecated NumPy 2.4)
  entry = pickle.load(f, encoding="latin1")
[92mINFO [0m:      [flwr-clientapp] Push `ClientAppOutputs` for token e686...6296
[92mINFO [0m:      
[92mINFO [0m:      
[92mINFO [0m:      [RUN 833597806201327022]
[92mINFO [0m:      Sending: evaluate message (ID: db142ef422e5b662724d3e04bb6a8f31bad162f40d2cfc11999166432854f716)
📊 [Client] Evaluating on device: CUDA
[92mINFO [0m:      Sent successfully
[92mINFO [0m:      
[92mINFO [0m:      [RUN 833597806201327022]
[92mINFO [0m:      Receiving: train message (ID: 0eaf70879127fdb54ea565c19250750e3085eee8285124223db2feea88451ef7)
[92mINFO [0m:      Start `flwr-clientapp` process
[92mINFO [0m:      [flwr-clientapp] Pull `ClientAppInputs` for token 2240...4e3e
[92mINFO [0m:      Received successfully
/home/cihat/Downloads/flower-distributed_article1/flower-distributed/flwr-env/lib/python3.11/site-packages/torchvision/datasets/cifar.py:83: VisibleDeprecationWarning: dtype(): align should be passed as Python or NumPy boolean but got `align=0`. Did you mean to pass a tuple to create a subarray type? (Deprecated NumPy 2.4)
  entry = pickle.load(f, encoding="latin1")
[92mINFO [0m:      [flwr-clientapp] Push `ClientAppOutputs` for token 2240...4e3e
[92mINFO [0m:      
🚀 [Client] Training on device: CUDA
[92mINFO [0m:      
[92mINFO [0m:      [RUN 833597806201327022]
[92mINFO [0m:      Sending: train message (ID: fab8076d9d82cb5db542ca906fdb8743c8c3d1957eea69a3ba00fdbf6323cb2d)
[92mINFO [0m:      Sent successfully
[92mINFO [0m:      
[92mINFO [0m:      [RUN 833597806201327022]
[92mINFO [0m:      Receiving: evaluate message (ID: 0fe1181190c12fa011b26ef50bfec18603e06a508c594c712c1d47d0ad6eb311)
[92mINFO [0m:      Start `flwr-clientapp` process
[92mINFO [0m:      [flwr-clientapp] Pull `ClientAppInputs` for token 078b...fb65
[92mINFO [0m:      Received successfully
/home/cihat/Downloads/flower-distributed_article1/flower-distributed/flwr-env/lib/python3.11/site-packages/torchvision/datasets/cifar.py:83: VisibleDeprecationWarning: dtype(): align should be passed as Python or NumPy boolean but got `align=0`. Did you mean to pass a tuple to create a subarray type? (Deprecated NumPy 2.4)
  entry = pickle.load(f, encoding="latin1")
[92mINFO [0m:      [flwr-clientapp] Push `ClientAppOutputs` for token 078b...fb65
[92mINFO [0m:      
📊 [Client] Evaluating on device: CUDA
[92mINFO [0m:      
[92mINFO [0m:      [RUN 833597806201327022]
[92mINFO [0m:      Sending: evaluate message (ID: 2c962a129b40c648b02e146098e631f87aa365744ac1ce6583ac12a069c29eb9)
[92mINFO [0m:      Sent successfully
[92mINFO [0m:      
[92mINFO [0m:      [RUN 833597806201327022]
[92mINFO [0m:      Receiving: train message (ID: 40ce09605871de57f033bd330a181c3a3ee9573fc5e893acf677fbe9762413dc)
[92mINFO [0m:      Start `flwr-clientapp` process
[92mINFO [0m:      [flwr-clientapp] Pull `ClientAppInputs` for token 9fa7...7394
[92mINFO [0m:      Received successfully
/home/cihat/Downloads/flower-distributed_article1/flower-distributed/flwr-env/lib/python3.11/site-packages/torchvision/datasets/cifar.py:83: VisibleDeprecationWarning: dtype(): align should be passed as Python or NumPy boolean but got `align=0`. Did you mean to pass a tuple to create a subarray type? (Deprecated NumPy 2.4)
  entry = pickle.load(f, encoding="latin1")
[92mINFO [0m:      [flwr-clientapp] Push `ClientAppOutputs` for token 9fa7...7394
[92mINFO [0m:      
[92mINFO [0m:      [RUN 833597806201327022]
[92mINFO [0m:      Sending: train message (ID: 5f18ea1657b024258d501b9eed0ee6e5b07b5bb3986d1bd753661677b191286f)
[92mINFO [0m:      
🚀 [Client] Training on device: CUDA
[92mINFO [0m:      Sent successfully
[92mINFO [0m:      
[92mINFO [0m:      [RUN 833597806201327022]
[92mINFO [0m:      Receiving: evaluate message (ID: 8afbbb2a6d696d5002aed29bce9fe877a556e3d9494833961e124da5be7b13ad)
[92mINFO [0m:      Start `flwr-clientapp` process
[92mINFO [0m:      [flwr-clientapp] Pull `ClientAppInputs` for token ffab...ff58
[92mINFO [0m:      Received successfully
/home/cihat/Downloads/flower-distributed_article1/flower-distributed/flwr-env/lib/python3.11/site-packages/torchvision/datasets/cifar.py:83: VisibleDeprecationWarning: dtype(): align should be passed as Python or NumPy boolean but got `align=0`. Did you mean to pass a tuple to create a subarray type? (Deprecated NumPy 2.4)
  entry = pickle.load(f, encoding="latin1")
[92mINFO [0m:      [flwr-clientapp] Push `ClientAppOutputs` for token ffab...ff58
[92mINFO [0m:      
[92mINFO [0m:      [RUN 833597806201327022]
[92mINFO [0m:      Sending: evaluate message (ID: a0e0ac773d37ec5674bc46532ca9adb67ce7b8d042789fc7aae8bbac542650dc)
[92mINFO [0m:      
📊 [Client] Evaluating on device: CUDA
[92mINFO [0m:      Sent successfully
[92mINFO [0m:      
[92mINFO [0m:      [RUN 833597806201327022]
[92mINFO [0m:      Receiving: train message (ID: 8535e4020839597dd7b2a1fb1deedca5294c7ff10c61850697714d3fb7d10cd3)
[92mINFO [0m:      Start `flwr-clientapp` process
[92mINFO [0m:      [flwr-clientapp] Pull `ClientAppInputs` for token 8f85...6c28
[92mINFO [0m:      Received successfully
/home/cihat/Downloads/flower-distributed_article1/flower-distributed/flwr-env/lib/python3.11/site-packages/torchvision/datasets/cifar.py:83: VisibleDeprecationWarning: dtype(): align should be passed as Python or NumPy boolean but got `align=0`. Did you mean to pass a tuple to create a subarray type? (Deprecated NumPy 2.4)
  entry = pickle.load(f, encoding="latin1")
[92mINFO [0m:      [flwr-clientapp] Push `ClientAppOutputs` for token 8f85...6c28
[92mINFO [0m:      
[92mINFO [0m:      [RUN 833597806201327022]
[92mINFO [0m:      Sending: train message (ID: 93c64e8818453be56c7cb4c43c682fc060791c68bff4f98ab53fb69783cde0c2)
[92mINFO [0m:      
🚀 [Client] Training on device: CUDA
[92mINFO [0m:      Sent successfully
[92mINFO [0m:      
[92mINFO [0m:      [RUN 833597806201327022]
[92mINFO [0m:      Receiving: evaluate message (ID: 75606b64d3541342a0ddd66711bce0dcb825e28cea966a95f1c24b5c65aa6868)
[92mINFO [0m:      Start `flwr-clientapp` process
[92mINFO [0m:      [flwr-clientapp] Pull `ClientAppInputs` for token c666...f20b
[92mINFO [0m:      Received successfully
/home/cihat/Downloads/flower-distributed_article1/flower-distributed/flwr-env/lib/python3.11/site-packages/torchvision/datasets/cifar.py:83: VisibleDeprecationWarning: dtype(): align should be passed as Python or NumPy boolean but got `align=0`. Did you mean to pass a tuple to create a subarray type? (Deprecated NumPy 2.4)
  entry = pickle.load(f, encoding="latin1")
[92mINFO [0m:      [flwr-clientapp] Push `ClientAppOutputs` for token c666...f20b
[92mINFO [0m:      
📊 [Client] Evaluating on device: CUDA
[92mINFO [0m:      
[92mINFO [0m:      [RUN 833597806201327022]
[92mINFO [0m:      Sending: evaluate message (ID: f975287c2ea98333ddc97e6459868b3ba284de59ee8d4cc571fc7a042b014e13)
[92mINFO [0m:      Sent successfully
